{"/home/darwin/Documents/Hacktiv8/Phase-3/APIMAN.io/server/app.js": {"path":"/home/darwin/Documents/Hacktiv8/Phase-3/APIMAN.io/server/app.js","statementMap":{"0":{"start":{"line":1,"column":0},"end":{"line":3,"column":1}},"1":{"start":{"line":2,"column":2},"end":{"line":2,"column":29}},"2":{"start":{"line":5,"column":16},"end":{"line":5,"column":34}},"3":{"start":{"line":6,"column":12},"end":{"line":6,"column":21}},"4":{"start":{"line":7,"column":13},"end":{"line":7,"column":37}},"5":{"start":{"line":8,"column":15},"end":{"line":8,"column":34}},"6":{"start":{"line":9,"column":13},"end":{"line":9,"column":28}},"7":{"start":{"line":11,"column":33},"end":{"line":11,"column":58}},"8":{"start":{"line":13,"column":0},"end":{"line":13,"column":16}},"9":{"start":{"line":14,"column":0},"end":{"line":14,"column":24}},"10":{"start":{"line":15,"column":0},"end":{"line":15,"column":48}},"11":{"start":{"line":17,"column":0},"end":{"line":17,"column":21}},"12":{"start":{"line":19,"column":0},"end":{"line":19,"column":21}}},"fnMap":{},"branchMap":{"0":{"loc":{"start":{"line":1,"column":0},"end":{"line":3,"column":1}},"type":"if","locations":[{"start":{"line":1,"column":0},"end":{"line":3,"column":1}},{"start":{},"end":{}}],"line":1},"1":{"loc":{"start":{"line":7,"column":13},"end":{"line":7,"column":37}},"type":"binary-expr","locations":[{"start":{"line":7,"column":13},"end":{"line":7,"column":29}},{"start":{"line":7,"column":33},"end":{"line":7,"column":37}}],"line":7}},"s":{"0":5,"1":5,"2":5,"3":5,"4":5,"5":5,"6":5,"7":5,"8":5,"9":5,"10":5,"11":5,"12":5},"f":{},"b":{"0":[5,0],"1":[5,5]},"_coverageSchema":"1a1c01bbd47fc00a2c39e90264f33305004495a9","hash":"2a890d6c3db3aefd7c38388f9f9c04f7d10e9d7a"}
,"/home/darwin/Documents/Hacktiv8/Phase-3/APIMAN.io/server/config/mongo.js": {"path":"/home/darwin/Documents/Hacktiv8/Phase-3/APIMAN.io/server/config/mongo.js","statementMap":{"0":{"start":{"line":1,"column":24},"end":{"line":1,"column":42}},"1":{"start":{"line":3,"column":12},"end":{"line":3,"column":39}},"2":{"start":{"line":5,"column":15},"end":{"line":5,"column":35}},"3":{"start":{"line":7,"column":15},"end":{"line":7,"column":23}},"4":{"start":{"line":8,"column":15},"end":{"line":8,"column":19}},"5":{"start":{"line":11,"column":2},"end":{"line":11,"column":25}},"6":{"start":{"line":12,"column":2},"end":{"line":12,"column":50}},"7":{"start":{"line":13,"column":13},"end":{"line":13,"column":30}},"8":{"start":{"line":15,"column":2},"end":{"line":15,"column":16}},"9":{"start":{"line":19,"column":2},"end":{"line":19,"column":18}},"10":{"start":{"line":22,"column":0},"end":{"line":22,"column":42}}},"fnMap":{"0":{"name":"connect","decl":{"start":{"line":10,"column":15},"end":{"line":10,"column":22}},"loc":{"start":{"line":10,"column":25},"end":{"line":16,"column":1}},"line":10},"1":{"name":"getDatabase","decl":{"start":{"line":18,"column":9},"end":{"line":18,"column":20}},"loc":{"start":{"line":18,"column":23},"end":{"line":20,"column":1}},"line":18}},"branchMap":{},"s":{"0":5,"1":5,"2":5,"3":5,"4":5,"5":44,"6":44,"7":44,"8":44,"9":292,"10":5},"f":{"0":44,"1":292},"b":{},"_coverageSchema":"1a1c01bbd47fc00a2c39e90264f33305004495a9","hash":"2ecce356fbc0e69a186b2bb2f52a90c64f8447b2"}
,"/home/darwin/Documents/Hacktiv8/Phase-3/APIMAN.io/server/config/redis.js": {"path":"/home/darwin/Documents/Hacktiv8/Phase-3/APIMAN.io/server/config/redis.js","statementMap":{"0":{"start":{"line":1,"column":14},"end":{"line":1,"column":32}},"1":{"start":{"line":3,"column":14},"end":{"line":3,"column":25}},"2":{"start":{"line":5,"column":0},"end":{"line":5,"column":23}}},"fnMap":{},"branchMap":{},"s":{"0":5,"1":5,"2":5},"f":{},"b":{},"_coverageSchema":"1a1c01bbd47fc00a2c39e90264f33305004495a9","hash":"a9d3b9241085933929e3f05352cd4e8e3d511888"}
,"/home/darwin/Documents/Hacktiv8/Phase-3/APIMAN.io/server/controllers/collections-controller.js": {"path":"/home/darwin/Documents/Hacktiv8/Phase-3/APIMAN.io/server/controllers/collections-controller.js","statementMap":{"0":{"start":{"line":1,"column":14},"end":{"line":1,"column":40}},"1":{"start":{"line":2,"column":25},"end":{"line":2,"column":63}},"2":{"start":{"line":3,"column":23},"end":{"line":3,"column":59}},"3":{"start":{"line":7,"column":4},"end":{"line":27,"column":5}},"4":{"start":{"line":10,"column":31},"end":{"line":10,"column":61}},"5":{"start":{"line":11,"column":37},"end":{"line":11,"column":73}},"6":{"start":{"line":13,"column":6},"end":{"line":22,"column":7}},"7":{"start":{"line":14,"column":8},"end":{"line":14,"column":51}},"8":{"start":{"line":16,"column":8},"end":{"line":18,"column":10}},"9":{"start":{"line":20,"column":8},"end":{"line":20,"column":68}},"10":{"start":{"line":21,"column":8},"end":{"line":21,"column":58}},"11":{"start":{"line":24,"column":6},"end":{"line":24,"column":40}},"12":{"start":{"line":26,"column":6},"end":{"line":26,"column":16}},"13":{"start":{"line":31,"column":4},"end":{"line":49,"column":5}},"14":{"start":{"line":32,"column":23},"end":{"line":32,"column":31}},"15":{"start":{"line":34,"column":6},"end":{"line":36,"column":7}},"16":{"start":{"line":35,"column":8},"end":{"line":35,"column":46}},"17":{"start":{"line":38,"column":6},"end":{"line":38,"column":65}},"18":{"start":{"line":40,"column":28},"end":{"line":40,"column":78}},"19":{"start":{"line":42,"column":6},"end":{"line":42,"column":37}},"20":{"start":{"line":43,"column":6},"end":{"line":43,"column":43}},"21":{"start":{"line":45,"column":6},"end":{"line":45,"column":42}},"22":{"start":{"line":47,"column":6},"end":{"line":47,"column":23}},"23":{"start":{"line":48,"column":6},"end":{"line":48,"column":16}},"24":{"start":{"line":53,"column":4},"end":{"line":72,"column":5}},"25":{"start":{"line":54,"column":21},"end":{"line":54,"column":31}},"26":{"start":{"line":57,"column":35},"end":{"line":57,"column":69}},"27":{"start":{"line":58,"column":32},"end":{"line":58,"column":63}},"28":{"start":{"line":60,"column":6},"end":{"line":67,"column":7}},"29":{"start":{"line":61,"column":8},"end":{"line":61,"column":59}},"30":{"start":{"line":63,"column":8},"end":{"line":63,"column":71}},"31":{"start":{"line":65,"column":8},"end":{"line":65,"column":76}},"32":{"start":{"line":66,"column":8},"end":{"line":66,"column":44}},"33":{"start":{"line":69,"column":6},"end":{"line":69,"column":44}},"34":{"start":{"line":71,"column":6},"end":{"line":71,"column":16}},"35":{"start":{"line":76,"column":4},"end":{"line":90,"column":5}},"36":{"start":{"line":77,"column":27},"end":{"line":77,"column":35}},"37":{"start":{"line":79,"column":32},"end":{"line":82,"column":7}},"38":{"start":{"line":84,"column":6},"end":{"line":84,"column":37}},"39":{"start":{"line":85,"column":6},"end":{"line":85,"column":43}},"40":{"start":{"line":87,"column":6},"end":{"line":87,"column":46}},"41":{"start":{"line":89,"column":6},"end":{"line":89,"column":16}},"42":{"start":{"line":94,"column":4},"end":{"line":108,"column":5}},"43":{"start":{"line":95,"column":21},"end":{"line":95,"column":29}},"44":{"start":{"line":97,"column":32},"end":{"line":97,"column":79}},"45":{"start":{"line":100,"column":6},"end":{"line":100,"column":50}},"46":{"start":{"line":102,"column":6},"end":{"line":102,"column":37}},"47":{"start":{"line":103,"column":6},"end":{"line":103,"column":43}},"48":{"start":{"line":105,"column":6},"end":{"line":105,"column":46}},"49":{"start":{"line":107,"column":6},"end":{"line":107,"column":16}},"50":{"start":{"line":112,"column":0},"end":{"line":112,"column":39}}},"fnMap":{"0":{"name":"(anonymous_0)","decl":{"start":{"line":6,"column":2},"end":{"line":6,"column":3}},"loc":{"start":{"line":6,"column":49},"end":{"line":28,"column":3}},"line":6},"1":{"name":"(anonymous_1)","decl":{"start":{"line":30,"column":2},"end":{"line":30,"column":3}},"loc":{"start":{"line":30,"column":48},"end":{"line":50,"column":3}},"line":30},"2":{"name":"(anonymous_2)","decl":{"start":{"line":52,"column":2},"end":{"line":52,"column":3}},"loc":{"start":{"line":52,"column":49},"end":{"line":73,"column":3}},"line":52},"3":{"name":"(anonymous_3)","decl":{"start":{"line":75,"column":2},"end":{"line":75,"column":3}},"loc":{"start":{"line":75,"column":52},"end":{"line":91,"column":3}},"line":75},"4":{"name":"(anonymous_4)","decl":{"start":{"line":93,"column":2},"end":{"line":93,"column":3}},"loc":{"start":{"line":93,"column":52},"end":{"line":109,"column":3}},"line":93}},"branchMap":{"0":{"loc":{"start":{"line":13,"column":6},"end":{"line":22,"column":7}},"type":"if","locations":[{"start":{"line":13,"column":6},"end":{"line":22,"column":7}},{"start":{"line":15,"column":13},"end":{"line":22,"column":7}}],"line":13},"1":{"loc":{"start":{"line":13,"column":10},"end":{"line":13,"column":67}},"type":"binary-expr","locations":[{"start":{"line":13,"column":10},"end":{"line":13,"column":26}},{"start":{"line":13,"column":30},"end":{"line":13,"column":67}}],"line":13},"2":{"loc":{"start":{"line":34,"column":6},"end":{"line":36,"column":7}},"type":"if","locations":[{"start":{"line":34,"column":6},"end":{"line":36,"column":7}},{"start":{},"end":{}}],"line":34},"3":{"loc":{"start":{"line":60,"column":6},"end":{"line":67,"column":7}},"type":"if","locations":[{"start":{"line":60,"column":6},"end":{"line":67,"column":7}},{"start":{"line":62,"column":13},"end":{"line":67,"column":7}}],"line":60},"4":{"loc":{"start":{"line":60,"column":10},"end":{"line":60,"column":57}},"type":"binary-expr","locations":[{"start":{"line":60,"column":10},"end":{"line":60,"column":30}},{"start":{"line":60,"column":34},"end":{"line":60,"column":57}}],"line":60}},"s":{"0":5,"1":5,"2":5,"3":2,"4":2,"5":2,"6":2,"7":1,"8":1,"9":1,"10":1,"11":2,"12":0,"13":2,"14":2,"15":2,"16":1,"17":1,"18":1,"19":1,"20":1,"21":1,"22":1,"23":1,"24":3,"25":3,"26":3,"27":3,"28":3,"29":1,"30":2,"31":1,"32":1,"33":2,"34":1,"35":4,"36":4,"37":4,"38":1,"39":1,"40":1,"41":3,"42":1,"43":1,"44":1,"45":1,"46":1,"47":1,"48":1,"49":0,"50":5},"f":{"0":2,"1":2,"2":3,"3":4,"4":1},"b":{"0":[1,1],"1":[2,1],"2":[1,1],"3":[1,2],"4":[3,3]},"_coverageSchema":"1a1c01bbd47fc00a2c39e90264f33305004495a9","hash":"6a2b067ead3260e8fc560a2e68d14eb940a386a2"}
,"/home/darwin/Documents/Hacktiv8/Phase-3/APIMAN.io/server/controllers/histories-controller.js": {"path":"/home/darwin/Documents/Hacktiv8/Phase-3/APIMAN.io/server/controllers/histories-controller.js","statementMap":{"0":{"start":{"line":1,"column":23},"end":{"line":1,"column":59}},"1":{"start":{"line":2,"column":14},"end":{"line":2,"column":40}},"2":{"start":{"line":6,"column":4},"end":{"line":23,"column":5}},"3":{"start":{"line":8,"column":29},"end":{"line":8,"column":57}},"4":{"start":{"line":9,"column":35},"end":{"line":9,"column":69}},"5":{"start":{"line":11,"column":6},"end":{"line":18,"column":7}},"6":{"start":{"line":12,"column":8},"end":{"line":12,"column":47}},"7":{"start":{"line":14,"column":8},"end":{"line":14,"column":78}},"8":{"start":{"line":16,"column":8},"end":{"line":16,"column":64}},"9":{"start":{"line":17,"column":8},"end":{"line":17,"column":56}},"10":{"start":{"line":20,"column":6},"end":{"line":20,"column":38}},"11":{"start":{"line":22,"column":6},"end":{"line":22,"column":16}},"12":{"start":{"line":27,"column":4},"end":{"line":57,"column":5}},"13":{"start":{"line":28,"column":31},"end":{"line":28,"column":41}},"14":{"start":{"line":31,"column":39},"end":{"line":31,"column":77}},"15":{"start":{"line":32,"column":41},"end":{"line":34,"column":7}},"16":{"start":{"line":36,"column":6},"end":{"line":52,"column":7}},"17":{"start":{"line":40,"column":8},"end":{"line":40,"column":57}},"18":{"start":{"line":42,"column":8},"end":{"line":44,"column":10}},"19":{"start":{"line":46,"column":8},"end":{"line":48,"column":9}},"20":{"start":{"line":47,"column":10},"end":{"line":47,"column":28}},"21":{"start":{"line":50,"column":8},"end":{"line":50,"column":74}},"22":{"start":{"line":51,"column":8},"end":{"line":51,"column":63}},"23":{"start":{"line":54,"column":6},"end":{"line":54,"column":38}},"24":{"start":{"line":56,"column":6},"end":{"line":56,"column":16}},"25":{"start":{"line":61,"column":4},"end":{"line":84,"column":5}},"26":{"start":{"line":62,"column":21},"end":{"line":62,"column":31}},"27":{"start":{"line":65,"column":32},"end":{"line":65,"column":63}},"28":{"start":{"line":66,"column":29},"end":{"line":66,"column":57}},"29":{"start":{"line":68,"column":6},"end":{"line":79,"column":7}},"30":{"start":{"line":69,"column":8},"end":{"line":69,"column":53}},"31":{"start":{"line":71,"column":8},"end":{"line":71,"column":63}},"32":{"start":{"line":73,"column":8},"end":{"line":75,"column":9}},"33":{"start":{"line":74,"column":10},"end":{"line":74,"column":28}},"34":{"start":{"line":77,"column":8},"end":{"line":77,"column":70}},"35":{"start":{"line":78,"column":8},"end":{"line":78,"column":41}},"36":{"start":{"line":81,"column":6},"end":{"line":81,"column":41}},"37":{"start":{"line":83,"column":6},"end":{"line":83,"column":16}},"38":{"start":{"line":88,"column":4},"end":{"line":106,"column":5}},"39":{"start":{"line":89,"column":42},"end":{"line":89,"column":50}},"40":{"start":{"line":90,"column":29},"end":{"line":90,"column":57}},"41":{"start":{"line":92,"column":6},"end":{"line":94,"column":7}},"42":{"start":{"line":93,"column":8},"end":{"line":93,"column":26}},"43":{"start":{"line":96,"column":27},"end":{"line":99,"column":7}},"44":{"start":{"line":101,"column":6},"end":{"line":101,"column":35}},"45":{"start":{"line":103,"column":6},"end":{"line":103,"column":41}},"46":{"start":{"line":105,"column":6},"end":{"line":105,"column":16}},"47":{"start":{"line":110,"column":4},"end":{"line":125,"column":5}},"48":{"start":{"line":111,"column":21},"end":{"line":111,"column":31}},"49":{"start":{"line":112,"column":29},"end":{"line":112,"column":57}},"50":{"start":{"line":114,"column":29},"end":{"line":114,"column":71}},"51":{"start":{"line":116,"column":6},"end":{"line":118,"column":7}},"52":{"start":{"line":117,"column":8},"end":{"line":117,"column":26}},"53":{"start":{"line":120,"column":6},"end":{"line":120,"column":35}},"54":{"start":{"line":122,"column":6},"end":{"line":122,"column":43}},"55":{"start":{"line":124,"column":6},"end":{"line":124,"column":16}},"56":{"start":{"line":129,"column":0},"end":{"line":129,"column":37}}},"fnMap":{"0":{"name":"(anonymous_0)","decl":{"start":{"line":5,"column":2},"end":{"line":5,"column":3}},"loc":{"start":{"line":5,"column":55},"end":{"line":24,"column":3}},"line":5},"1":{"name":"(anonymous_1)","decl":{"start":{"line":26,"column":2},"end":{"line":26,"column":3}},"loc":{"start":{"line":26,"column":58},"end":{"line":58,"column":3}},"line":26},"2":{"name":"(anonymous_2)","decl":{"start":{"line":60,"column":2},"end":{"line":60,"column":3}},"loc":{"start":{"line":60,"column":46},"end":{"line":85,"column":3}},"line":60},"3":{"name":"(anonymous_3)","decl":{"start":{"line":87,"column":2},"end":{"line":87,"column":3}},"loc":{"start":{"line":87,"column":54},"end":{"line":107,"column":3}},"line":87},"4":{"name":"(anonymous_4)","decl":{"start":{"line":109,"column":2},"end":{"line":109,"column":3}},"loc":{"start":{"line":109,"column":49},"end":{"line":126,"column":3}},"line":109}},"branchMap":{"0":{"loc":{"start":{"line":11,"column":6},"end":{"line":18,"column":7}},"type":"if","locations":[{"start":{"line":11,"column":6},"end":{"line":18,"column":7}},{"start":{"line":13,"column":13},"end":{"line":18,"column":7}}],"line":11},"1":{"loc":{"start":{"line":11,"column":10},"end":{"line":11,"column":63}},"type":"binary-expr","locations":[{"start":{"line":11,"column":10},"end":{"line":11,"column":24}},{"start":{"line":11,"column":28},"end":{"line":11,"column":63}}],"line":11},"2":{"loc":{"start":{"line":36,"column":6},"end":{"line":52,"column":7}},"type":"if","locations":[{"start":{"line":36,"column":6},"end":{"line":52,"column":7}},{"start":{"line":41,"column":13},"end":{"line":52,"column":7}}],"line":36},"3":{"loc":{"start":{"line":37,"column":8},"end":{"line":38,"column":50}},"type":"binary-expr","locations":[{"start":{"line":37,"column":8},"end":{"line":37,"column":32}},{"start":{"line":38,"column":8},"end":{"line":38,"column":50}}],"line":37},"4":{"loc":{"start":{"line":46,"column":8},"end":{"line":48,"column":9}},"type":"if","locations":[{"start":{"line":46,"column":8},"end":{"line":48,"column":9}},{"start":{},"end":{}}],"line":46},"5":{"loc":{"start":{"line":68,"column":6},"end":{"line":79,"column":7}},"type":"if","locations":[{"start":{"line":68,"column":6},"end":{"line":79,"column":7}},{"start":{"line":70,"column":13},"end":{"line":79,"column":7}}],"line":68},"6":{"loc":{"start":{"line":68,"column":10},"end":{"line":68,"column":52}},"type":"binary-expr","locations":[{"start":{"line":68,"column":10},"end":{"line":68,"column":27}},{"start":{"line":68,"column":31},"end":{"line":68,"column":52}}],"line":68},"7":{"loc":{"start":{"line":73,"column":8},"end":{"line":75,"column":9}},"type":"if","locations":[{"start":{"line":73,"column":8},"end":{"line":75,"column":9}},{"start":{},"end":{}}],"line":73},"8":{"loc":{"start":{"line":92,"column":6},"end":{"line":94,"column":7}},"type":"if","locations":[{"start":{"line":92,"column":6},"end":{"line":94,"column":7}},{"start":{},"end":{}}],"line":92},"9":{"loc":{"start":{"line":92,"column":10},"end":{"line":92,"column":37}},"type":"binary-expr","locations":[{"start":{"line":92,"column":10},"end":{"line":92,"column":20}},{"start":{"line":92,"column":24},"end":{"line":92,"column":37}}],"line":92},"10":{"loc":{"start":{"line":116,"column":6},"end":{"line":118,"column":7}},"type":"if","locations":[{"start":{"line":116,"column":6},"end":{"line":118,"column":7}},{"start":{},"end":{}}],"line":116}},"s":{"0":5,"1":5,"2":2,"3":2,"4":2,"5":2,"6":1,"7":1,"8":1,"9":1,"10":2,"11":0,"12":3,"13":3,"14":3,"15":3,"16":3,"17":1,"18":2,"19":2,"20":1,"21":1,"22":1,"23":2,"24":1,"25":3,"26":3,"27":3,"28":3,"29":3,"30":1,"31":2,"32":2,"33":1,"34":1,"35":1,"36":2,"37":1,"38":2,"39":2,"40":2,"41":2,"42":1,"43":1,"44":1,"45":1,"46":1,"47":2,"48":2,"49":2,"50":2,"51":2,"52":1,"53":1,"54":1,"55":1,"56":5},"f":{"0":2,"1":3,"2":3,"3":2,"4":2},"b":{"0":[1,1],"1":[2,1],"2":[1,2],"3":[3,3],"4":[1,1],"5":[1,2],"6":[3,3],"7":[1,1],"8":[1,1],"9":[2,1],"10":[1,1]},"_coverageSchema":"1a1c01bbd47fc00a2c39e90264f33305004495a9","hash":"2e5bc72d6fc0e483be813c725a2fce3b06c5309b"}
,"/home/darwin/Documents/Hacktiv8/Phase-3/APIMAN.io/server/controllers/requests-controller.js": {"path":"/home/darwin/Documents/Hacktiv8/Phase-3/APIMAN.io/server/controllers/requests-controller.js","statementMap":{"0":{"start":{"line":1,"column":27},"end":{"line":1,"column":43}},"1":{"start":{"line":2,"column":16},"end":{"line":2,"column":53}},"2":{"start":{"line":3,"column":23},"end":{"line":3,"column":59}},"3":{"start":{"line":4,"column":22},"end":{"line":4,"column":57}},"4":{"start":{"line":8,"column":4},"end":{"line":61,"column":5}},"5":{"start":{"line":9,"column":64},"end":{"line":9,"column":72}},"6":{"start":{"line":11,"column":6},"end":{"line":13,"column":7}},"7":{"start":{"line":12,"column":8},"end":{"line":12,"column":32}},"8":{"start":{"line":15,"column":6},"end":{"line":17,"column":7}},"9":{"start":{"line":16,"column":8},"end":{"line":16,"column":34}},"10":{"start":{"line":19,"column":6},"end":{"line":25,"column":7}},"11":{"start":{"line":20,"column":8},"end":{"line":24,"column":9}},"12":{"start":{"line":21,"column":10},"end":{"line":21,"column":34}},"13":{"start":{"line":27,"column":25},"end":{"line":33,"column":7}},"14":{"start":{"line":35,"column":6},"end":{"line":39,"column":8}},"15":{"start":{"line":36,"column":8},"end":{"line":36,"column":43}},"16":{"start":{"line":37,"column":8},"end":{"line":37,"column":61}},"17":{"start":{"line":38,"column":8},"end":{"line":38,"column":23}},"18":{"start":{"line":41,"column":6},"end":{"line":43,"column":8}},"19":{"start":{"line":42,"column":8},"end":{"line":42,"column":23}},"20":{"start":{"line":45,"column":23},"end":{"line":45,"column":48}},"21":{"start":{"line":47,"column":30},"end":{"line":47,"column":115}},"22":{"start":{"line":49,"column":6},"end":{"line":54,"column":8}},"23":{"start":{"line":56,"column":6},"end":{"line":60,"column":8}},"24":{"start":{"line":65,"column":4},"end":{"line":74,"column":5}},"25":{"start":{"line":66,"column":6},"end":{"line":66,"column":27}},"26":{"start":{"line":67,"column":21},"end":{"line":67,"column":59}},"27":{"start":{"line":69,"column":31},"end":{"line":69,"column":87}},"28":{"start":{"line":71,"column":6},"end":{"line":71,"column":44}},"29":{"start":{"line":73,"column":6},"end":{"line":73,"column":15}},"30":{"start":{"line":78,"column":4},"end":{"line":84,"column":5}},"31":{"start":{"line":79,"column":23},"end":{"line":79,"column":75}},"32":{"start":{"line":81,"column":6},"end":{"line":81,"column":36}},"33":{"start":{"line":83,"column":6},"end":{"line":83,"column":15}},"34":{"start":{"line":88,"column":4},"end":{"line":100,"column":5}},"35":{"start":{"line":89,"column":21},"end":{"line":89,"column":31}},"36":{"start":{"line":91,"column":22},"end":{"line":91,"column":60}},"37":{"start":{"line":93,"column":6},"end":{"line":95,"column":7}},"38":{"start":{"line":94,"column":8},"end":{"line":94,"column":25}},"39":{"start":{"line":97,"column":6},"end":{"line":97,"column":35}},"40":{"start":{"line":99,"column":6},"end":{"line":99,"column":15}},"41":{"start":{"line":104,"column":4},"end":{"line":116,"column":5}},"42":{"start":{"line":105,"column":21},"end":{"line":105,"column":31}},"43":{"start":{"line":107,"column":29},"end":{"line":107,"column":70}},"44":{"start":{"line":109,"column":6},"end":{"line":111,"column":7}},"45":{"start":{"line":110,"column":8},"end":{"line":110,"column":25}},"46":{"start":{"line":113,"column":6},"end":{"line":113,"column":42}},"47":{"start":{"line":115,"column":6},"end":{"line":115,"column":15}},"48":{"start":{"line":120,"column":0},"end":{"line":120,"column":35}}},"fnMap":{"0":{"name":"(anonymous_0)","decl":{"start":{"line":7,"column":2},"end":{"line":7,"column":3}},"loc":{"start":{"line":7,"column":36},"end":{"line":62,"column":3}},"line":7},"1":{"name":"(anonymous_1)","decl":{"start":{"line":35,"column":37},"end":{"line":35,"column":38}},"loc":{"start":{"line":35,"column":51},"end":{"line":39,"column":7}},"line":35},"2":{"name":"(anonymous_2)","decl":{"start":{"line":41,"column":38},"end":{"line":41,"column":39}},"loc":{"start":{"line":41,"column":52},"end":{"line":43,"column":7}},"line":41},"3":{"name":"(anonymous_3)","decl":{"start":{"line":64,"column":2},"end":{"line":64,"column":3}},"loc":{"start":{"line":64,"column":44},"end":{"line":75,"column":3}},"line":64},"4":{"name":"(anonymous_4)","decl":{"start":{"line":77,"column":2},"end":{"line":77,"column":3}},"loc":{"start":{"line":77,"column":51},"end":{"line":85,"column":3}},"line":77},"5":{"name":"(anonymous_5)","decl":{"start":{"line":87,"column":2},"end":{"line":87,"column":3}},"loc":{"start":{"line":87,"column":46},"end":{"line":101,"column":3}},"line":87},"6":{"name":"(anonymous_6)","decl":{"start":{"line":103,"column":2},"end":{"line":103,"column":3}},"loc":{"start":{"line":103,"column":49},"end":{"line":117,"column":3}},"line":103}},"branchMap":{"0":{"loc":{"start":{"line":11,"column":6},"end":{"line":13,"column":7}},"type":"if","locations":[{"start":{"line":11,"column":6},"end":{"line":13,"column":7}},{"start":{},"end":{}}],"line":11},"1":{"loc":{"start":{"line":15,"column":6},"end":{"line":17,"column":7}},"type":"if","locations":[{"start":{"line":15,"column":6},"end":{"line":17,"column":7}},{"start":{},"end":{}}],"line":15},"2":{"loc":{"start":{"line":19,"column":6},"end":{"line":25,"column":7}},"type":"if","locations":[{"start":{"line":19,"column":6},"end":{"line":25,"column":7}},{"start":{},"end":{}}],"line":19},"3":{"loc":{"start":{"line":20,"column":8},"end":{"line":24,"column":9}},"type":"if","locations":[{"start":{"line":20,"column":8},"end":{"line":24,"column":9}},{"start":{"line":22,"column":15},"end":{"line":24,"column":9}}],"line":20},"4":{"loc":{"start":{"line":36,"column":24},"end":{"line":36,"column":43}},"type":"binary-expr","locations":[{"start":{"line":36,"column":24},"end":{"line":36,"column":37}},{"start":{"line":36,"column":41},"end":{"line":36,"column":43}}],"line":36},"5":{"loc":{"start":{"line":93,"column":6},"end":{"line":95,"column":7}},"type":"if","locations":[{"start":{"line":93,"column":6},"end":{"line":95,"column":7}},{"start":{},"end":{}}],"line":93},"6":{"loc":{"start":{"line":109,"column":6},"end":{"line":111,"column":7}},"type":"if","locations":[{"start":{"line":109,"column":6},"end":{"line":111,"column":7}},{"start":{},"end":{}}],"line":109}},"s":{"0":5,"1":5,"2":5,"3":5,"4":4,"5":4,"6":4,"7":1,"8":4,"9":2,"10":4,"11":1,"12":0,"13":4,"14":4,"15":10,"16":10,"17":10,"18":4,"19":6,"20":4,"21":3,"22":3,"23":1,"24":1,"25":1,"26":1,"27":1,"28":1,"29":0,"30":1,"31":1,"32":1,"33":0,"34":2,"35":2,"36":2,"37":2,"38":1,"39":1,"40":1,"41":2,"42":2,"43":2,"44":2,"45":1,"46":1,"47":1,"48":5},"f":{"0":4,"1":10,"2":6,"3":1,"4":1,"5":2,"6":2},"b":{"0":[1,3],"1":[2,2],"2":[1,3],"3":[0,1],"4":[10,4],"5":[1,1],"6":[1,1]},"_coverageSchema":"1a1c01bbd47fc00a2c39e90264f33305004495a9","hash":"3c67c8dcb270153a31ad40eeec3a79b92ebd738f"}
,"/home/darwin/Documents/Hacktiv8/Phase-3/APIMAN.io/server/controllers/results-controller.js": {"path":"/home/darwin/Documents/Hacktiv8/Phase-3/APIMAN.io/server/controllers/results-controller.js","statementMap":{"0":{"start":{"line":1,"column":21},"end":{"line":1,"column":55}},"1":{"start":{"line":5,"column":4},"end":{"line":12,"column":5}},"2":{"start":{"line":6,"column":22},"end":{"line":6,"column":72}},"3":{"start":{"line":8,"column":6},"end":{"line":8,"column":35}},"4":{"start":{"line":10,"column":6},"end":{"line":10,"column":22}},"5":{"start":{"line":11,"column":6},"end":{"line":11,"column":15}},"6":{"start":{"line":16,"column":4},"end":{"line":28,"column":5}},"7":{"start":{"line":17,"column":68},"end":{"line":17,"column":76}},"8":{"start":{"line":19,"column":6},"end":{"line":21,"column":7}},"9":{"start":{"line":20,"column":8},"end":{"line":20,"column":42}},"10":{"start":{"line":22,"column":6},"end":{"line":22,"column":109}},"11":{"start":{"line":23,"column":24},"end":{"line":23,"column":66}},"12":{"start":{"line":24,"column":6},"end":{"line":24,"column":37}},"13":{"start":{"line":26,"column":6},"end":{"line":26,"column":22}},"14":{"start":{"line":27,"column":6},"end":{"line":27,"column":15}},"15":{"start":{"line":32,"column":4},"end":{"line":45,"column":5}},"16":{"start":{"line":33,"column":21},"end":{"line":33,"column":31}},"17":{"start":{"line":35,"column":26},"end":{"line":35,"column":63}},"18":{"start":{"line":37,"column":6},"end":{"line":39,"column":7}},"19":{"start":{"line":38,"column":8},"end":{"line":38,"column":25}},"20":{"start":{"line":41,"column":6},"end":{"line":41,"column":39}},"21":{"start":{"line":43,"column":6},"end":{"line":43,"column":22}},"22":{"start":{"line":44,"column":6},"end":{"line":44,"column":15}},"23":{"start":{"line":49,"column":4},"end":{"line":60,"column":5}},"24":{"start":{"line":50,"column":21},"end":{"line":50,"column":31}},"25":{"start":{"line":51,"column":28},"end":{"line":51,"column":67}},"26":{"start":{"line":53,"column":6},"end":{"line":55,"column":7}},"27":{"start":{"line":54,"column":8},"end":{"line":54,"column":25}},"28":{"start":{"line":56,"column":6},"end":{"line":56,"column":41}},"29":{"start":{"line":58,"column":6},"end":{"line":58,"column":22}},"30":{"start":{"line":59,"column":6},"end":{"line":59,"column":15}},"31":{"start":{"line":64,"column":0},"end":{"line":64,"column":34}}},"fnMap":{"0":{"name":"(anonymous_0)","decl":{"start":{"line":4,"column":2},"end":{"line":4,"column":3}},"loc":{"start":{"line":4,"column":45},"end":{"line":13,"column":3}},"line":4},"1":{"name":"(anonymous_1)","decl":{"start":{"line":15,"column":2},"end":{"line":15,"column":3}},"loc":{"start":{"line":15,"column":44},"end":{"line":29,"column":3}},"line":15},"2":{"name":"(anonymous_2)","decl":{"start":{"line":31,"column":2},"end":{"line":31,"column":3}},"loc":{"start":{"line":31,"column":45},"end":{"line":46,"column":3}},"line":31},"3":{"name":"(anonymous_3)","decl":{"start":{"line":48,"column":2},"end":{"line":48,"column":3}},"loc":{"start":{"line":48,"column":48},"end":{"line":61,"column":3}},"line":48}},"branchMap":{"0":{"loc":{"start":{"line":19,"column":6},"end":{"line":21,"column":7}},"type":"if","locations":[{"start":{"line":19,"column":6},"end":{"line":21,"column":7}},{"start":{},"end":{}}],"line":19},"1":{"loc":{"start":{"line":19,"column":10},"end":{"line":19,"column":72}},"type":"binary-expr","locations":[{"start":{"line":19,"column":10},"end":{"line":19,"column":18}},{"start":{"line":19,"column":22},"end":{"line":19,"column":29}},{"start":{"line":19,"column":33},"end":{"line":19,"column":38}},{"start":{"line":19,"column":42},"end":{"line":19,"column":55}},{"start":{"line":19,"column":59},"end":{"line":19,"column":72}}],"line":19},"2":{"loc":{"start":{"line":37,"column":6},"end":{"line":39,"column":7}},"type":"if","locations":[{"start":{"line":37,"column":6},"end":{"line":39,"column":7}},{"start":{},"end":{}}],"line":37},"3":{"loc":{"start":{"line":53,"column":6},"end":{"line":55,"column":7}},"type":"if","locations":[{"start":{"line":53,"column":6},"end":{"line":55,"column":7}},{"start":{},"end":{}}],"line":53}},"s":{"0":5,"1":1,"2":1,"3":1,"4":0,"5":0,"6":2,"7":2,"8":2,"9":1,"10":1,"11":1,"12":1,"13":1,"14":1,"15":2,"16":2,"17":2,"18":2,"19":1,"20":1,"21":1,"22":1,"23":2,"24":2,"25":2,"26":2,"27":1,"28":1,"29":1,"30":1,"31":5},"f":{"0":1,"1":2,"2":2,"3":2},"b":{"0":[1,1],"1":[2,1,1,1,1],"2":[1,1],"3":[1,1]},"_coverageSchema":"1a1c01bbd47fc00a2c39e90264f33305004495a9","hash":"4523fb8c07068b42a2bc368790a137d1f707552d"}
,"/home/darwin/Documents/Hacktiv8/Phase-3/APIMAN.io/server/controllers/users-controller.js": {"path":"/home/darwin/Documents/Hacktiv8/Phase-3/APIMAN.io/server/controllers/users-controller.js","statementMap":{"0":{"start":{"line":1,"column":28},"end":{"line":1,"column":56}},"1":{"start":{"line":2,"column":24},"end":{"line":2,"column":49}},"2":{"start":{"line":3,"column":19},"end":{"line":3,"column":51}},"3":{"start":{"line":4,"column":25},"end":{"line":4,"column":55}},"4":{"start":{"line":5,"column":19},"end":{"line":5,"column":40}},"5":{"start":{"line":9,"column":4},"end":{"line":40,"column":5}},"6":{"start":{"line":10,"column":65},"end":{"line":10,"column":73}},"7":{"start":{"line":12,"column":6},"end":{"line":14,"column":7}},"8":{"start":{"line":13,"column":8},"end":{"line":13,"column":50}},"9":{"start":{"line":16,"column":28},"end":{"line":16,"column":73}},"10":{"start":{"line":18,"column":6},"end":{"line":20,"column":7}},"11":{"start":{"line":19,"column":8},"end":{"line":19,"column":56}},"12":{"start":{"line":22,"column":24},"end":{"line":22,"column":63}},"13":{"start":{"line":24,"column":6},"end":{"line":26,"column":7}},"14":{"start":{"line":25,"column":8},"end":{"line":25,"column":53}},"15":{"start":{"line":28,"column":6},"end":{"line":28,"column":42}},"16":{"start":{"line":30,"column":29},"end":{"line":30,"column":67}},"17":{"start":{"line":32,"column":6},"end":{"line":36,"column":9}},"18":{"start":{"line":38,"column":6},"end":{"line":38,"column":23}},"19":{"start":{"line":39,"column":6},"end":{"line":39,"column":16}},"20":{"start":{"line":44,"column":4},"end":{"line":75,"column":5}},"21":{"start":{"line":45,"column":34},"end":{"line":45,"column":42}},"22":{"start":{"line":47,"column":6},"end":{"line":49,"column":7}},"23":{"start":{"line":48,"column":8},"end":{"line":48,"column":50}},"24":{"start":{"line":51,"column":28},"end":{"line":51,"column":60}},"25":{"start":{"line":53,"column":6},"end":{"line":55,"column":7}},"26":{"start":{"line":54,"column":8},"end":{"line":54,"column":39}},"27":{"start":{"line":57,"column":6},"end":{"line":59,"column":7}},"28":{"start":{"line":58,"column":8},"end":{"line":58,"column":39}},"29":{"start":{"line":61,"column":22},"end":{"line":65,"column":7}},"30":{"start":{"line":67,"column":20},"end":{"line":67,"column":40}},"31":{"start":{"line":69,"column":6},"end":{"line":71,"column":9}},"32":{"start":{"line":73,"column":6},"end":{"line":73,"column":23}},"33":{"start":{"line":74,"column":6},"end":{"line":74,"column":16}},"34":{"start":{"line":79,"column":4},"end":{"line":91,"column":5}},"35":{"start":{"line":80,"column":19},"end":{"line":80,"column":64}},"36":{"start":{"line":82,"column":6},"end":{"line":87,"column":9}},"37":{"start":{"line":89,"column":6},"end":{"line":89,"column":23}},"38":{"start":{"line":90,"column":6},"end":{"line":90,"column":16}},"39":{"start":{"line":95,"column":4},"end":{"line":119,"column":5}},"40":{"start":{"line":96,"column":21},"end":{"line":96,"column":60}},"41":{"start":{"line":98,"column":24},"end":{"line":98,"column":32}},"42":{"start":{"line":99,"column":21},"end":{"line":102,"column":8}},"43":{"start":{"line":104,"column":22},"end":{"line":104,"column":41}},"44":{"start":{"line":106,"column":34},"end":{"line":106,"column":71}},"45":{"start":{"line":108,"column":28},"end":{"line":112,"column":7}},"46":{"start":{"line":114,"column":30},"end":{"line":114,"column":56}},"47":{"start":{"line":115,"column":6},"end":{"line":115,"column":62}},"48":{"start":{"line":117,"column":6},"end":{"line":117,"column":23}},"49":{"start":{"line":118,"column":6},"end":{"line":118,"column":16}},"50":{"start":{"line":123,"column":4},"end":{"line":170,"column":5}},"51":{"start":{"line":124,"column":24},"end":{"line":124,"column":32}},"52":{"start":{"line":126,"column":24},"end":{"line":126,"column":63}},"53":{"start":{"line":128,"column":6},"end":{"line":130,"column":7}},"54":{"start":{"line":129,"column":8},"end":{"line":129,"column":43}},"55":{"start":{"line":132,"column":20},"end":{"line":132,"column":69}},"56":{"start":{"line":134,"column":24},"end":{"line":140,"column":8}},"57":{"start":{"line":142,"column":26},"end":{"line":155,"column":7}},"58":{"start":{"line":157,"column":6},"end":{"line":166,"column":9}},"59":{"start":{"line":158,"column":8},"end":{"line":160,"column":9}},"60":{"start":{"line":159,"column":10},"end":{"line":159,"column":40}},"61":{"start":{"line":162,"column":8},"end":{"line":165,"column":11}},"62":{"start":{"line":168,"column":6},"end":{"line":168,"column":23}},"63":{"start":{"line":169,"column":6},"end":{"line":169,"column":16}},"64":{"start":{"line":174,"column":4},"end":{"line":188,"column":5}},"65":{"start":{"line":175,"column":24},"end":{"line":175,"column":74}},"66":{"start":{"line":177,"column":6},"end":{"line":179,"column":7}},"67":{"start":{"line":178,"column":8},"end":{"line":178,"column":39}},"68":{"start":{"line":181,"column":6},"end":{"line":181,"column":72}},"69":{"start":{"line":183,"column":6},"end":{"line":185,"column":9}},"70":{"start":{"line":187,"column":6},"end":{"line":187,"column":16}},"71":{"start":{"line":192,"column":0},"end":{"line":192,"column":33}}},"fnMap":{"0":{"name":"(anonymous_0)","decl":{"start":{"line":8,"column":2},"end":{"line":8,"column":3}},"loc":{"start":{"line":8,"column":40},"end":{"line":41,"column":3}},"line":8},"1":{"name":"(anonymous_1)","decl":{"start":{"line":43,"column":2},"end":{"line":43,"column":3}},"loc":{"start":{"line":43,"column":37},"end":{"line":76,"column":3}},"line":43},"2":{"name":"(anonymous_2)","decl":{"start":{"line":78,"column":2},"end":{"line":78,"column":3}},"loc":{"start":{"line":78,"column":50},"end":{"line":92,"column":3}},"line":78},"3":{"name":"(anonymous_3)","decl":{"start":{"line":94,"column":2},"end":{"line":94,"column":3}},"loc":{"start":{"line":94,"column":43},"end":{"line":120,"column":3}},"line":94},"4":{"name":"(anonymous_4)","decl":{"start":{"line":122,"column":2},"end":{"line":122,"column":3}},"loc":{"start":{"line":122,"column":46},"end":{"line":171,"column":3}},"line":122},"5":{"name":"(anonymous_5)","decl":{"start":{"line":157,"column":38},"end":{"line":157,"column":39}},"loc":{"start":{"line":157,"column":53},"end":{"line":166,"column":7}},"line":157},"6":{"name":"(anonymous_6)","decl":{"start":{"line":173,"column":2},"end":{"line":173,"column":3}},"loc":{"start":{"line":173,"column":45},"end":{"line":189,"column":3}},"line":173}},"branchMap":{"0":{"loc":{"start":{"line":12,"column":6},"end":{"line":14,"column":7}},"type":"if","locations":[{"start":{"line":12,"column":6},"end":{"line":14,"column":7}},{"start":{},"end":{}}],"line":12},"1":{"loc":{"start":{"line":12,"column":10},"end":{"line":12,"column":69}},"type":"binary-expr","locations":[{"start":{"line":12,"column":10},"end":{"line":12,"column":19}},{"start":{"line":12,"column":23},"end":{"line":12,"column":29}},{"start":{"line":12,"column":33},"end":{"line":12,"column":42}},{"start":{"line":12,"column":46},"end":{"line":12,"column":56}},{"start":{"line":12,"column":60},"end":{"line":12,"column":69}}],"line":12},"2":{"loc":{"start":{"line":18,"column":6},"end":{"line":20,"column":7}},"type":"if","locations":[{"start":{"line":18,"column":6},"end":{"line":20,"column":7}},{"start":{},"end":{}}],"line":18},"3":{"loc":{"start":{"line":24,"column":6},"end":{"line":26,"column":7}},"type":"if","locations":[{"start":{"line":24,"column":6},"end":{"line":26,"column":7}},{"start":{},"end":{}}],"line":24},"4":{"loc":{"start":{"line":47,"column":6},"end":{"line":49,"column":7}},"type":"if","locations":[{"start":{"line":47,"column":6},"end":{"line":49,"column":7}},{"start":{},"end":{}}],"line":47},"5":{"loc":{"start":{"line":47,"column":10},"end":{"line":47,"column":29}},"type":"binary-expr","locations":[{"start":{"line":47,"column":10},"end":{"line":47,"column":16}},{"start":{"line":47,"column":20},"end":{"line":47,"column":29}}],"line":47},"6":{"loc":{"start":{"line":53,"column":6},"end":{"line":55,"column":7}},"type":"if","locations":[{"start":{"line":53,"column":6},"end":{"line":55,"column":7}},{"start":{},"end":{}}],"line":53},"7":{"loc":{"start":{"line":57,"column":6},"end":{"line":59,"column":7}},"type":"if","locations":[{"start":{"line":57,"column":6},"end":{"line":59,"column":7}},{"start":{},"end":{}}],"line":57},"8":{"loc":{"start":{"line":128,"column":6},"end":{"line":130,"column":7}},"type":"if","locations":[{"start":{"line":128,"column":6},"end":{"line":130,"column":7}},{"start":{},"end":{}}],"line":128},"9":{"loc":{"start":{"line":158,"column":8},"end":{"line":160,"column":9}},"type":"if","locations":[{"start":{"line":158,"column":8},"end":{"line":160,"column":9}},{"start":{},"end":{}}],"line":158},"10":{"loc":{"start":{"line":177,"column":6},"end":{"line":179,"column":7}},"type":"if","locations":[{"start":{"line":177,"column":6},"end":{"line":179,"column":7}},{"start":{},"end":{}}],"line":177}},"s":{"0":5,"1":5,"2":5,"3":5,"4":5,"5":22,"6":22,"7":22,"8":1,"9":21,"10":21,"11":1,"12":20,"13":20,"14":1,"15":19,"16":19,"17":19,"18":3,"19":3,"20":22,"21":22,"22":22,"23":1,"24":21,"25":21,"26":1,"27":20,"28":1,"29":19,"30":19,"31":19,"32":3,"33":3,"34":1,"35":1,"36":1,"37":0,"38":0,"39":0,"40":0,"41":0,"42":0,"43":0,"44":0,"45":0,"46":0,"47":0,"48":0,"49":0,"50":2,"51":2,"52":2,"53":2,"54":1,"55":1,"56":1,"57":1,"58":1,"59":1,"60":0,"61":1,"62":1,"63":1,"64":2,"65":2,"66":2,"67":1,"68":1,"69":1,"70":1,"71":5},"f":{"0":22,"1":22,"2":1,"3":0,"4":2,"5":1,"6":2},"b":{"0":[1,21],"1":[22,22,21,21,21],"2":[1,20],"3":[1,19],"4":[1,21],"5":[22,21],"6":[1,20],"7":[1,19],"8":[1,1],"9":[0,1],"10":[1,1]},"_coverageSchema":"1a1c01bbd47fc00a2c39e90264f33305004495a9","hash":"5063662c991243b8b92412d523ef6d788610d692"}
,"/home/darwin/Documents/Hacktiv8/Phase-3/APIMAN.io/server/helpers/bcrypt.js": {"path":"/home/darwin/Documents/Hacktiv8/Phase-3/APIMAN.io/server/helpers/bcrypt.js","statementMap":{"0":{"start":{"line":1,"column":15},"end":{"line":1,"column":32}},"1":{"start":{"line":3,"column":21},"end":{"line":5,"column":1}},"2":{"start":{"line":4,"column":2},"end":{"line":4,"column":38}},"3":{"start":{"line":7,"column":24},"end":{"line":9,"column":1}},"4":{"start":{"line":8,"column":2},"end":{"line":8,"column":54}},"5":{"start":{"line":11,"column":0},"end":{"line":14,"column":2}}},"fnMap":{"0":{"name":"(anonymous_0)","decl":{"start":{"line":3,"column":21},"end":{"line":3,"column":22}},"loc":{"start":{"line":3,"column":35},"end":{"line":5,"column":1}},"line":3},"1":{"name":"(anonymous_1)","decl":{"start":{"line":7,"column":24},"end":{"line":7,"column":25}},"loc":{"start":{"line":7,"column":54},"end":{"line":9,"column":1}},"line":7}},"branchMap":{},"s":{"0":5,"1":5,"2":29,"3":5,"4":20,"5":5},"f":{"0":29,"1":20},"b":{},"_coverageSchema":"1a1c01bbd47fc00a2c39e90264f33305004495a9","hash":"e6fc6c193e0805514c758fce19172a921a88eb79"}
,"/home/darwin/Documents/Hacktiv8/Phase-3/APIMAN.io/server/helpers/jwt.js": {"path":"/home/darwin/Documents/Hacktiv8/Phase-3/APIMAN.io/server/helpers/jwt.js","statementMap":{"0":{"start":{"line":1,"column":12},"end":{"line":1,"column":35}},"1":{"start":{"line":2,"column":15},"end":{"line":2,"column":23}},"2":{"start":{"line":4,"column":20},"end":{"line":6,"column":1}},"3":{"start":{"line":5,"column":2},"end":{"line":5,"column":35}},"4":{"start":{"line":8,"column":20},"end":{"line":10,"column":1}},"5":{"start":{"line":9,"column":2},"end":{"line":9,"column":35}},"6":{"start":{"line":12,"column":0},"end":{"line":15,"column":2}}},"fnMap":{"0":{"name":"(anonymous_0)","decl":{"start":{"line":4,"column":20},"end":{"line":4,"column":21}},"loc":{"start":{"line":4,"column":33},"end":{"line":6,"column":1}},"line":4},"1":{"name":"(anonymous_1)","decl":{"start":{"line":8,"column":20},"end":{"line":8,"column":21}},"loc":{"start":{"line":8,"column":31},"end":{"line":10,"column":1}},"line":8}},"branchMap":{},"s":{"0":5,"1":5,"2":5,"3":19,"4":5,"5":57,"6":5},"f":{"0":19,"1":57},"b":{},"_coverageSchema":"1a1c01bbd47fc00a2c39e90264f33305004495a9","hash":"f9d540f3556ac6d9175c9b310c987c4100d797a4"}
,"/home/darwin/Documents/Hacktiv8/Phase-3/APIMAN.io/server/helpers/process-request.js": {"path":"/home/darwin/Documents/Hacktiv8/Phase-3/APIMAN.io/server/helpers/process-request.js","statementMap":{"0":{"start":{"line":1,"column":16},"end":{"line":15,"column":1}},"1":{"start":{"line":2,"column":30},"end":{"line":2,"column":32}},"2":{"start":{"line":4,"column":2},"end":{"line":6,"column":5}},"3":{"start":{"line":5,"column":4},"end":{"line":5,"column":45}},"4":{"start":{"line":8,"column":2},"end":{"line":8,"column":31}},"5":{"start":{"line":17,"column":0},"end":{"line":17,"column":25}}},"fnMap":{"0":{"name":"(anonymous_0)","decl":{"start":{"line":1,"column":16},"end":{"line":1,"column":17}},"loc":{"start":{"line":1,"column":34},"end":{"line":15,"column":1}},"line":1},"1":{"name":"(anonymous_1)","decl":{"start":{"line":4,"column":23},"end":{"line":4,"column":24}},"loc":{"start":{"line":4,"column":31},"end":{"line":6,"column":3}},"line":4}},"branchMap":{},"s":{"0":5,"1":3,"2":3,"3":3,"4":3,"5":5},"f":{"0":3,"1":3},"b":{},"_coverageSchema":"1a1c01bbd47fc00a2c39e90264f33305004495a9","hash":"720c5f08221d83dccdb42055b04215ad7fd034db"}
,"/home/darwin/Documents/Hacktiv8/Phase-3/APIMAN.io/server/middlewares/authentication.js": {"path":"/home/darwin/Documents/Hacktiv8/Phase-3/APIMAN.io/server/middlewares/authentication.js","statementMap":{"0":{"start":{"line":1,"column":24},"end":{"line":1,"column":49}},"1":{"start":{"line":2,"column":19},"end":{"line":2,"column":51}},"2":{"start":{"line":4,"column":23},"end":{"line":30,"column":1}},"3":{"start":{"line":5,"column":2},"end":{"line":29,"column":3}},"4":{"start":{"line":6,"column":29},"end":{"line":6,"column":40}},"5":{"start":{"line":8,"column":4},"end":{"line":10,"column":5}},"6":{"start":{"line":9,"column":6},"end":{"line":9,"column":36}},"7":{"start":{"line":12,"column":20},"end":{"line":12,"column":45}},"8":{"start":{"line":14,"column":22},"end":{"line":14,"column":66}},"9":{"start":{"line":16,"column":4},"end":{"line":18,"column":5}},"10":{"start":{"line":17,"column":6},"end":{"line":17,"column":37}},"11":{"start":{"line":20,"column":4},"end":{"line":24,"column":6}},"12":{"start":{"line":26,"column":4},"end":{"line":26,"column":11}},"13":{"start":{"line":28,"column":4},"end":{"line":28,"column":14}},"14":{"start":{"line":32,"column":0},"end":{"line":32,"column":32}}},"fnMap":{"0":{"name":"(anonymous_0)","decl":{"start":{"line":4,"column":23},"end":{"line":4,"column":24}},"loc":{"start":{"line":4,"column":49},"end":{"line":30,"column":1}},"line":4}},"branchMap":{"0":{"loc":{"start":{"line":8,"column":4},"end":{"line":10,"column":5}},"type":"if","locations":[{"start":{"line":8,"column":4},"end":{"line":10,"column":5}},{"start":{},"end":{}}],"line":8},"1":{"loc":{"start":{"line":16,"column":4},"end":{"line":18,"column":5}},"type":"if","locations":[{"start":{"line":16,"column":4},"end":{"line":18,"column":5}},{"start":{},"end":{}}],"line":16}},"s":{"0":5,"1":5,"2":5,"3":57,"4":57,"5":57,"6":0,"7":57,"8":44,"9":44,"10":0,"11":44,"12":44,"13":13,"14":5},"f":{"0":57},"b":{"0":[0,57],"1":[0,44]},"_coverageSchema":"1a1c01bbd47fc00a2c39e90264f33305004495a9","hash":"cebf5ddc50b00f7c3b66d5800ba44bfeaf82ef33"}
,"/home/darwin/Documents/Hacktiv8/Phase-3/APIMAN.io/server/middlewares/error-handler.js": {"path":"/home/darwin/Documents/Hacktiv8/Phase-3/APIMAN.io/server/middlewares/error-handler.js","statementMap":{"0":{"start":{"line":1,"column":21},"end":{"line":86,"column":1}},"1":{"start":{"line":5,"column":2},"end":{"line":81,"column":3}},"2":{"start":{"line":7,"column":6},"end":{"line":7,"column":16}},"3":{"start":{"line":8,"column":6},"end":{"line":8,"column":39}},"4":{"start":{"line":9,"column":6},"end":{"line":9,"column":11}},"5":{"start":{"line":12,"column":6},"end":{"line":12,"column":16}},"6":{"start":{"line":13,"column":6},"end":{"line":13,"column":41}},"7":{"start":{"line":14,"column":6},"end":{"line":14,"column":11}},"8":{"start":{"line":17,"column":6},"end":{"line":17,"column":16}},"9":{"start":{"line":18,"column":6},"end":{"line":18,"column":38}},"10":{"start":{"line":19,"column":6},"end":{"line":19,"column":11}},"11":{"start":{"line":22,"column":6},"end":{"line":22,"column":16}},"12":{"start":{"line":23,"column":6},"end":{"line":23,"column":50}},"13":{"start":{"line":24,"column":6},"end":{"line":24,"column":11}},"14":{"start":{"line":28,"column":6},"end":{"line":28,"column":16}},"15":{"start":{"line":29,"column":6},"end":{"line":29,"column":38}},"16":{"start":{"line":30,"column":6},"end":{"line":30,"column":11}},"17":{"start":{"line":33,"column":6},"end":{"line":33,"column":16}},"18":{"start":{"line":34,"column":6},"end":{"line":34,"column":36}},"19":{"start":{"line":35,"column":6},"end":{"line":35,"column":11}},"20":{"start":{"line":38,"column":6},"end":{"line":38,"column":16}},"21":{"start":{"line":39,"column":6},"end":{"line":39,"column":49}},"22":{"start":{"line":40,"column":6},"end":{"line":40,"column":11}},"23":{"start":{"line":43,"column":6},"end":{"line":43,"column":16}},"24":{"start":{"line":44,"column":6},"end":{"line":44,"column":47}},"25":{"start":{"line":45,"column":6},"end":{"line":45,"column":11}},"26":{"start":{"line":48,"column":6},"end":{"line":48,"column":16}},"27":{"start":{"line":49,"column":6},"end":{"line":49,"column":46}},"28":{"start":{"line":50,"column":6},"end":{"line":50,"column":11}},"29":{"start":{"line":53,"column":6},"end":{"line":53,"column":16}},"30":{"start":{"line":54,"column":6},"end":{"line":54,"column":44}},"31":{"start":{"line":55,"column":6},"end":{"line":55,"column":11}},"32":{"start":{"line":58,"column":6},"end":{"line":58,"column":16}},"33":{"start":{"line":59,"column":6},"end":{"line":59,"column":56}},"34":{"start":{"line":60,"column":6},"end":{"line":60,"column":11}},"35":{"start":{"line":63,"column":6},"end":{"line":63,"column":16}},"36":{"start":{"line":64,"column":6},"end":{"line":64,"column":61}},"37":{"start":{"line":65,"column":6},"end":{"line":65,"column":11}},"38":{"start":{"line":68,"column":6},"end":{"line":68,"column":16}},"39":{"start":{"line":69,"column":6},"end":{"line":69,"column":38}},"40":{"start":{"line":70,"column":6},"end":{"line":70,"column":11}},"41":{"start":{"line":73,"column":6},"end":{"line":73,"column":16}},"42":{"start":{"line":74,"column":6},"end":{"line":74,"column":64}},"43":{"start":{"line":75,"column":6},"end":{"line":75,"column":11}},"44":{"start":{"line":78,"column":6},"end":{"line":78,"column":16}},"45":{"start":{"line":79,"column":6},"end":{"line":79,"column":39}},"46":{"start":{"line":80,"column":6},"end":{"line":80,"column":11}},"47":{"start":{"line":83,"column":2},"end":{"line":85,"column":4}},"48":{"start":{"line":88,"column":0},"end":{"line":88,"column":29}}},"fnMap":{"0":{"name":"(anonymous_0)","decl":{"start":{"line":1,"column":21},"end":{"line":1,"column":22}},"loc":{"start":{"line":1,"column":46},"end":{"line":86,"column":1}},"line":1}},"branchMap":{"0":{"loc":{"start":{"line":5,"column":2},"end":{"line":81,"column":3}},"type":"switch","locations":[{"start":{"line":6,"column":4},"end":{"line":9,"column":11}},{"start":{"line":11,"column":4},"end":{"line":14,"column":11}},{"start":{"line":16,"column":4},"end":{"line":19,"column":11}},{"start":{"line":21,"column":4},"end":{"line":24,"column":11}},{"start":{"line":26,"column":4},"end":{"line":26,"column":29}},{"start":{"line":27,"column":4},"end":{"line":30,"column":11}},{"start":{"line":32,"column":4},"end":{"line":35,"column":11}},{"start":{"line":37,"column":4},"end":{"line":40,"column":11}},{"start":{"line":42,"column":4},"end":{"line":45,"column":11}},{"start":{"line":47,"column":4},"end":{"line":50,"column":11}},{"start":{"line":52,"column":4},"end":{"line":55,"column":11}},{"start":{"line":57,"column":4},"end":{"line":60,"column":11}},{"start":{"line":62,"column":4},"end":{"line":65,"column":11}},{"start":{"line":67,"column":4},"end":{"line":70,"column":11}},{"start":{"line":72,"column":4},"end":{"line":75,"column":11}},{"start":{"line":77,"column":4},"end":{"line":80,"column":11}}],"line":5}},"s":{"0":5,"1":37,"2":2,"3":2,"4":2,"5":1,"6":1,"7":1,"8":1,"9":1,"10":1,"11":2,"12":2,"13":2,"14":13,"15":13,"16":13,"17":0,"18":0,"19":0,"20":1,"21":1,"22":1,"23":0,"24":0,"25":0,"26":1,"27":1,"28":1,"29":1,"30":1,"31":1,"32":1,"33":1,"34":1,"35":1,"36":1,"37":1,"38":0,"39":0,"40":0,"41":1,"42":1,"43":1,"44":12,"45":12,"46":12,"47":37,"48":5},"f":{"0":37},"b":{"0":[2,1,1,2,13,13,0,1,0,1,1,1,1,0,1,12]},"_coverageSchema":"1a1c01bbd47fc00a2c39e90264f33305004495a9","hash":"b942f43ee8d861bf1dc6afe5df63358d588309a9"}
,"/home/darwin/Documents/Hacktiv8/Phase-3/APIMAN.io/server/middlewares/multer.js": {"path":"/home/darwin/Documents/Hacktiv8/Phase-3/APIMAN.io/server/middlewares/multer.js","statementMap":{"0":{"start":{"line":1,"column":15},"end":{"line":1,"column":32}},"1":{"start":{"line":2,"column":16},"end":{"line":2,"column":38}},"2":{"start":{"line":4,"column":15},"end":{"line":4,"column":43}},"3":{"start":{"line":6,"column":0},"end":{"line":6,"column":28}}},"fnMap":{},"branchMap":{},"s":{"0":5,"1":5,"2":5,"3":5},"f":{},"b":{},"_coverageSchema":"1a1c01bbd47fc00a2c39e90264f33305004495a9","hash":"a5d100476132c28082fd56e24d4a496431b2ab7f"}
,"/home/darwin/Documents/Hacktiv8/Phase-3/APIMAN.io/server/middlewares/read-request-validation.js": {"path":"/home/darwin/Documents/Hacktiv8/Phase-3/APIMAN.io/server/middlewares/read-request-validation.js","statementMap":{"0":{"start":{"line":1,"column":30},"end":{"line":15,"column":1}},"1":{"start":{"line":2,"column":2},"end":{"line":14,"column":3}},"2":{"start":{"line":3,"column":4},"end":{"line":5,"column":5}},"3":{"start":{"line":4,"column":6},"end":{"line":4,"column":31}},"4":{"start":{"line":7,"column":4},"end":{"line":9,"column":5}},"5":{"start":{"line":8,"column":6},"end":{"line":8,"column":38}},"6":{"start":{"line":11,"column":4},"end":{"line":11,"column":11}},"7":{"start":{"line":13,"column":4},"end":{"line":13,"column":14}},"8":{"start":{"line":17,"column":0},"end":{"line":17,"column":39}}},"fnMap":{"0":{"name":"(anonymous_0)","decl":{"start":{"line":1,"column":30},"end":{"line":1,"column":31}},"loc":{"start":{"line":1,"column":56},"end":{"line":15,"column":1}},"line":1}},"branchMap":{"0":{"loc":{"start":{"line":3,"column":4},"end":{"line":5,"column":5}},"type":"if","locations":[{"start":{"line":3,"column":4},"end":{"line":5,"column":5}},{"start":{},"end":{}}],"line":3},"1":{"loc":{"start":{"line":7,"column":4},"end":{"line":9,"column":5}},"type":"if","locations":[{"start":{"line":7,"column":4},"end":{"line":9,"column":5}},{"start":{},"end":{}}],"line":7}},"s":{"0":5,"1":3,"2":3,"3":1,"4":2,"5":1,"6":1,"7":2,"8":5},"f":{"0":3},"b":{"0":[1,2],"1":[1,1]},"_coverageSchema":"1a1c01bbd47fc00a2c39e90264f33305004495a9","hash":"94b92536071c6e86704dcbb3137316869d1fe55b"}
,"/home/darwin/Documents/Hacktiv8/Phase-3/APIMAN.io/server/models/collections-model.js": {"path":"/home/darwin/Documents/Hacktiv8/Phase-3/APIMAN.io/server/models/collections-model.js","statementMap":{"0":{"start":{"line":1,"column":16},"end":{"line":1,"column":34}},"1":{"start":{"line":2,"column":24},"end":{"line":2,"column":50}},"2":{"start":{"line":6,"column":4},"end":{"line":6,"column":24}},"3":{"start":{"line":7,"column":15},"end":{"line":7,"column":28}},"4":{"start":{"line":8,"column":34},"end":{"line":8,"column":62}},"5":{"start":{"line":9,"column":24},"end":{"line":13,"column":16}},"6":{"start":{"line":15,"column":4},"end":{"line":15,"column":23}},"7":{"start":{"line":19,"column":15},"end":{"line":19,"column":28}},"8":{"start":{"line":20,"column":34},"end":{"line":20,"column":62}},"9":{"start":{"line":21,"column":23},"end":{"line":24,"column":6}},"10":{"start":{"line":26,"column":4},"end":{"line":26,"column":22}},"11":{"start":{"line":30,"column":15},"end":{"line":30,"column":28}},"12":{"start":{"line":31,"column":34},"end":{"line":31,"column":62}},"13":{"start":{"line":32,"column":23},"end":{"line":34,"column":6}},"14":{"start":{"line":36,"column":4},"end":{"line":36,"column":22}},"15":{"start":{"line":40,"column":15},"end":{"line":40,"column":28}},"16":{"start":{"line":41,"column":34},"end":{"line":41,"column":62}},"17":{"start":{"line":42,"column":4},"end":{"line":51,"column":6}},"18":{"start":{"line":53,"column":30},"end":{"line":55,"column":6}},"19":{"start":{"line":57,"column":4},"end":{"line":57,"column":29}},"20":{"start":{"line":61,"column":15},"end":{"line":61,"column":28}},"21":{"start":{"line":62,"column":34},"end":{"line":62,"column":62}},"22":{"start":{"line":64,"column":31},"end":{"line":66,"column":6}},"23":{"start":{"line":68,"column":4},"end":{"line":70,"column":7}},"24":{"start":{"line":72,"column":4},"end":{"line":72,"column":30}},"25":{"start":{"line":76,"column":15},"end":{"line":76,"column":28}},"26":{"start":{"line":77,"column":34},"end":{"line":77,"column":62}},"27":{"start":{"line":78,"column":23},"end":{"line":82,"column":16}},"28":{"start":{"line":84,"column":4},"end":{"line":84,"column":22}},"29":{"start":{"line":88,"column":0},"end":{"line":88,"column":34}}},"fnMap":{"0":{"name":"(anonymous_0)","decl":{"start":{"line":5,"column":2},"end":{"line":5,"column":3}},"loc":{"start":{"line":5,"column":46},"end":{"line":16,"column":3}},"line":5},"1":{"name":"(anonymous_1)","decl":{"start":{"line":18,"column":2},"end":{"line":18,"column":3}},"loc":{"start":{"line":18,"column":46},"end":{"line":27,"column":3}},"line":18},"2":{"name":"(anonymous_2)","decl":{"start":{"line":29,"column":2},"end":{"line":29,"column":3}},"loc":{"start":{"line":29,"column":37},"end":{"line":37,"column":3}},"line":29},"3":{"name":"(anonymous_3)","decl":{"start":{"line":39,"column":2},"end":{"line":39,"column":3}},"loc":{"start":{"line":39,"column":46},"end":{"line":58,"column":3}},"line":39},"4":{"name":"(anonymous_4)","decl":{"start":{"line":60,"column":2},"end":{"line":60,"column":3}},"loc":{"start":{"line":60,"column":40},"end":{"line":73,"column":3}},"line":60},"5":{"name":"(anonymous_5)","decl":{"start":{"line":75,"column":2},"end":{"line":75,"column":3}},"loc":{"start":{"line":75,"column":43},"end":{"line":85,"column":3}},"line":75}},"branchMap":{},"s":{"0":5,"1":5,"2":1,"3":1,"4":1,"5":1,"6":1,"7":1,"8":1,"9":1,"10":1,"11":2,"12":2,"13":2,"14":1,"15":4,"16":4,"17":4,"18":1,"19":1,"20":1,"21":1,"22":1,"23":1,"24":1,"25":1,"26":1,"27":1,"28":1,"29":5},"f":{"0":1,"1":1,"2":2,"3":4,"4":1,"5":1},"b":{},"_coverageSchema":"1a1c01bbd47fc00a2c39e90264f33305004495a9","hash":"fe3fb5ce5034bbeb78be5952142ee8ab540b852b"}
,"/home/darwin/Documents/Hacktiv8/Phase-3/APIMAN.io/server/models/histories-model.js": {"path":"/home/darwin/Documents/Hacktiv8/Phase-3/APIMAN.io/server/models/histories-model.js","statementMap":{"0":{"start":{"line":1,"column":16},"end":{"line":1,"column":34}},"1":{"start":{"line":2,"column":24},"end":{"line":2,"column":50}},"2":{"start":{"line":6,"column":15},"end":{"line":6,"column":28}},"3":{"start":{"line":7,"column":32},"end":{"line":7,"column":58}},"4":{"start":{"line":8,"column":22},"end":{"line":15,"column":16}},"5":{"start":{"line":17,"column":4},"end":{"line":17,"column":21}},"6":{"start":{"line":21,"column":15},"end":{"line":21,"column":28}},"7":{"start":{"line":22,"column":32},"end":{"line":22,"column":58}},"8":{"start":{"line":24,"column":22},"end":{"line":28,"column":16}},"9":{"start":{"line":30,"column":4},"end":{"line":30,"column":21}},"10":{"start":{"line":34,"column":15},"end":{"line":34,"column":28}},"11":{"start":{"line":35,"column":32},"end":{"line":35,"column":58}},"12":{"start":{"line":36,"column":4},"end":{"line":45,"column":7}},"13":{"start":{"line":47,"column":23},"end":{"line":51,"column":16}},"14":{"start":{"line":53,"column":4},"end":{"line":53,"column":22}},"15":{"start":{"line":57,"column":15},"end":{"line":57,"column":28}},"16":{"start":{"line":58,"column":32},"end":{"line":58,"column":58}},"17":{"start":{"line":59,"column":20},"end":{"line":61,"column":6}},"18":{"start":{"line":63,"column":4},"end":{"line":63,"column":19}},"19":{"start":{"line":67,"column":15},"end":{"line":67,"column":28}},"20":{"start":{"line":68,"column":32},"end":{"line":68,"column":58}},"21":{"start":{"line":70,"column":25},"end":{"line":72,"column":6}},"22":{"start":{"line":74,"column":4},"end":{"line":83,"column":6}},"23":{"start":{"line":85,"column":4},"end":{"line":85,"column":24}},"24":{"start":{"line":89,"column":15},"end":{"line":89,"column":28}},"25":{"start":{"line":90,"column":32},"end":{"line":90,"column":58}},"26":{"start":{"line":92,"column":28},"end":{"line":94,"column":6}},"27":{"start":{"line":96,"column":4},"end":{"line":98,"column":7}},"28":{"start":{"line":100,"column":4},"end":{"line":100,"column":27}},"29":{"start":{"line":105,"column":15},"end":{"line":105,"column":28}},"30":{"start":{"line":106,"column":32},"end":{"line":106,"column":58}},"31":{"start":{"line":108,"column":4},"end":{"line":120,"column":6}},"32":{"start":{"line":124,"column":0},"end":{"line":124,"column":32}}},"fnMap":{"0":{"name":"(anonymous_0)","decl":{"start":{"line":5,"column":2},"end":{"line":5,"column":3}},"loc":{"start":{"line":5,"column":47},"end":{"line":18,"column":3}},"line":5},"1":{"name":"(anonymous_1)","decl":{"start":{"line":20,"column":2},"end":{"line":20,"column":3}},"loc":{"start":{"line":20,"column":56},"end":{"line":31,"column":3}},"line":20},"2":{"name":"(anonymous_2)","decl":{"start":{"line":33,"column":2},"end":{"line":33,"column":3}},"loc":{"start":{"line":33,"column":75},"end":{"line":54,"column":3}},"line":33},"3":{"name":"(anonymous_3)","decl":{"start":{"line":56,"column":2},"end":{"line":56,"column":3}},"loc":{"start":{"line":56,"column":34},"end":{"line":64,"column":3}},"line":56},"4":{"name":"(anonymous_4)","decl":{"start":{"line":66,"column":2},"end":{"line":66,"column":3}},"loc":{"start":{"line":66,"column":63},"end":{"line":86,"column":3}},"line":66},"5":{"name":"(anonymous_5)","decl":{"start":{"line":88,"column":2},"end":{"line":88,"column":3}},"loc":{"start":{"line":88,"column":37},"end":{"line":101,"column":3}},"line":88},"6":{"name":"(anonymous_6)","decl":{"start":{"line":104,"column":2},"end":{"line":104,"column":3}},"loc":{"start":{"line":104,"column":48},"end":{"line":121,"column":3}},"line":104}},"branchMap":{},"s":{"0":5,"1":5,"2":1,"3":1,"4":1,"5":1,"6":2,"7":2,"8":2,"9":2,"10":3,"11":3,"12":3,"13":3,"14":3,"15":2,"16":2,"17":2,"18":2,"19":1,"20":1,"21":1,"22":1,"23":1,"24":2,"25":2,"26":2,"27":2,"28":2,"29":1,"30":1,"31":1,"32":5},"f":{"0":1,"1":2,"2":3,"3":2,"4":1,"5":2,"6":1},"b":{},"_coverageSchema":"1a1c01bbd47fc00a2c39e90264f33305004495a9","hash":"ba4977a9fab80323e6894d8b8f7f0a46849121a9"}
,"/home/darwin/Documents/Hacktiv8/Phase-3/APIMAN.io/server/models/requests-model.js": {"path":"/home/darwin/Documents/Hacktiv8/Phase-3/APIMAN.io/server/models/requests-model.js","statementMap":{"0":{"start":{"line":1,"column":16},"end":{"line":1,"column":34}},"1":{"start":{"line":2,"column":24},"end":{"line":2,"column":50}},"2":{"start":{"line":6,"column":15},"end":{"line":6,"column":28}},"3":{"start":{"line":7,"column":31},"end":{"line":7,"column":56}},"4":{"start":{"line":9,"column":4},"end":{"line":11,"column":7}},"5":{"start":{"line":10,"column":6},"end":{"line":10,"column":28}},"6":{"start":{"line":13,"column":4},"end":{"line":13,"column":49}},"7":{"start":{"line":15,"column":4},"end":{"line":15,"column":19}},"8":{"start":{"line":19,"column":15},"end":{"line":19,"column":28}},"9":{"start":{"line":20,"column":31},"end":{"line":20,"column":56}},"10":{"start":{"line":22,"column":21},"end":{"line":26,"column":16}},"11":{"start":{"line":28,"column":4},"end":{"line":28,"column":20}},"12":{"start":{"line":32,"column":15},"end":{"line":32,"column":28}},"13":{"start":{"line":33,"column":31},"end":{"line":33,"column":56}},"14":{"start":{"line":35,"column":20},"end":{"line":37,"column":6}},"15":{"start":{"line":39,"column":4},"end":{"line":39,"column":19}},"16":{"start":{"line":43,"column":15},"end":{"line":43,"column":28}},"17":{"start":{"line":44,"column":31},"end":{"line":44,"column":56}},"18":{"start":{"line":46,"column":27},"end":{"line":48,"column":6}},"19":{"start":{"line":50,"column":4},"end":{"line":52,"column":7}},"20":{"start":{"line":54,"column":4},"end":{"line":54,"column":26}},"21":{"start":{"line":58,"column":0},"end":{"line":58,"column":31}}},"fnMap":{"0":{"name":"(anonymous_0)","decl":{"start":{"line":5,"column":2},"end":{"line":5,"column":3}},"loc":{"start":{"line":5,"column":46},"end":{"line":16,"column":3}},"line":5},"1":{"name":"(anonymous_1)","decl":{"start":{"line":9,"column":20},"end":{"line":9,"column":21}},"loc":{"start":{"line":9,"column":28},"end":{"line":11,"column":5}},"line":9},"2":{"name":"(anonymous_2)","decl":{"start":{"line":18,"column":2},"end":{"line":18,"column":3}},"loc":{"start":{"line":18,"column":43},"end":{"line":29,"column":3}},"line":18},"3":{"name":"(anonymous_3)","decl":{"start":{"line":31,"column":2},"end":{"line":31,"column":3}},"loc":{"start":{"line":31,"column":34},"end":{"line":40,"column":3}},"line":31},"4":{"name":"(anonymous_4)","decl":{"start":{"line":42,"column":2},"end":{"line":42,"column":3}},"loc":{"start":{"line":42,"column":37},"end":{"line":55,"column":3}},"line":42}},"branchMap":{},"s":{"0":5,"1":5,"2":1,"3":1,"4":1,"5":2,"6":1,"7":1,"8":1,"9":1,"10":1,"11":1,"12":2,"13":2,"14":2,"15":2,"16":2,"17":2,"18":2,"19":2,"20":2,"21":5},"f":{"0":1,"1":2,"2":1,"3":2,"4":2},"b":{},"_coverageSchema":"1a1c01bbd47fc00a2c39e90264f33305004495a9","hash":"1496326e2af46d913b737da85b398eccfa90507e"}
,"/home/darwin/Documents/Hacktiv8/Phase-3/APIMAN.io/server/models/results-model.js": {"path":"/home/darwin/Documents/Hacktiv8/Phase-3/APIMAN.io/server/models/results-model.js","statementMap":{"0":{"start":{"line":1,"column":16},"end":{"line":1,"column":34}},"1":{"start":{"line":2,"column":24},"end":{"line":2,"column":50}},"2":{"start":{"line":6,"column":15},"end":{"line":6,"column":28}},"3":{"start":{"line":7,"column":30},"end":{"line":7,"column":54}},"4":{"start":{"line":8,"column":20},"end":{"line":8,"column":78}},"5":{"start":{"line":9,"column":4},"end":{"line":9,"column":19}},"6":{"start":{"line":20,"column":15},"end":{"line":20,"column":28}},"7":{"start":{"line":21,"column":30},"end":{"line":21,"column":54}},"8":{"start":{"line":22,"column":19},"end":{"line":29,"column":6}},"9":{"start":{"line":30,"column":4},"end":{"line":30,"column":18}},"10":{"start":{"line":34,"column":15},"end":{"line":34,"column":28}},"11":{"start":{"line":35,"column":30},"end":{"line":35,"column":54}},"12":{"start":{"line":36,"column":19},"end":{"line":38,"column":6}},"13":{"start":{"line":39,"column":4},"end":{"line":39,"column":18}},"14":{"start":{"line":43,"column":15},"end":{"line":43,"column":28}},"15":{"start":{"line":44,"column":30},"end":{"line":44,"column":54}},"16":{"start":{"line":45,"column":27},"end":{"line":47,"column":6}},"17":{"start":{"line":48,"column":4},"end":{"line":50,"column":7}},"18":{"start":{"line":51,"column":4},"end":{"line":51,"column":26}},"19":{"start":{"line":55,"column":15},"end":{"line":55,"column":28}},"20":{"start":{"line":56,"column":30},"end":{"line":56,"column":54}},"21":{"start":{"line":57,"column":19},"end":{"line":61,"column":16}},"22":{"start":{"line":63,"column":4},"end":{"line":63,"column":18}},"23":{"start":{"line":67,"column":0},"end":{"line":67,"column":30}}},"fnMap":{"0":{"name":"(anonymous_0)","decl":{"start":{"line":5,"column":2},"end":{"line":5,"column":3}},"loc":{"start":{"line":5,"column":42},"end":{"line":10,"column":3}},"line":5},"1":{"name":"(anonymous_1)","decl":{"start":{"line":12,"column":2},"end":{"line":12,"column":3}},"loc":{"start":{"line":19,"column":4},"end":{"line":31,"column":3}},"line":19},"2":{"name":"(anonymous_2)","decl":{"start":{"line":33,"column":2},"end":{"line":33,"column":3}},"loc":{"start":{"line":33,"column":34},"end":{"line":40,"column":3}},"line":33},"3":{"name":"(anonymous_3)","decl":{"start":{"line":42,"column":2},"end":{"line":42,"column":3}},"loc":{"start":{"line":42,"column":36},"end":{"line":52,"column":3}},"line":42},"4":{"name":"(anonymous_4)","decl":{"start":{"line":54,"column":2},"end":{"line":54,"column":3}},"loc":{"start":{"line":54,"column":39},"end":{"line":64,"column":3}},"line":54}},"branchMap":{},"s":{"0":5,"1":5,"2":1,"3":1,"4":1,"5":1,"6":1,"7":1,"8":1,"9":1,"10":2,"11":2,"12":2,"13":2,"14":2,"15":2,"16":2,"17":2,"18":2,"19":1,"20":1,"21":1,"22":1,"23":5},"f":{"0":1,"1":1,"2":2,"3":2,"4":1},"b":{},"_coverageSchema":"1a1c01bbd47fc00a2c39e90264f33305004495a9","hash":"0c59d5251e97378ac8882eab79e0b19b531dad07"}
,"/home/darwin/Documents/Hacktiv8/Phase-3/APIMAN.io/server/models/users-model.js": {"path":"/home/darwin/Documents/Hacktiv8/Phase-3/APIMAN.io/server/models/users-model.js","statementMap":{"0":{"start":{"line":1,"column":16},"end":{"line":1,"column":34}},"1":{"start":{"line":2,"column":24},"end":{"line":2,"column":50}},"2":{"start":{"line":4,"column":25},"end":{"line":4,"column":53}},"3":{"start":{"line":5,"column":15},"end":{"line":5,"column":32}},"4":{"start":{"line":9,"column":63},"end":{"line":9,"column":70}},"5":{"start":{"line":10,"column":15},"end":{"line":10,"column":28}},"6":{"start":{"line":11,"column":28},"end":{"line":11,"column":50}},"7":{"start":{"line":13,"column":17},"end":{"line":19,"column":6}},"8":{"start":{"line":21,"column":4},"end":{"line":21,"column":16}},"9":{"start":{"line":25,"column":22},"end":{"line":25,"column":29}},"10":{"start":{"line":26,"column":4},"end":{"line":26,"column":25}},"11":{"start":{"line":27,"column":15},"end":{"line":27,"column":28}},"12":{"start":{"line":28,"column":28},"end":{"line":28,"column":50}},"13":{"start":{"line":30,"column":21},"end":{"line":32,"column":6}},"14":{"start":{"line":34,"column":4},"end":{"line":34,"column":20}},"15":{"start":{"line":38,"column":15},"end":{"line":38,"column":28}},"16":{"start":{"line":39,"column":28},"end":{"line":39,"column":50}},"17":{"start":{"line":41,"column":22},"end":{"line":43,"column":6}},"18":{"start":{"line":45,"column":4},"end":{"line":45,"column":21}},"19":{"start":{"line":49,"column":15},"end":{"line":49,"column":28}},"20":{"start":{"line":50,"column":28},"end":{"line":50,"column":50}},"21":{"start":{"line":52,"column":21},"end":{"line":54,"column":6}},"22":{"start":{"line":56,"column":4},"end":{"line":56,"column":20}},"23":{"start":{"line":60,"column":15},"end":{"line":60,"column":28}},"24":{"start":{"line":61,"column":28},"end":{"line":61,"column":50}},"25":{"start":{"line":63,"column":21},"end":{"line":65,"column":6}},"26":{"start":{"line":67,"column":4},"end":{"line":67,"column":20}},"27":{"start":{"line":71,"column":15},"end":{"line":71,"column":28}},"28":{"start":{"line":72,"column":28},"end":{"line":72,"column":50}},"29":{"start":{"line":73,"column":17},"end":{"line":77,"column":16}},"30":{"start":{"line":79,"column":4},"end":{"line":79,"column":16}},"31":{"start":{"line":83,"column":4},"end":{"line":83,"column":41}},"32":{"start":{"line":84,"column":28},"end":{"line":84,"column":41}},"33":{"start":{"line":85,"column":27},"end":{"line":85,"column":39}},"34":{"start":{"line":86,"column":32},"end":{"line":86,"column":49}},"35":{"start":{"line":87,"column":31},"end":{"line":87,"column":47}},"36":{"start":{"line":88,"column":15},"end":{"line":88,"column":28}},"37":{"start":{"line":89,"column":28},"end":{"line":89,"column":50}},"38":{"start":{"line":91,"column":23},"end":{"line":99,"column":10}},"39":{"start":{"line":100,"column":4},"end":{"line":100,"column":24}},"40":{"start":{"line":104,"column":15},"end":{"line":104,"column":28}},"41":{"start":{"line":105,"column":28},"end":{"line":105,"column":50}},"42":{"start":{"line":107,"column":18},"end":{"line":115,"column":6}},"43":{"start":{"line":108,"column":6},"end":{"line":114,"column":9}},"44":{"start":{"line":109,"column":8},"end":{"line":111,"column":9}},"45":{"start":{"line":110,"column":10},"end":{"line":110,"column":43}},"46":{"start":{"line":113,"column":8},"end":{"line":113,"column":37}},"47":{"start":{"line":117,"column":4},"end":{"line":127,"column":6}},"48":{"start":{"line":129,"column":4},"end":{"line":129,"column":17}},"49":{"start":{"line":133,"column":15},"end":{"line":133,"column":28}},"50":{"start":{"line":134,"column":28},"end":{"line":134,"column":50}},"51":{"start":{"line":136,"column":17},"end":{"line":141,"column":6}},"52":{"start":{"line":143,"column":4},"end":{"line":143,"column":16}},"53":{"start":{"line":147,"column":15},"end":{"line":147,"column":28}},"54":{"start":{"line":148,"column":28},"end":{"line":148,"column":50}},"55":{"start":{"line":150,"column":4},"end":{"line":161,"column":6}},"56":{"start":{"line":163,"column":4},"end":{"line":163,"column":11}},"57":{"start":{"line":167,"column":0},"end":{"line":167,"column":28}}},"fnMap":{"0":{"name":"(anonymous_0)","decl":{"start":{"line":8,"column":2},"end":{"line":8,"column":3}},"loc":{"start":{"line":8,"column":33},"end":{"line":22,"column":3}},"line":8},"1":{"name":"(anonymous_1)","decl":{"start":{"line":24,"column":2},"end":{"line":24,"column":3}},"loc":{"start":{"line":24,"column":30},"end":{"line":35,"column":3}},"line":24},"2":{"name":"(anonymous_2)","decl":{"start":{"line":37,"column":2},"end":{"line":37,"column":3}},"loc":{"start":{"line":37,"column":35},"end":{"line":46,"column":3}},"line":37},"3":{"name":"(anonymous_3)","decl":{"start":{"line":48,"column":2},"end":{"line":48,"column":3}},"loc":{"start":{"line":48,"column":44},"end":{"line":57,"column":3}},"line":48},"4":{"name":"(anonymous_4)","decl":{"start":{"line":59,"column":2},"end":{"line":59,"column":3}},"loc":{"start":{"line":59,"column":38},"end":{"line":68,"column":3}},"line":59},"5":{"name":"(anonymous_5)","decl":{"start":{"line":70,"column":2},"end":{"line":70,"column":3}},"loc":{"start":{"line":70,"column":37},"end":{"line":80,"column":3}},"line":70},"6":{"name":"(anonymous_6)","decl":{"start":{"line":82,"column":2},"end":{"line":82,"column":3}},"loc":{"start":{"line":82,"column":36},"end":{"line":101,"column":3}},"line":82},"7":{"name":"(anonymous_7)","decl":{"start":{"line":103,"column":2},"end":{"line":103,"column":3}},"loc":{"start":{"line":103,"column":43},"end":{"line":130,"column":3}},"line":103},"8":{"name":"(anonymous_8)","decl":{"start":{"line":107,"column":36},"end":{"line":107,"column":37}},"loc":{"start":{"line":107,"column":57},"end":{"line":115,"column":5}},"line":107},"9":{"name":"(anonymous_9)","decl":{"start":{"line":108,"column":29},"end":{"line":108,"column":30}},"loc":{"start":{"line":108,"column":43},"end":{"line":114,"column":7}},"line":108},"10":{"name":"(anonymous_10)","decl":{"start":{"line":132,"column":2},"end":{"line":132,"column":3}},"loc":{"start":{"line":132,"column":38},"end":{"line":144,"column":3}},"line":132},"11":{"name":"(anonymous_11)","decl":{"start":{"line":146,"column":2},"end":{"line":146,"column":3}},"loc":{"start":{"line":146,"column":53},"end":{"line":164,"column":3}},"line":146}},"branchMap":{"0":{"loc":{"start":{"line":91,"column":23},"end":{"line":99,"column":10}},"type":"cond-expr","locations":[{"start":{"line":92,"column":8},"end":{"line":92,"column":59}},{"start":{"line":93,"column":8},"end":{"line":99,"column":10}}],"line":91},"1":{"loc":{"start":{"line":109,"column":8},"end":{"line":111,"column":9}},"type":"if","locations":[{"start":{"line":109,"column":8},"end":{"line":111,"column":9}},{"start":{},"end":{}}],"line":109}},"s":{"0":5,"1":5,"2":5,"3":5,"4":19,"5":19,"6":19,"7":19,"8":19,"9":21,"10":21,"11":21,"12":21,"13":21,"14":21,"15":45,"16":45,"17":45,"18":45,"19":21,"20":21,"21":21,"22":21,"23":22,"24":22,"25":22,"26":22,"27":19,"28":19,"29":19,"30":19,"31":0,"32":0,"33":0,"34":0,"35":0,"36":0,"37":0,"38":0,"39":0,"40":1,"41":1,"42":1,"43":1,"44":1,"45":0,"46":1,"47":1,"48":1,"49":2,"50":2,"51":2,"52":2,"53":1,"54":1,"55":1,"56":1,"57":5},"f":{"0":19,"1":21,"2":45,"3":21,"4":22,"5":19,"6":0,"7":1,"8":1,"9":1,"10":2,"11":1},"b":{"0":[0,0],"1":[0,1]},"_coverageSchema":"1a1c01bbd47fc00a2c39e90264f33305004495a9","hash":"25412dbc8d5a8b3ad75fb8733564a9ef8a511721"}
,"/home/darwin/Documents/Hacktiv8/Phase-3/APIMAN.io/server/routes/collections-router.js": {"path":"/home/darwin/Documents/Hacktiv8/Phase-3/APIMAN.io/server/routes/collections-router.js","statementMap":{"0":{"start":{"line":1,"column":16},"end":{"line":1,"column":34}},"1":{"start":{"line":2,"column":30},"end":{"line":2,"column":78}},"2":{"start":{"line":3,"column":15},"end":{"line":3,"column":31}},"3":{"start":{"line":5,"column":0},"end":{"line":5,"column":57}},"4":{"start":{"line":7,"column":0},"end":{"line":7,"column":57}},"5":{"start":{"line":9,"column":0},"end":{"line":9,"column":62}},"6":{"start":{"line":11,"column":0},"end":{"line":11,"column":63}},"7":{"start":{"line":13,"column":0},"end":{"line":13,"column":60}},"8":{"start":{"line":15,"column":0},"end":{"line":15,"column":24}}},"fnMap":{},"branchMap":{},"s":{"0":5,"1":5,"2":5,"3":5,"4":5,"5":5,"6":5,"7":5,"8":5},"f":{},"b":{},"_coverageSchema":"1a1c01bbd47fc00a2c39e90264f33305004495a9","hash":"2785d25b25f535e48ff4788dfbe42d6d4b3f8f63"}
,"/home/darwin/Documents/Hacktiv8/Phase-3/APIMAN.io/server/routes/histories-router.js": {"path":"/home/darwin/Documents/Hacktiv8/Phase-3/APIMAN.io/server/routes/histories-router.js","statementMap":{"0":{"start":{"line":1,"column":16},"end":{"line":1,"column":34}},"1":{"start":{"line":2,"column":28},"end":{"line":2,"column":74}},"2":{"start":{"line":3,"column":15},"end":{"line":3,"column":31}},"3":{"start":{"line":5,"column":0},"end":{"line":5,"column":55}},"4":{"start":{"line":7,"column":0},"end":{"line":7,"column":61}},"5":{"start":{"line":9,"column":0},"end":{"line":12,"column":2}},"6":{"start":{"line":14,"column":0},"end":{"line":14,"column":71}},"7":{"start":{"line":16,"column":0},"end":{"line":16,"column":61}},"8":{"start":{"line":18,"column":0},"end":{"line":18,"column":24}}},"fnMap":{},"branchMap":{},"s":{"0":5,"1":5,"2":5,"3":5,"4":5,"5":5,"6":5,"7":5,"8":5},"f":{},"b":{},"_coverageSchema":"1a1c01bbd47fc00a2c39e90264f33305004495a9","hash":"dee40e835144910f0312cc008d72b1330649cb13"}
,"/home/darwin/Documents/Hacktiv8/Phase-3/APIMAN.io/server/routes/index.js": {"path":"/home/darwin/Documents/Hacktiv8/Phase-3/APIMAN.io/server/routes/index.js","statementMap":{"0":{"start":{"line":1,"column":16},"end":{"line":1,"column":34}},"1":{"start":{"line":2,"column":15},"end":{"line":2,"column":31}},"2":{"start":{"line":4,"column":21},"end":{"line":4,"column":60}},"3":{"start":{"line":5,"column":23},"end":{"line":5,"column":63}},"4":{"start":{"line":7,"column":17},"end":{"line":7,"column":45}},"5":{"start":{"line":8,"column":14},"end":{"line":8,"column":39}},"6":{"start":{"line":9,"column":20},"end":{"line":9,"column":51}},"7":{"start":{"line":10,"column":18},"end":{"line":10,"column":47}},"8":{"start":{"line":11,"column":16},"end":{"line":11,"column":43}},"9":{"start":{"line":12,"column":24},"end":{"line":12,"column":66}},"10":{"start":{"line":14,"column":0},"end":{"line":14,"column":51}},"11":{"start":{"line":15,"column":0},"end":{"line":15,"column":45}},"12":{"start":{"line":16,"column":0},"end":{"line":16,"column":64}},"13":{"start":{"line":17,"column":0},"end":{"line":17,"column":60}},"14":{"start":{"line":19,"column":0},"end":{"line":19,"column":27}},"15":{"start":{"line":21,"column":0},"end":{"line":21,"column":34}},"16":{"start":{"line":22,"column":0},"end":{"line":22,"column":28}},"17":{"start":{"line":23,"column":0},"end":{"line":23,"column":40}},"18":{"start":{"line":24,"column":0},"end":{"line":24,"column":36}},"19":{"start":{"line":25,"column":0},"end":{"line":25,"column":32}},"20":{"start":{"line":27,"column":0},"end":{"line":27,"column":25}},"21":{"start":{"line":29,"column":0},"end":{"line":29,"column":24}}},"fnMap":{},"branchMap":{},"s":{"0":5,"1":5,"2":5,"3":5,"4":5,"5":5,"6":5,"7":5,"8":5,"9":5,"10":5,"11":5,"12":5,"13":5,"14":5,"15":5,"16":5,"17":5,"18":5,"19":5,"20":5,"21":5},"f":{},"b":{},"_coverageSchema":"1a1c01bbd47fc00a2c39e90264f33305004495a9","hash":"e35ca96c5f91ddad2d91e19c7c1275a538106364"}
,"/home/darwin/Documents/Hacktiv8/Phase-3/APIMAN.io/server/routes/requests-router.js": {"path":"/home/darwin/Documents/Hacktiv8/Phase-3/APIMAN.io/server/routes/requests-router.js","statementMap":{"0":{"start":{"line":1,"column":16},"end":{"line":1,"column":34}},"1":{"start":{"line":2,"column":27},"end":{"line":2,"column":72}},"2":{"start":{"line":3,"column":19},"end":{"line":3,"column":51}},"3":{"start":{"line":4,"column":30},"end":{"line":4,"column":79}},"4":{"start":{"line":5,"column":15},"end":{"line":5,"column":31}},"5":{"start":{"line":7,"column":0},"end":{"line":7,"column":54}},"6":{"start":{"line":9,"column":0},"end":{"line":9,"column":60}},"7":{"start":{"line":11,"column":0},"end":{"line":11,"column":56}},"8":{"start":{"line":13,"column":0},"end":{"line":13,"column":48}},"9":{"start":{"line":15,"column":0},"end":{"line":20,"column":2}},"10":{"start":{"line":22,"column":0},"end":{"line":22,"column":24}}},"fnMap":{},"branchMap":{},"s":{"0":5,"1":5,"2":5,"3":5,"4":5,"5":5,"6":5,"7":5,"8":5,"9":5,"10":5},"f":{},"b":{},"_coverageSchema":"1a1c01bbd47fc00a2c39e90264f33305004495a9","hash":"b9e45fd675a4135585b61c2e001df3799c5213b0"}
,"/home/darwin/Documents/Hacktiv8/Phase-3/APIMAN.io/server/routes/results-router.js": {"path":"/home/darwin/Documents/Hacktiv8/Phase-3/APIMAN.io/server/routes/results-router.js","statementMap":{"0":{"start":{"line":1,"column":16},"end":{"line":1,"column":34}},"1":{"start":{"line":2,"column":26},"end":{"line":2,"column":70}},"2":{"start":{"line":3,"column":15},"end":{"line":3,"column":31}},"3":{"start":{"line":5,"column":0},"end":{"line":5,"column":48}},"4":{"start":{"line":6,"column":0},"end":{"line":6,"column":48}},"5":{"start":{"line":7,"column":0},"end":{"line":7,"column":51}},"6":{"start":{"line":8,"column":0},"end":{"line":8,"column":57}},"7":{"start":{"line":10,"column":0},"end":{"line":10,"column":23}}},"fnMap":{},"branchMap":{},"s":{"0":5,"1":5,"2":5,"3":5,"4":5,"5":5,"6":5,"7":5},"f":{},"b":{},"_coverageSchema":"1a1c01bbd47fc00a2c39e90264f33305004495a9","hash":"6050be73bc091a2703079e701566f9b20b710e14"}
,"/home/darwin/Documents/Hacktiv8/Phase-3/APIMAN.io/server/routes/users-router.js": {"path":"/home/darwin/Documents/Hacktiv8/Phase-3/APIMAN.io/server/routes/users-router.js","statementMap":{"0":{"start":{"line":1,"column":16},"end":{"line":1,"column":34}},"1":{"start":{"line":2,"column":24},"end":{"line":2,"column":66}},"2":{"start":{"line":3,"column":15},"end":{"line":3,"column":31}},"3":{"start":{"line":5,"column":0},"end":{"line":5,"column":59}},"4":{"start":{"line":7,"column":0},"end":{"line":7,"column":24}}},"fnMap":{},"branchMap":{},"s":{"0":5,"1":5,"2":5,"3":5,"4":5},"f":{},"b":{},"_coverageSchema":"1a1c01bbd47fc00a2c39e90264f33305004495a9","hash":"8b8908d3c1a76e4843f9dc4d8ac5b663c8eb84f8"}
}
