{"/home/darwin/Documents/Hacktiv8/Phase-3/APIMAN.io/server/app.js": {"path":"/home/darwin/Documents/Hacktiv8/Phase-3/APIMAN.io/server/app.js","statementMap":{"0":{"start":{"line":1,"column":0},"end":{"line":3,"column":1}},"1":{"start":{"line":2,"column":2},"end":{"line":2,"column":29}},"2":{"start":{"line":5,"column":16},"end":{"line":5,"column":34}},"3":{"start":{"line":6,"column":12},"end":{"line":6,"column":21}},"4":{"start":{"line":7,"column":13},"end":{"line":7,"column":37}},"5":{"start":{"line":8,"column":15},"end":{"line":8,"column":34}},"6":{"start":{"line":9,"column":13},"end":{"line":9,"column":28}},"7":{"start":{"line":11,"column":33},"end":{"line":11,"column":58}},"8":{"start":{"line":13,"column":0},"end":{"line":13,"column":16}},"9":{"start":{"line":14,"column":0},"end":{"line":14,"column":24}},"10":{"start":{"line":15,"column":0},"end":{"line":15,"column":48}},"11":{"start":{"line":17,"column":0},"end":{"line":17,"column":21}},"12":{"start":{"line":19,"column":0},"end":{"line":19,"column":21}}},"fnMap":{},"branchMap":{"0":{"loc":{"start":{"line":1,"column":0},"end":{"line":3,"column":1}},"type":"if","locations":[{"start":{"line":1,"column":0},"end":{"line":3,"column":1}},{"start":{},"end":{}}],"line":1},"1":{"loc":{"start":{"line":7,"column":13},"end":{"line":7,"column":37}},"type":"binary-expr","locations":[{"start":{"line":7,"column":13},"end":{"line":7,"column":29}},{"start":{"line":7,"column":33},"end":{"line":7,"column":37}}],"line":7}},"s":{"0":1,"1":1,"2":1,"3":1,"4":1,"5":1,"6":1,"7":1,"8":1,"9":1,"10":1,"11":1,"12":1},"f":{},"b":{"0":[1,0],"1":[1,1]},"_coverageSchema":"1a1c01bbd47fc00a2c39e90264f33305004495a9","hash":"2a890d6c3db3aefd7c38388f9f9c04f7d10e9d7a"}
,"/home/darwin/Documents/Hacktiv8/Phase-3/APIMAN.io/server/config/mongo.js": {"path":"/home/darwin/Documents/Hacktiv8/Phase-3/APIMAN.io/server/config/mongo.js","statementMap":{"0":{"start":{"line":1,"column":24},"end":{"line":1,"column":42}},"1":{"start":{"line":3,"column":12},"end":{"line":3,"column":39}},"2":{"start":{"line":5,"column":15},"end":{"line":5,"column":35}},"3":{"start":{"line":7,"column":15},"end":{"line":7,"column":23}},"4":{"start":{"line":8,"column":15},"end":{"line":8,"column":19}},"5":{"start":{"line":11,"column":2},"end":{"line":11,"column":25}},"6":{"start":{"line":12,"column":2},"end":{"line":12,"column":50}},"7":{"start":{"line":13,"column":13},"end":{"line":13,"column":30}},"8":{"start":{"line":15,"column":2},"end":{"line":15,"column":16}},"9":{"start":{"line":19,"column":2},"end":{"line":19,"column":18}},"10":{"start":{"line":22,"column":0},"end":{"line":22,"column":42}}},"fnMap":{"0":{"name":"connect","decl":{"start":{"line":10,"column":15},"end":{"line":10,"column":22}},"loc":{"start":{"line":10,"column":25},"end":{"line":16,"column":1}},"line":10},"1":{"name":"getDatabase","decl":{"start":{"line":18,"column":9},"end":{"line":18,"column":20}},"loc":{"start":{"line":18,"column":23},"end":{"line":20,"column":1}},"line":18}},"branchMap":{},"s":{"0":1,"1":1,"2":1,"3":1,"4":1,"5":10,"6":10,"7":10,"8":10,"9":70,"10":1},"f":{"0":10,"1":70},"b":{},"_coverageSchema":"1a1c01bbd47fc00a2c39e90264f33305004495a9","hash":"2ecce356fbc0e69a186b2bb2f52a90c64f8447b2"}
,"/home/darwin/Documents/Hacktiv8/Phase-3/APIMAN.io/server/config/redis.js": {"path":"/home/darwin/Documents/Hacktiv8/Phase-3/APIMAN.io/server/config/redis.js","statementMap":{"0":{"start":{"line":1,"column":14},"end":{"line":1,"column":32}},"1":{"start":{"line":3,"column":14},"end":{"line":3,"column":25}},"2":{"start":{"line":5,"column":0},"end":{"line":5,"column":23}}},"fnMap":{},"branchMap":{},"s":{"0":1,"1":1,"2":1},"f":{},"b":{},"_coverageSchema":"1a1c01bbd47fc00a2c39e90264f33305004495a9","hash":"a9d3b9241085933929e3f05352cd4e8e3d511888"}
,"/home/darwin/Documents/Hacktiv8/Phase-3/APIMAN.io/server/controllers/collections-controller.js": {"path":"/home/darwin/Documents/Hacktiv8/Phase-3/APIMAN.io/server/controllers/collections-controller.js","statementMap":{"0":{"start":{"line":1,"column":25},"end":{"line":1,"column":63}},"1":{"start":{"line":2,"column":23},"end":{"line":2,"column":59}},"2":{"start":{"line":6,"column":4},"end":{"line":14,"column":5}},"3":{"start":{"line":7,"column":26},"end":{"line":9,"column":7}},"4":{"start":{"line":11,"column":6},"end":{"line":11,"column":40}},"5":{"start":{"line":13,"column":6},"end":{"line":13,"column":16}},"6":{"start":{"line":18,"column":4},"end":{"line":33,"column":5}},"7":{"start":{"line":19,"column":23},"end":{"line":19,"column":31}},"8":{"start":{"line":21,"column":6},"end":{"line":23,"column":7}},"9":{"start":{"line":22,"column":8},"end":{"line":22,"column":46}},"10":{"start":{"line":25,"column":6},"end":{"line":25,"column":65}},"11":{"start":{"line":27,"column":28},"end":{"line":27,"column":78}},"12":{"start":{"line":29,"column":6},"end":{"line":29,"column":42}},"13":{"start":{"line":31,"column":6},"end":{"line":31,"column":23}},"14":{"start":{"line":32,"column":6},"end":{"line":32,"column":16}},"15":{"start":{"line":37,"column":4},"end":{"line":49,"column":5}},"16":{"start":{"line":38,"column":21},"end":{"line":38,"column":31}},"17":{"start":{"line":40,"column":6},"end":{"line":42,"column":7}},"18":{"start":{"line":41,"column":8},"end":{"line":41,"column":44}},"19":{"start":{"line":44,"column":30},"end":{"line":44,"column":74}},"20":{"start":{"line":46,"column":6},"end":{"line":46,"column":44}},"21":{"start":{"line":48,"column":6},"end":{"line":48,"column":16}},"22":{"start":{"line":53,"column":4},"end":{"line":64,"column":5}},"23":{"start":{"line":54,"column":27},"end":{"line":54,"column":35}},"24":{"start":{"line":56,"column":32},"end":{"line":59,"column":7}},"25":{"start":{"line":61,"column":6},"end":{"line":61,"column":46}},"26":{"start":{"line":63,"column":6},"end":{"line":63,"column":16}},"27":{"start":{"line":68,"column":4},"end":{"line":83,"column":5}},"28":{"start":{"line":69,"column":21},"end":{"line":69,"column":29}},"29":{"start":{"line":71,"column":6},"end":{"line":73,"column":7}},"30":{"start":{"line":72,"column":8},"end":{"line":72,"column":44}},"31":{"start":{"line":75,"column":32},"end":{"line":75,"column":79}},"32":{"start":{"line":78,"column":6},"end":{"line":78,"column":50}},"33":{"start":{"line":80,"column":6},"end":{"line":80,"column":46}},"34":{"start":{"line":82,"column":6},"end":{"line":82,"column":16}},"35":{"start":{"line":87,"column":0},"end":{"line":87,"column":39}}},"fnMap":{"0":{"name":"(anonymous_0)","decl":{"start":{"line":5,"column":2},"end":{"line":5,"column":3}},"loc":{"start":{"line":5,"column":49},"end":{"line":15,"column":3}},"line":5},"1":{"name":"(anonymous_1)","decl":{"start":{"line":17,"column":2},"end":{"line":17,"column":3}},"loc":{"start":{"line":17,"column":48},"end":{"line":34,"column":3}},"line":17},"2":{"name":"(anonymous_2)","decl":{"start":{"line":36,"column":2},"end":{"line":36,"column":3}},"loc":{"start":{"line":36,"column":49},"end":{"line":50,"column":3}},"line":36},"3":{"name":"(anonymous_3)","decl":{"start":{"line":52,"column":2},"end":{"line":52,"column":3}},"loc":{"start":{"line":52,"column":52},"end":{"line":65,"column":3}},"line":52},"4":{"name":"(anonymous_4)","decl":{"start":{"line":67,"column":2},"end":{"line":67,"column":3}},"loc":{"start":{"line":67,"column":52},"end":{"line":84,"column":3}},"line":67}},"branchMap":{"0":{"loc":{"start":{"line":21,"column":6},"end":{"line":23,"column":7}},"type":"if","locations":[{"start":{"line":21,"column":6},"end":{"line":23,"column":7}},{"start":{},"end":{}}],"line":21},"1":{"loc":{"start":{"line":40,"column":6},"end":{"line":42,"column":7}},"type":"if","locations":[{"start":{"line":40,"column":6},"end":{"line":42,"column":7}},{"start":{},"end":{}}],"line":40},"2":{"loc":{"start":{"line":71,"column":6},"end":{"line":73,"column":7}},"type":"if","locations":[{"start":{"line":71,"column":6},"end":{"line":73,"column":7}},{"start":{},"end":{}}],"line":71}},"s":{"0":1,"1":1,"2":0,"3":0,"4":0,"5":0,"6":0,"7":0,"8":0,"9":0,"10":0,"11":0,"12":0,"13":0,"14":0,"15":0,"16":0,"17":0,"18":0,"19":0,"20":0,"21":0,"22":0,"23":0,"24":0,"25":0,"26":0,"27":0,"28":0,"29":0,"30":0,"31":0,"32":0,"33":0,"34":0,"35":1},"f":{"0":0,"1":0,"2":0,"3":0,"4":0},"b":{"0":[0,0],"1":[0,0],"2":[0,0]},"_coverageSchema":"1a1c01bbd47fc00a2c39e90264f33305004495a9","hash":"4f1e322be3fdaff3118feceb4d0f43b1cdaee414"}
,"/home/darwin/Documents/Hacktiv8/Phase-3/APIMAN.io/server/controllers/histories-controller.js": {"path":"/home/darwin/Documents/Hacktiv8/Phase-3/APIMAN.io/server/controllers/histories-controller.js","statementMap":{"0":{"start":{"line":1,"column":23},"end":{"line":1,"column":59}},"1":{"start":{"line":2,"column":14},"end":{"line":2,"column":40}},"2":{"start":{"line":6,"column":4},"end":{"line":23,"column":5}},"3":{"start":{"line":8,"column":29},"end":{"line":8,"column":57}},"4":{"start":{"line":9,"column":35},"end":{"line":9,"column":69}},"5":{"start":{"line":11,"column":6},"end":{"line":18,"column":7}},"6":{"start":{"line":12,"column":8},"end":{"line":12,"column":47}},"7":{"start":{"line":14,"column":8},"end":{"line":14,"column":78}},"8":{"start":{"line":16,"column":8},"end":{"line":16,"column":64}},"9":{"start":{"line":17,"column":8},"end":{"line":17,"column":56}},"10":{"start":{"line":20,"column":6},"end":{"line":20,"column":38}},"11":{"start":{"line":22,"column":6},"end":{"line":22,"column":16}},"12":{"start":{"line":27,"column":4},"end":{"line":57,"column":5}},"13":{"start":{"line":28,"column":31},"end":{"line":28,"column":41}},"14":{"start":{"line":31,"column":39},"end":{"line":31,"column":77}},"15":{"start":{"line":32,"column":41},"end":{"line":34,"column":7}},"16":{"start":{"line":36,"column":6},"end":{"line":52,"column":7}},"17":{"start":{"line":40,"column":8},"end":{"line":40,"column":57}},"18":{"start":{"line":42,"column":8},"end":{"line":44,"column":10}},"19":{"start":{"line":46,"column":8},"end":{"line":48,"column":9}},"20":{"start":{"line":47,"column":10},"end":{"line":47,"column":28}},"21":{"start":{"line":50,"column":8},"end":{"line":50,"column":74}},"22":{"start":{"line":51,"column":8},"end":{"line":51,"column":63}},"23":{"start":{"line":54,"column":6},"end":{"line":54,"column":38}},"24":{"start":{"line":56,"column":6},"end":{"line":56,"column":16}},"25":{"start":{"line":61,"column":4},"end":{"line":84,"column":5}},"26":{"start":{"line":62,"column":21},"end":{"line":62,"column":31}},"27":{"start":{"line":65,"column":32},"end":{"line":65,"column":63}},"28":{"start":{"line":66,"column":29},"end":{"line":66,"column":57}},"29":{"start":{"line":68,"column":6},"end":{"line":79,"column":7}},"30":{"start":{"line":69,"column":8},"end":{"line":69,"column":53}},"31":{"start":{"line":71,"column":8},"end":{"line":71,"column":63}},"32":{"start":{"line":73,"column":8},"end":{"line":75,"column":9}},"33":{"start":{"line":74,"column":10},"end":{"line":74,"column":28}},"34":{"start":{"line":77,"column":8},"end":{"line":77,"column":70}},"35":{"start":{"line":78,"column":8},"end":{"line":78,"column":41}},"36":{"start":{"line":81,"column":6},"end":{"line":81,"column":41}},"37":{"start":{"line":83,"column":6},"end":{"line":83,"column":16}},"38":{"start":{"line":88,"column":4},"end":{"line":106,"column":5}},"39":{"start":{"line":89,"column":42},"end":{"line":89,"column":50}},"40":{"start":{"line":90,"column":29},"end":{"line":90,"column":57}},"41":{"start":{"line":92,"column":6},"end":{"line":94,"column":7}},"42":{"start":{"line":93,"column":8},"end":{"line":93,"column":26}},"43":{"start":{"line":96,"column":27},"end":{"line":99,"column":7}},"44":{"start":{"line":101,"column":6},"end":{"line":101,"column":35}},"45":{"start":{"line":103,"column":6},"end":{"line":103,"column":41}},"46":{"start":{"line":105,"column":6},"end":{"line":105,"column":16}},"47":{"start":{"line":110,"column":4},"end":{"line":125,"column":5}},"48":{"start":{"line":111,"column":21},"end":{"line":111,"column":31}},"49":{"start":{"line":112,"column":29},"end":{"line":112,"column":57}},"50":{"start":{"line":114,"column":29},"end":{"line":114,"column":71}},"51":{"start":{"line":116,"column":6},"end":{"line":118,"column":7}},"52":{"start":{"line":117,"column":8},"end":{"line":117,"column":26}},"53":{"start":{"line":120,"column":6},"end":{"line":120,"column":35}},"54":{"start":{"line":122,"column":6},"end":{"line":122,"column":43}},"55":{"start":{"line":124,"column":6},"end":{"line":124,"column":16}},"56":{"start":{"line":129,"column":0},"end":{"line":129,"column":37}}},"fnMap":{"0":{"name":"(anonymous_0)","decl":{"start":{"line":5,"column":2},"end":{"line":5,"column":3}},"loc":{"start":{"line":5,"column":55},"end":{"line":24,"column":3}},"line":5},"1":{"name":"(anonymous_1)","decl":{"start":{"line":26,"column":2},"end":{"line":26,"column":3}},"loc":{"start":{"line":26,"column":58},"end":{"line":58,"column":3}},"line":26},"2":{"name":"(anonymous_2)","decl":{"start":{"line":60,"column":2},"end":{"line":60,"column":3}},"loc":{"start":{"line":60,"column":46},"end":{"line":85,"column":3}},"line":60},"3":{"name":"(anonymous_3)","decl":{"start":{"line":87,"column":2},"end":{"line":87,"column":3}},"loc":{"start":{"line":87,"column":54},"end":{"line":107,"column":3}},"line":87},"4":{"name":"(anonymous_4)","decl":{"start":{"line":109,"column":2},"end":{"line":109,"column":3}},"loc":{"start":{"line":109,"column":49},"end":{"line":126,"column":3}},"line":109}},"branchMap":{"0":{"loc":{"start":{"line":11,"column":6},"end":{"line":18,"column":7}},"type":"if","locations":[{"start":{"line":11,"column":6},"end":{"line":18,"column":7}},{"start":{"line":13,"column":13},"end":{"line":18,"column":7}}],"line":11},"1":{"loc":{"start":{"line":11,"column":10},"end":{"line":11,"column":63}},"type":"binary-expr","locations":[{"start":{"line":11,"column":10},"end":{"line":11,"column":24}},{"start":{"line":11,"column":28},"end":{"line":11,"column":63}}],"line":11},"2":{"loc":{"start":{"line":36,"column":6},"end":{"line":52,"column":7}},"type":"if","locations":[{"start":{"line":36,"column":6},"end":{"line":52,"column":7}},{"start":{"line":41,"column":13},"end":{"line":52,"column":7}}],"line":36},"3":{"loc":{"start":{"line":37,"column":8},"end":{"line":38,"column":50}},"type":"binary-expr","locations":[{"start":{"line":37,"column":8},"end":{"line":37,"column":32}},{"start":{"line":38,"column":8},"end":{"line":38,"column":50}}],"line":37},"4":{"loc":{"start":{"line":46,"column":8},"end":{"line":48,"column":9}},"type":"if","locations":[{"start":{"line":46,"column":8},"end":{"line":48,"column":9}},{"start":{},"end":{}}],"line":46},"5":{"loc":{"start":{"line":68,"column":6},"end":{"line":79,"column":7}},"type":"if","locations":[{"start":{"line":68,"column":6},"end":{"line":79,"column":7}},{"start":{"line":70,"column":13},"end":{"line":79,"column":7}}],"line":68},"6":{"loc":{"start":{"line":68,"column":10},"end":{"line":68,"column":52}},"type":"binary-expr","locations":[{"start":{"line":68,"column":10},"end":{"line":68,"column":27}},{"start":{"line":68,"column":31},"end":{"line":68,"column":52}}],"line":68},"7":{"loc":{"start":{"line":73,"column":8},"end":{"line":75,"column":9}},"type":"if","locations":[{"start":{"line":73,"column":8},"end":{"line":75,"column":9}},{"start":{},"end":{}}],"line":73},"8":{"loc":{"start":{"line":92,"column":6},"end":{"line":94,"column":7}},"type":"if","locations":[{"start":{"line":92,"column":6},"end":{"line":94,"column":7}},{"start":{},"end":{}}],"line":92},"9":{"loc":{"start":{"line":92,"column":10},"end":{"line":92,"column":37}},"type":"binary-expr","locations":[{"start":{"line":92,"column":10},"end":{"line":92,"column":20}},{"start":{"line":92,"column":24},"end":{"line":92,"column":37}}],"line":92},"10":{"loc":{"start":{"line":116,"column":6},"end":{"line":118,"column":7}},"type":"if","locations":[{"start":{"line":116,"column":6},"end":{"line":118,"column":7}},{"start":{},"end":{}}],"line":116}},"s":{"0":1,"1":1,"2":2,"3":2,"4":2,"5":2,"6":1,"7":1,"8":1,"9":1,"10":2,"11":0,"12":3,"13":3,"14":3,"15":3,"16":3,"17":1,"18":2,"19":2,"20":1,"21":1,"22":1,"23":2,"24":1,"25":3,"26":3,"27":3,"28":3,"29":3,"30":1,"31":2,"32":2,"33":1,"34":1,"35":1,"36":2,"37":1,"38":2,"39":2,"40":2,"41":2,"42":1,"43":1,"44":1,"45":1,"46":1,"47":2,"48":2,"49":2,"50":2,"51":2,"52":1,"53":1,"54":1,"55":1,"56":1},"f":{"0":2,"1":3,"2":3,"3":2,"4":2},"b":{"0":[1,1],"1":[2,1],"2":[1,2],"3":[3,3],"4":[1,1],"5":[1,2],"6":[3,3],"7":[1,1],"8":[1,1],"9":[2,1],"10":[1,1]},"_coverageSchema":"1a1c01bbd47fc00a2c39e90264f33305004495a9","hash":"2e5bc72d6fc0e483be813c725a2fce3b06c5309b"}
,"/home/darwin/Documents/Hacktiv8/Phase-3/APIMAN.io/server/controllers/requests-controller.js": {"path":"/home/darwin/Documents/Hacktiv8/Phase-3/APIMAN.io/server/controllers/requests-controller.js","statementMap":{"0":{"start":{"line":1,"column":27},"end":{"line":1,"column":43}},"1":{"start":{"line":2,"column":16},"end":{"line":2,"column":53}},"2":{"start":{"line":3,"column":23},"end":{"line":3,"column":59}},"3":{"start":{"line":4,"column":22},"end":{"line":4,"column":57}},"4":{"start":{"line":8,"column":4},"end":{"line":70,"column":5}},"5":{"start":{"line":9,"column":64},"end":{"line":9,"column":72}},"6":{"start":{"line":11,"column":6},"end":{"line":13,"column":7}},"7":{"start":{"line":12,"column":8},"end":{"line":12,"column":33}},"8":{"start":{"line":15,"column":6},"end":{"line":17,"column":7}},"9":{"start":{"line":16,"column":8},"end":{"line":16,"column":35}},"10":{"start":{"line":19,"column":6},"end":{"line":25,"column":7}},"11":{"start":{"line":20,"column":8},"end":{"line":24,"column":9}},"12":{"start":{"line":21,"column":10},"end":{"line":21,"column":35}},"13":{"start":{"line":23,"column":10},"end":{"line":23,"column":38}},"14":{"start":{"line":27,"column":25},"end":{"line":33,"column":7}},"15":{"start":{"line":35,"column":6},"end":{"line":39,"column":9}},"16":{"start":{"line":36,"column":8},"end":{"line":36,"column":44}},"17":{"start":{"line":37,"column":8},"end":{"line":37,"column":62}},"18":{"start":{"line":38,"column":8},"end":{"line":38,"column":24}},"19":{"start":{"line":41,"column":6},"end":{"line":43,"column":9}},"20":{"start":{"line":42,"column":8},"end":{"line":42,"column":24}},"21":{"start":{"line":45,"column":23},"end":{"line":45,"column":48}},"22":{"start":{"line":47,"column":30},"end":{"line":54,"column":7}},"23":{"start":{"line":56,"column":6},"end":{"line":62,"column":9}},"24":{"start":{"line":64,"column":6},"end":{"line":69,"column":9}},"25":{"start":{"line":74,"column":4},"end":{"line":86,"column":5}},"26":{"start":{"line":75,"column":6},"end":{"line":75,"column":28}},"27":{"start":{"line":76,"column":21},"end":{"line":76,"column":59}},"28":{"start":{"line":78,"column":31},"end":{"line":81,"column":7}},"29":{"start":{"line":83,"column":6},"end":{"line":83,"column":45}},"30":{"start":{"line":85,"column":6},"end":{"line":85,"column":16}},"31":{"start":{"line":90,"column":4},"end":{"line":96,"column":5}},"32":{"start":{"line":91,"column":23},"end":{"line":91,"column":75}},"33":{"start":{"line":93,"column":6},"end":{"line":93,"column":37}},"34":{"start":{"line":95,"column":6},"end":{"line":95,"column":16}},"35":{"start":{"line":100,"column":4},"end":{"line":112,"column":5}},"36":{"start":{"line":101,"column":21},"end":{"line":101,"column":31}},"37":{"start":{"line":103,"column":22},"end":{"line":103,"column":60}},"38":{"start":{"line":105,"column":6},"end":{"line":107,"column":7}},"39":{"start":{"line":106,"column":8},"end":{"line":106,"column":26}},"40":{"start":{"line":109,"column":6},"end":{"line":109,"column":36}},"41":{"start":{"line":111,"column":6},"end":{"line":111,"column":16}},"42":{"start":{"line":116,"column":4},"end":{"line":128,"column":5}},"43":{"start":{"line":117,"column":21},"end":{"line":117,"column":31}},"44":{"start":{"line":119,"column":29},"end":{"line":119,"column":70}},"45":{"start":{"line":121,"column":6},"end":{"line":123,"column":7}},"46":{"start":{"line":122,"column":8},"end":{"line":122,"column":26}},"47":{"start":{"line":125,"column":6},"end":{"line":125,"column":43}},"48":{"start":{"line":127,"column":6},"end":{"line":127,"column":16}},"49":{"start":{"line":132,"column":0},"end":{"line":132,"column":36}}},"fnMap":{"0":{"name":"(anonymous_0)","decl":{"start":{"line":7,"column":2},"end":{"line":7,"column":3}},"loc":{"start":{"line":7,"column":36},"end":{"line":71,"column":3}},"line":7},"1":{"name":"(anonymous_1)","decl":{"start":{"line":35,"column":37},"end":{"line":35,"column":38}},"loc":{"start":{"line":35,"column":51},"end":{"line":39,"column":7}},"line":35},"2":{"name":"(anonymous_2)","decl":{"start":{"line":41,"column":38},"end":{"line":41,"column":39}},"loc":{"start":{"line":41,"column":52},"end":{"line":43,"column":7}},"line":41},"3":{"name":"(anonymous_3)","decl":{"start":{"line":73,"column":2},"end":{"line":73,"column":3}},"loc":{"start":{"line":73,"column":44},"end":{"line":87,"column":3}},"line":73},"4":{"name":"(anonymous_4)","decl":{"start":{"line":89,"column":2},"end":{"line":89,"column":3}},"loc":{"start":{"line":89,"column":51},"end":{"line":97,"column":3}},"line":89},"5":{"name":"(anonymous_5)","decl":{"start":{"line":99,"column":2},"end":{"line":99,"column":3}},"loc":{"start":{"line":99,"column":46},"end":{"line":113,"column":3}},"line":99},"6":{"name":"(anonymous_6)","decl":{"start":{"line":115,"column":2},"end":{"line":115,"column":3}},"loc":{"start":{"line":115,"column":49},"end":{"line":129,"column":3}},"line":115}},"branchMap":{"0":{"loc":{"start":{"line":11,"column":6},"end":{"line":13,"column":7}},"type":"if","locations":[{"start":{"line":11,"column":6},"end":{"line":13,"column":7}},{"start":{},"end":{}}],"line":11},"1":{"loc":{"start":{"line":15,"column":6},"end":{"line":17,"column":7}},"type":"if","locations":[{"start":{"line":15,"column":6},"end":{"line":17,"column":7}},{"start":{},"end":{}}],"line":15},"2":{"loc":{"start":{"line":19,"column":6},"end":{"line":25,"column":7}},"type":"if","locations":[{"start":{"line":19,"column":6},"end":{"line":25,"column":7}},{"start":{},"end":{}}],"line":19},"3":{"loc":{"start":{"line":20,"column":8},"end":{"line":24,"column":9}},"type":"if","locations":[{"start":{"line":20,"column":8},"end":{"line":24,"column":9}},{"start":{"line":22,"column":15},"end":{"line":24,"column":9}}],"line":20},"4":{"loc":{"start":{"line":36,"column":24},"end":{"line":36,"column":43}},"type":"binary-expr","locations":[{"start":{"line":36,"column":24},"end":{"line":36,"column":37}},{"start":{"line":36,"column":41},"end":{"line":36,"column":43}}],"line":36},"5":{"loc":{"start":{"line":105,"column":6},"end":{"line":107,"column":7}},"type":"if","locations":[{"start":{"line":105,"column":6},"end":{"line":107,"column":7}},{"start":{},"end":{}}],"line":105},"6":{"loc":{"start":{"line":121,"column":6},"end":{"line":123,"column":7}},"type":"if","locations":[{"start":{"line":121,"column":6},"end":{"line":123,"column":7}},{"start":{},"end":{}}],"line":121}},"s":{"0":1,"1":1,"2":1,"3":1,"4":0,"5":0,"6":0,"7":0,"8":0,"9":0,"10":0,"11":0,"12":0,"13":0,"14":0,"15":0,"16":0,"17":0,"18":0,"19":0,"20":0,"21":0,"22":0,"23":0,"24":0,"25":0,"26":0,"27":0,"28":0,"29":0,"30":0,"31":0,"32":0,"33":0,"34":0,"35":0,"36":0,"37":0,"38":0,"39":0,"40":0,"41":0,"42":0,"43":0,"44":0,"45":0,"46":0,"47":0,"48":0,"49":1},"f":{"0":0,"1":0,"2":0,"3":0,"4":0,"5":0,"6":0},"b":{"0":[0,0],"1":[0,0],"2":[0,0],"3":[0,0],"4":[0,0],"5":[0,0],"6":[0,0]},"_coverageSchema":"1a1c01bbd47fc00a2c39e90264f33305004495a9","hash":"6ad4f3abdb8e7cfc23e6222b18a2c1c826381f4c"}
,"/home/darwin/Documents/Hacktiv8/Phase-3/APIMAN.io/server/controllers/results-controller.js": {"path":"/home/darwin/Documents/Hacktiv8/Phase-3/APIMAN.io/server/controllers/results-controller.js","statementMap":{"0":{"start":{"line":1,"column":21},"end":{"line":1,"column":55}},"1":{"start":{"line":5,"column":4},"end":{"line":12,"column":5}},"2":{"start":{"line":6,"column":22},"end":{"line":6,"column":72}},"3":{"start":{"line":8,"column":6},"end":{"line":8,"column":35}},"4":{"start":{"line":10,"column":6},"end":{"line":10,"column":22}},"5":{"start":{"line":11,"column":6},"end":{"line":11,"column":15}},"6":{"start":{"line":16,"column":4},"end":{"line":24,"column":5}},"7":{"start":{"line":17,"column":68},"end":{"line":17,"column":76}},"8":{"start":{"line":18,"column":6},"end":{"line":18,"column":109}},"9":{"start":{"line":19,"column":24},"end":{"line":19,"column":66}},"10":{"start":{"line":20,"column":6},"end":{"line":20,"column":37}},"11":{"start":{"line":22,"column":6},"end":{"line":22,"column":22}},"12":{"start":{"line":23,"column":6},"end":{"line":23,"column":15}},"13":{"start":{"line":28,"column":4},"end":{"line":37,"column":5}},"14":{"start":{"line":29,"column":21},"end":{"line":29,"column":31}},"15":{"start":{"line":31,"column":26},"end":{"line":31,"column":63}},"16":{"start":{"line":33,"column":6},"end":{"line":33,"column":39}},"17":{"start":{"line":35,"column":6},"end":{"line":35,"column":22}},"18":{"start":{"line":36,"column":6},"end":{"line":36,"column":15}},"19":{"start":{"line":41,"column":4},"end":{"line":48,"column":5}},"20":{"start":{"line":42,"column":21},"end":{"line":42,"column":31}},"21":{"start":{"line":43,"column":28},"end":{"line":43,"column":67}},"22":{"start":{"line":44,"column":6},"end":{"line":44,"column":41}},"23":{"start":{"line":46,"column":6},"end":{"line":46,"column":22}},"24":{"start":{"line":47,"column":6},"end":{"line":47,"column":15}},"25":{"start":{"line":52,"column":0},"end":{"line":52,"column":34}}},"fnMap":{"0":{"name":"(anonymous_0)","decl":{"start":{"line":4,"column":2},"end":{"line":4,"column":3}},"loc":{"start":{"line":4,"column":45},"end":{"line":13,"column":3}},"line":4},"1":{"name":"(anonymous_1)","decl":{"start":{"line":15,"column":2},"end":{"line":15,"column":3}},"loc":{"start":{"line":15,"column":44},"end":{"line":25,"column":3}},"line":15},"2":{"name":"(anonymous_2)","decl":{"start":{"line":27,"column":2},"end":{"line":27,"column":3}},"loc":{"start":{"line":27,"column":45},"end":{"line":38,"column":3}},"line":27},"3":{"name":"(anonymous_3)","decl":{"start":{"line":40,"column":2},"end":{"line":40,"column":3}},"loc":{"start":{"line":40,"column":48},"end":{"line":49,"column":3}},"line":40}},"branchMap":{},"s":{"0":1,"1":0,"2":0,"3":0,"4":0,"5":0,"6":0,"7":0,"8":0,"9":0,"10":0,"11":0,"12":0,"13":0,"14":0,"15":0,"16":0,"17":0,"18":0,"19":0,"20":0,"21":0,"22":0,"23":0,"24":0,"25":1},"f":{"0":0,"1":0,"2":0,"3":0},"b":{},"_coverageSchema":"1a1c01bbd47fc00a2c39e90264f33305004495a9","hash":"ce9a8582bdce333fdf2cce94dfd842e524d1b947"}
,"/home/darwin/Documents/Hacktiv8/Phase-3/APIMAN.io/server/controllers/users-controller.js": {"path":"/home/darwin/Documents/Hacktiv8/Phase-3/APIMAN.io/server/controllers/users-controller.js","statementMap":{"0":{"start":{"line":1,"column":28},"end":{"line":1,"column":56}},"1":{"start":{"line":2,"column":24},"end":{"line":2,"column":49}},"2":{"start":{"line":3,"column":19},"end":{"line":3,"column":51}},"3":{"start":{"line":4,"column":25},"end":{"line":4,"column":55}},"4":{"start":{"line":5,"column":19},"end":{"line":5,"column":40}},"5":{"start":{"line":9,"column":4},"end":{"line":40,"column":5}},"6":{"start":{"line":10,"column":65},"end":{"line":10,"column":73}},"7":{"start":{"line":12,"column":6},"end":{"line":14,"column":7}},"8":{"start":{"line":13,"column":8},"end":{"line":13,"column":50}},"9":{"start":{"line":16,"column":28},"end":{"line":16,"column":73}},"10":{"start":{"line":18,"column":6},"end":{"line":20,"column":7}},"11":{"start":{"line":19,"column":8},"end":{"line":19,"column":56}},"12":{"start":{"line":22,"column":24},"end":{"line":22,"column":63}},"13":{"start":{"line":24,"column":6},"end":{"line":26,"column":7}},"14":{"start":{"line":25,"column":8},"end":{"line":25,"column":53}},"15":{"start":{"line":28,"column":6},"end":{"line":28,"column":42}},"16":{"start":{"line":30,"column":29},"end":{"line":30,"column":67}},"17":{"start":{"line":32,"column":6},"end":{"line":36,"column":9}},"18":{"start":{"line":38,"column":6},"end":{"line":38,"column":23}},"19":{"start":{"line":39,"column":6},"end":{"line":39,"column":16}},"20":{"start":{"line":44,"column":4},"end":{"line":75,"column":5}},"21":{"start":{"line":45,"column":27},"end":{"line":45,"column":35}},"22":{"start":{"line":47,"column":28},"end":{"line":47,"column":60}},"23":{"start":{"line":49,"column":6},"end":{"line":51,"column":7}},"24":{"start":{"line":50,"column":8},"end":{"line":50,"column":39}},"25":{"start":{"line":53,"column":6},"end":{"line":55,"column":7}},"26":{"start":{"line":54,"column":8},"end":{"line":54,"column":39}},"27":{"start":{"line":57,"column":6},"end":{"line":59,"column":7}},"28":{"start":{"line":58,"column":8},"end":{"line":58,"column":39}},"29":{"start":{"line":61,"column":22},"end":{"line":65,"column":7}},"30":{"start":{"line":67,"column":20},"end":{"line":67,"column":40}},"31":{"start":{"line":69,"column":6},"end":{"line":71,"column":9}},"32":{"start":{"line":73,"column":6},"end":{"line":73,"column":23}},"33":{"start":{"line":74,"column":6},"end":{"line":74,"column":16}},"34":{"start":{"line":79,"column":4},"end":{"line":91,"column":5}},"35":{"start":{"line":80,"column":19},"end":{"line":80,"column":64}},"36":{"start":{"line":82,"column":6},"end":{"line":87,"column":9}},"37":{"start":{"line":89,"column":6},"end":{"line":89,"column":23}},"38":{"start":{"line":90,"column":6},"end":{"line":90,"column":16}},"39":{"start":{"line":95,"column":4},"end":{"line":119,"column":5}},"40":{"start":{"line":96,"column":21},"end":{"line":96,"column":60}},"41":{"start":{"line":98,"column":24},"end":{"line":98,"column":32}},"42":{"start":{"line":99,"column":21},"end":{"line":102,"column":8}},"43":{"start":{"line":104,"column":22},"end":{"line":104,"column":41}},"44":{"start":{"line":106,"column":34},"end":{"line":106,"column":71}},"45":{"start":{"line":108,"column":28},"end":{"line":112,"column":7}},"46":{"start":{"line":114,"column":30},"end":{"line":114,"column":56}},"47":{"start":{"line":115,"column":6},"end":{"line":115,"column":62}},"48":{"start":{"line":117,"column":6},"end":{"line":117,"column":23}},"49":{"start":{"line":118,"column":6},"end":{"line":118,"column":16}},"50":{"start":{"line":123,"column":4},"end":{"line":171,"column":5}},"51":{"start":{"line":124,"column":24},"end":{"line":124,"column":32}},"52":{"start":{"line":126,"column":24},"end":{"line":126,"column":63}},"53":{"start":{"line":128,"column":6},"end":{"line":130,"column":7}},"54":{"start":{"line":129,"column":8},"end":{"line":129,"column":43}},"55":{"start":{"line":132,"column":20},"end":{"line":132,"column":69}},"56":{"start":{"line":134,"column":24},"end":{"line":140,"column":8}},"57":{"start":{"line":142,"column":26},"end":{"line":155,"column":7}},"58":{"start":{"line":157,"column":6},"end":{"line":167,"column":9}},"59":{"start":{"line":158,"column":8},"end":{"line":161,"column":9}},"60":{"start":{"line":159,"column":10},"end":{"line":159,"column":27}},"61":{"start":{"line":160,"column":10},"end":{"line":160,"column":40}},"62":{"start":{"line":163,"column":8},"end":{"line":166,"column":11}},"63":{"start":{"line":169,"column":6},"end":{"line":169,"column":23}},"64":{"start":{"line":170,"column":6},"end":{"line":170,"column":16}},"65":{"start":{"line":175,"column":4},"end":{"line":189,"column":5}},"66":{"start":{"line":176,"column":24},"end":{"line":176,"column":74}},"67":{"start":{"line":178,"column":6},"end":{"line":180,"column":7}},"68":{"start":{"line":179,"column":8},"end":{"line":179,"column":39}},"69":{"start":{"line":182,"column":6},"end":{"line":182,"column":72}},"70":{"start":{"line":184,"column":6},"end":{"line":186,"column":9}},"71":{"start":{"line":188,"column":6},"end":{"line":188,"column":16}},"72":{"start":{"line":193,"column":0},"end":{"line":193,"column":33}}},"fnMap":{"0":{"name":"(anonymous_0)","decl":{"start":{"line":8,"column":2},"end":{"line":8,"column":3}},"loc":{"start":{"line":8,"column":40},"end":{"line":41,"column":3}},"line":8},"1":{"name":"(anonymous_1)","decl":{"start":{"line":43,"column":2},"end":{"line":43,"column":3}},"loc":{"start":{"line":43,"column":37},"end":{"line":76,"column":3}},"line":43},"2":{"name":"(anonymous_2)","decl":{"start":{"line":78,"column":2},"end":{"line":78,"column":3}},"loc":{"start":{"line":78,"column":50},"end":{"line":92,"column":3}},"line":78},"3":{"name":"(anonymous_3)","decl":{"start":{"line":94,"column":2},"end":{"line":94,"column":3}},"loc":{"start":{"line":94,"column":43},"end":{"line":120,"column":3}},"line":94},"4":{"name":"(anonymous_4)","decl":{"start":{"line":122,"column":2},"end":{"line":122,"column":3}},"loc":{"start":{"line":122,"column":46},"end":{"line":172,"column":3}},"line":122},"5":{"name":"(anonymous_5)","decl":{"start":{"line":157,"column":38},"end":{"line":157,"column":39}},"loc":{"start":{"line":157,"column":53},"end":{"line":167,"column":7}},"line":157},"6":{"name":"(anonymous_6)","decl":{"start":{"line":174,"column":2},"end":{"line":174,"column":3}},"loc":{"start":{"line":174,"column":45},"end":{"line":190,"column":3}},"line":174}},"branchMap":{"0":{"loc":{"start":{"line":12,"column":6},"end":{"line":14,"column":7}},"type":"if","locations":[{"start":{"line":12,"column":6},"end":{"line":14,"column":7}},{"start":{},"end":{}}],"line":12},"1":{"loc":{"start":{"line":12,"column":10},"end":{"line":12,"column":69}},"type":"binary-expr","locations":[{"start":{"line":12,"column":10},"end":{"line":12,"column":19}},{"start":{"line":12,"column":23},"end":{"line":12,"column":29}},{"start":{"line":12,"column":33},"end":{"line":12,"column":42}},{"start":{"line":12,"column":46},"end":{"line":12,"column":56}},{"start":{"line":12,"column":60},"end":{"line":12,"column":69}}],"line":12},"2":{"loc":{"start":{"line":18,"column":6},"end":{"line":20,"column":7}},"type":"if","locations":[{"start":{"line":18,"column":6},"end":{"line":20,"column":7}},{"start":{},"end":{}}],"line":18},"3":{"loc":{"start":{"line":24,"column":6},"end":{"line":26,"column":7}},"type":"if","locations":[{"start":{"line":24,"column":6},"end":{"line":26,"column":7}},{"start":{},"end":{}}],"line":24},"4":{"loc":{"start":{"line":49,"column":6},"end":{"line":51,"column":7}},"type":"if","locations":[{"start":{"line":49,"column":6},"end":{"line":51,"column":7}},{"start":{},"end":{}}],"line":49},"5":{"loc":{"start":{"line":53,"column":6},"end":{"line":55,"column":7}},"type":"if","locations":[{"start":{"line":53,"column":6},"end":{"line":55,"column":7}},{"start":{},"end":{}}],"line":53},"6":{"loc":{"start":{"line":57,"column":6},"end":{"line":59,"column":7}},"type":"if","locations":[{"start":{"line":57,"column":6},"end":{"line":59,"column":7}},{"start":{},"end":{}}],"line":57},"7":{"loc":{"start":{"line":128,"column":6},"end":{"line":130,"column":7}},"type":"if","locations":[{"start":{"line":128,"column":6},"end":{"line":130,"column":7}},{"start":{},"end":{}}],"line":128},"8":{"loc":{"start":{"line":158,"column":8},"end":{"line":161,"column":9}},"type":"if","locations":[{"start":{"line":158,"column":8},"end":{"line":161,"column":9}},{"start":{},"end":{}}],"line":158},"9":{"loc":{"start":{"line":178,"column":6},"end":{"line":180,"column":7}},"type":"if","locations":[{"start":{"line":178,"column":6},"end":{"line":180,"column":7}},{"start":{},"end":{}}],"line":178}},"s":{"0":1,"1":1,"2":1,"3":1,"4":1,"5":5,"6":5,"7":5,"8":0,"9":5,"10":5,"11":0,"12":5,"13":5,"14":0,"15":5,"16":5,"17":5,"18":0,"19":0,"20":5,"21":5,"22":5,"23":5,"24":0,"25":5,"26":0,"27":5,"28":0,"29":5,"30":5,"31":5,"32":0,"33":0,"34":0,"35":0,"36":0,"37":0,"38":0,"39":0,"40":0,"41":0,"42":0,"43":0,"44":0,"45":0,"46":0,"47":0,"48":0,"49":0,"50":0,"51":0,"52":0,"53":0,"54":0,"55":0,"56":0,"57":0,"58":0,"59":0,"60":0,"61":0,"62":0,"63":0,"64":0,"65":0,"66":0,"67":0,"68":0,"69":0,"70":0,"71":0,"72":1},"f":{"0":5,"1":5,"2":0,"3":0,"4":0,"5":0,"6":0},"b":{"0":[0,5],"1":[5,5,5,5,5],"2":[0,5],"3":[0,5],"4":[0,5],"5":[0,5],"6":[0,5],"7":[0,0],"8":[0,0],"9":[0,0]},"_coverageSchema":"1a1c01bbd47fc00a2c39e90264f33305004495a9","hash":"9bf1c68a779b9f35dd775458ada1587d14f4aa88"}
,"/home/darwin/Documents/Hacktiv8/Phase-3/APIMAN.io/server/helpers/bcrypt.js": {"path":"/home/darwin/Documents/Hacktiv8/Phase-3/APIMAN.io/server/helpers/bcrypt.js","statementMap":{"0":{"start":{"line":1,"column":15},"end":{"line":1,"column":32}},"1":{"start":{"line":3,"column":21},"end":{"line":5,"column":1}},"2":{"start":{"line":4,"column":2},"end":{"line":4,"column":38}},"3":{"start":{"line":7,"column":24},"end":{"line":9,"column":1}},"4":{"start":{"line":8,"column":2},"end":{"line":8,"column":54}},"5":{"start":{"line":11,"column":0},"end":{"line":14,"column":2}}},"fnMap":{"0":{"name":"(anonymous_0)","decl":{"start":{"line":3,"column":21},"end":{"line":3,"column":22}},"loc":{"start":{"line":3,"column":35},"end":{"line":5,"column":1}},"line":3},"1":{"name":"(anonymous_1)","decl":{"start":{"line":7,"column":24},"end":{"line":7,"column":25}},"loc":{"start":{"line":7,"column":54},"end":{"line":9,"column":1}},"line":7}},"branchMap":{},"s":{"0":1,"1":1,"2":5,"3":1,"4":10,"5":1},"f":{"0":5,"1":10},"b":{},"_coverageSchema":"1a1c01bbd47fc00a2c39e90264f33305004495a9","hash":"e6fc6c193e0805514c758fce19172a921a88eb79"}
,"/home/darwin/Documents/Hacktiv8/Phase-3/APIMAN.io/server/helpers/jwt.js": {"path":"/home/darwin/Documents/Hacktiv8/Phase-3/APIMAN.io/server/helpers/jwt.js","statementMap":{"0":{"start":{"line":1,"column":12},"end":{"line":1,"column":35}},"1":{"start":{"line":2,"column":15},"end":{"line":2,"column":23}},"2":{"start":{"line":4,"column":20},"end":{"line":6,"column":1}},"3":{"start":{"line":5,"column":2},"end":{"line":5,"column":35}},"4":{"start":{"line":8,"column":20},"end":{"line":10,"column":1}},"5":{"start":{"line":9,"column":2},"end":{"line":9,"column":35}},"6":{"start":{"line":12,"column":0},"end":{"line":15,"column":2}}},"fnMap":{"0":{"name":"(anonymous_0)","decl":{"start":{"line":4,"column":20},"end":{"line":4,"column":21}},"loc":{"start":{"line":4,"column":33},"end":{"line":6,"column":1}},"line":4},"1":{"name":"(anonymous_1)","decl":{"start":{"line":8,"column":20},"end":{"line":8,"column":21}},"loc":{"start":{"line":8,"column":31},"end":{"line":10,"column":1}},"line":8}},"branchMap":{},"s":{"0":1,"1":1,"2":1,"3":5,"4":1,"5":16,"6":1},"f":{"0":5,"1":16},"b":{},"_coverageSchema":"1a1c01bbd47fc00a2c39e90264f33305004495a9","hash":"f9d540f3556ac6d9175c9b310c987c4100d797a4"}
,"/home/darwin/Documents/Hacktiv8/Phase-3/APIMAN.io/server/helpers/process-request.js": {"path":"/home/darwin/Documents/Hacktiv8/Phase-3/APIMAN.io/server/helpers/process-request.js","statementMap":{"0":{"start":{"line":1,"column":16},"end":{"line":15,"column":1}},"1":{"start":{"line":2,"column":30},"end":{"line":2,"column":32}},"2":{"start":{"line":4,"column":2},"end":{"line":6,"column":5}},"3":{"start":{"line":5,"column":4},"end":{"line":5,"column":45}},"4":{"start":{"line":8,"column":2},"end":{"line":8,"column":31}},"5":{"start":{"line":17,"column":0},"end":{"line":17,"column":25}}},"fnMap":{"0":{"name":"(anonymous_0)","decl":{"start":{"line":1,"column":16},"end":{"line":1,"column":17}},"loc":{"start":{"line":1,"column":34},"end":{"line":15,"column":1}},"line":1},"1":{"name":"(anonymous_1)","decl":{"start":{"line":4,"column":23},"end":{"line":4,"column":24}},"loc":{"start":{"line":4,"column":31},"end":{"line":6,"column":3}},"line":4}},"branchMap":{},"s":{"0":1,"1":0,"2":0,"3":0,"4":0,"5":1},"f":{"0":0,"1":0},"b":{},"_coverageSchema":"1a1c01bbd47fc00a2c39e90264f33305004495a9","hash":"720c5f08221d83dccdb42055b04215ad7fd034db"}
,"/home/darwin/Documents/Hacktiv8/Phase-3/APIMAN.io/server/middlewares/authentication.js": {"path":"/home/darwin/Documents/Hacktiv8/Phase-3/APIMAN.io/server/middlewares/authentication.js","statementMap":{"0":{"start":{"line":1,"column":24},"end":{"line":1,"column":49}},"1":{"start":{"line":2,"column":19},"end":{"line":2,"column":51}},"2":{"start":{"line":4,"column":23},"end":{"line":30,"column":1}},"3":{"start":{"line":5,"column":2},"end":{"line":29,"column":3}},"4":{"start":{"line":6,"column":29},"end":{"line":6,"column":40}},"5":{"start":{"line":8,"column":4},"end":{"line":10,"column":5}},"6":{"start":{"line":9,"column":6},"end":{"line":9,"column":36}},"7":{"start":{"line":12,"column":20},"end":{"line":12,"column":45}},"8":{"start":{"line":14,"column":22},"end":{"line":14,"column":66}},"9":{"start":{"line":16,"column":4},"end":{"line":18,"column":5}},"10":{"start":{"line":17,"column":6},"end":{"line":17,"column":37}},"11":{"start":{"line":20,"column":4},"end":{"line":24,"column":6}},"12":{"start":{"line":26,"column":4},"end":{"line":26,"column":11}},"13":{"start":{"line":28,"column":4},"end":{"line":28,"column":14}},"14":{"start":{"line":32,"column":0},"end":{"line":32,"column":32}}},"fnMap":{"0":{"name":"(anonymous_0)","decl":{"start":{"line":4,"column":23},"end":{"line":4,"column":24}},"loc":{"start":{"line":4,"column":49},"end":{"line":30,"column":1}},"line":4}},"branchMap":{"0":{"loc":{"start":{"line":8,"column":4},"end":{"line":10,"column":5}},"type":"if","locations":[{"start":{"line":8,"column":4},"end":{"line":10,"column":5}},{"start":{},"end":{}}],"line":8},"1":{"loc":{"start":{"line":16,"column":4},"end":{"line":18,"column":5}},"type":"if","locations":[{"start":{"line":16,"column":4},"end":{"line":18,"column":5}},{"start":{},"end":{}}],"line":16}},"s":{"0":1,"1":1,"2":1,"3":16,"4":16,"5":16,"6":0,"7":16,"8":12,"9":12,"10":0,"11":12,"12":12,"13":4,"14":1},"f":{"0":16},"b":{"0":[0,16],"1":[0,12]},"_coverageSchema":"1a1c01bbd47fc00a2c39e90264f33305004495a9","hash":"cebf5ddc50b00f7c3b66d5800ba44bfeaf82ef33"}
,"/home/darwin/Documents/Hacktiv8/Phase-3/APIMAN.io/server/middlewares/error-handler.js": {"path":"/home/darwin/Documents/Hacktiv8/Phase-3/APIMAN.io/server/middlewares/error-handler.js","statementMap":{"0":{"start":{"line":1,"column":21},"end":{"line":81,"column":1}},"1":{"start":{"line":5,"column":2},"end":{"line":76,"column":3}},"2":{"start":{"line":7,"column":6},"end":{"line":7,"column":17}},"3":{"start":{"line":8,"column":6},"end":{"line":8,"column":40}},"4":{"start":{"line":9,"column":6},"end":{"line":9,"column":12}},"5":{"start":{"line":12,"column":6},"end":{"line":12,"column":17}},"6":{"start":{"line":13,"column":6},"end":{"line":13,"column":42}},"7":{"start":{"line":14,"column":6},"end":{"line":14,"column":12}},"8":{"start":{"line":17,"column":6},"end":{"line":17,"column":17}},"9":{"start":{"line":18,"column":6},"end":{"line":18,"column":39}},"10":{"start":{"line":19,"column":6},"end":{"line":19,"column":12}},"11":{"start":{"line":22,"column":6},"end":{"line":22,"column":17}},"12":{"start":{"line":23,"column":6},"end":{"line":23,"column":51}},"13":{"start":{"line":24,"column":6},"end":{"line":24,"column":12}},"14":{"start":{"line":28,"column":6},"end":{"line":28,"column":17}},"15":{"start":{"line":29,"column":6},"end":{"line":29,"column":39}},"16":{"start":{"line":30,"column":6},"end":{"line":30,"column":12}},"17":{"start":{"line":33,"column":6},"end":{"line":33,"column":17}},"18":{"start":{"line":34,"column":6},"end":{"line":34,"column":37}},"19":{"start":{"line":35,"column":6},"end":{"line":35,"column":12}},"20":{"start":{"line":38,"column":6},"end":{"line":38,"column":17}},"21":{"start":{"line":39,"column":6},"end":{"line":39,"column":50}},"22":{"start":{"line":40,"column":6},"end":{"line":40,"column":12}},"23":{"start":{"line":43,"column":6},"end":{"line":43,"column":17}},"24":{"start":{"line":44,"column":6},"end":{"line":44,"column":48}},"25":{"start":{"line":45,"column":6},"end":{"line":45,"column":12}},"26":{"start":{"line":48,"column":6},"end":{"line":48,"column":17}},"27":{"start":{"line":49,"column":6},"end":{"line":49,"column":45}},"28":{"start":{"line":50,"column":6},"end":{"line":50,"column":12}},"29":{"start":{"line":53,"column":6},"end":{"line":53,"column":17}},"30":{"start":{"line":54,"column":6},"end":{"line":54,"column":57}},"31":{"start":{"line":55,"column":6},"end":{"line":55,"column":12}},"32":{"start":{"line":58,"column":6},"end":{"line":58,"column":17}},"33":{"start":{"line":59,"column":6},"end":{"line":59,"column":62}},"34":{"start":{"line":60,"column":6},"end":{"line":60,"column":12}},"35":{"start":{"line":63,"column":6},"end":{"line":63,"column":17}},"36":{"start":{"line":64,"column":6},"end":{"line":64,"column":39}},"37":{"start":{"line":65,"column":6},"end":{"line":65,"column":12}},"38":{"start":{"line":68,"column":6},"end":{"line":68,"column":17}},"39":{"start":{"line":69,"column":6},"end":{"line":69,"column":65}},"40":{"start":{"line":70,"column":6},"end":{"line":70,"column":12}},"41":{"start":{"line":73,"column":6},"end":{"line":73,"column":17}},"42":{"start":{"line":74,"column":6},"end":{"line":74,"column":40}},"43":{"start":{"line":75,"column":6},"end":{"line":75,"column":12}},"44":{"start":{"line":78,"column":2},"end":{"line":80,"column":5}},"45":{"start":{"line":83,"column":0},"end":{"line":83,"column":30}}},"fnMap":{"0":{"name":"(anonymous_0)","decl":{"start":{"line":1,"column":21},"end":{"line":1,"column":22}},"loc":{"start":{"line":1,"column":46},"end":{"line":81,"column":1}},"line":1}},"branchMap":{"0":{"loc":{"start":{"line":5,"column":2},"end":{"line":76,"column":3}},"type":"switch","locations":[{"start":{"line":6,"column":4},"end":{"line":9,"column":12}},{"start":{"line":11,"column":4},"end":{"line":14,"column":12}},{"start":{"line":16,"column":4},"end":{"line":19,"column":12}},{"start":{"line":21,"column":4},"end":{"line":24,"column":12}},{"start":{"line":26,"column":4},"end":{"line":26,"column":29}},{"start":{"line":27,"column":4},"end":{"line":30,"column":12}},{"start":{"line":32,"column":4},"end":{"line":35,"column":12}},{"start":{"line":37,"column":4},"end":{"line":40,"column":12}},{"start":{"line":42,"column":4},"end":{"line":45,"column":12}},{"start":{"line":47,"column":4},"end":{"line":50,"column":12}},{"start":{"line":52,"column":4},"end":{"line":55,"column":12}},{"start":{"line":57,"column":4},"end":{"line":60,"column":12}},{"start":{"line":62,"column":4},"end":{"line":65,"column":12}},{"start":{"line":67,"column":4},"end":{"line":70,"column":12}},{"start":{"line":72,"column":4},"end":{"line":75,"column":12}}],"line":5}},"s":{"0":1,"1":8,"2":0,"3":0,"4":0,"5":0,"6":0,"7":0,"8":0,"9":0,"10":0,"11":0,"12":0,"13":0,"14":4,"15":4,"16":4,"17":0,"18":0,"19":0,"20":0,"21":0,"22":0,"23":0,"24":0,"25":0,"26":0,"27":0,"28":0,"29":0,"30":0,"31":0,"32":0,"33":0,"34":0,"35":0,"36":0,"37":0,"38":0,"39":0,"40":0,"41":4,"42":4,"43":4,"44":8,"45":1},"f":{"0":8},"b":{"0":[0,0,0,0,4,4,0,0,0,0,0,0,0,0,4]},"_coverageSchema":"1a1c01bbd47fc00a2c39e90264f33305004495a9","hash":"7d778d28e54834343ebb9b17f59a17be6b0ef16a"}
,"/home/darwin/Documents/Hacktiv8/Phase-3/APIMAN.io/server/middlewares/multer.js": {"path":"/home/darwin/Documents/Hacktiv8/Phase-3/APIMAN.io/server/middlewares/multer.js","statementMap":{"0":{"start":{"line":1,"column":15},"end":{"line":1,"column":32}},"1":{"start":{"line":2,"column":16},"end":{"line":2,"column":38}},"2":{"start":{"line":4,"column":15},"end":{"line":4,"column":43}},"3":{"start":{"line":6,"column":0},"end":{"line":6,"column":28}}},"fnMap":{},"branchMap":{},"s":{"0":1,"1":1,"2":1,"3":1},"f":{},"b":{},"_coverageSchema":"1a1c01bbd47fc00a2c39e90264f33305004495a9","hash":"a5d100476132c28082fd56e24d4a496431b2ab7f"}
,"/home/darwin/Documents/Hacktiv8/Phase-3/APIMAN.io/server/middlewares/read-request-validation.js": {"path":"/home/darwin/Documents/Hacktiv8/Phase-3/APIMAN.io/server/middlewares/read-request-validation.js","statementMap":{"0":{"start":{"line":1,"column":30},"end":{"line":15,"column":1}},"1":{"start":{"line":2,"column":2},"end":{"line":14,"column":3}},"2":{"start":{"line":3,"column":4},"end":{"line":5,"column":5}},"3":{"start":{"line":4,"column":6},"end":{"line":4,"column":31}},"4":{"start":{"line":7,"column":4},"end":{"line":9,"column":5}},"5":{"start":{"line":8,"column":6},"end":{"line":8,"column":38}},"6":{"start":{"line":11,"column":4},"end":{"line":11,"column":11}},"7":{"start":{"line":13,"column":4},"end":{"line":13,"column":14}},"8":{"start":{"line":17,"column":0},"end":{"line":17,"column":39}}},"fnMap":{"0":{"name":"(anonymous_0)","decl":{"start":{"line":1,"column":30},"end":{"line":1,"column":31}},"loc":{"start":{"line":1,"column":56},"end":{"line":15,"column":1}},"line":1}},"branchMap":{"0":{"loc":{"start":{"line":3,"column":4},"end":{"line":5,"column":5}},"type":"if","locations":[{"start":{"line":3,"column":4},"end":{"line":5,"column":5}},{"start":{},"end":{}}],"line":3},"1":{"loc":{"start":{"line":7,"column":4},"end":{"line":9,"column":5}},"type":"if","locations":[{"start":{"line":7,"column":4},"end":{"line":9,"column":5}},{"start":{},"end":{}}],"line":7}},"s":{"0":1,"1":0,"2":0,"3":0,"4":0,"5":0,"6":0,"7":0,"8":1},"f":{"0":0},"b":{"0":[0,0],"1":[0,0]},"_coverageSchema":"1a1c01bbd47fc00a2c39e90264f33305004495a9","hash":"94b92536071c6e86704dcbb3137316869d1fe55b"}
,"/home/darwin/Documents/Hacktiv8/Phase-3/APIMAN.io/server/models/collections-model.js": {"path":"/home/darwin/Documents/Hacktiv8/Phase-3/APIMAN.io/server/models/collections-model.js","statementMap":{"0":{"start":{"line":1,"column":16},"end":{"line":1,"column":34}},"1":{"start":{"line":2,"column":24},"end":{"line":2,"column":50}},"2":{"start":{"line":6,"column":4},"end":{"line":6,"column":24}},"3":{"start":{"line":7,"column":15},"end":{"line":7,"column":28}},"4":{"start":{"line":8,"column":34},"end":{"line":8,"column":62}},"5":{"start":{"line":9,"column":24},"end":{"line":13,"column":16}},"6":{"start":{"line":15,"column":4},"end":{"line":15,"column":23}},"7":{"start":{"line":19,"column":15},"end":{"line":19,"column":28}},"8":{"start":{"line":20,"column":34},"end":{"line":20,"column":62}},"9":{"start":{"line":21,"column":23},"end":{"line":24,"column":6}},"10":{"start":{"line":26,"column":4},"end":{"line":26,"column":22}},"11":{"start":{"line":30,"column":15},"end":{"line":30,"column":28}},"12":{"start":{"line":31,"column":34},"end":{"line":31,"column":62}},"13":{"start":{"line":32,"column":23},"end":{"line":34,"column":6}},"14":{"start":{"line":36,"column":4},"end":{"line":36,"column":22}},"15":{"start":{"line":40,"column":15},"end":{"line":40,"column":28}},"16":{"start":{"line":41,"column":34},"end":{"line":41,"column":62}},"17":{"start":{"line":42,"column":4},"end":{"line":51,"column":6}},"18":{"start":{"line":53,"column":30},"end":{"line":55,"column":6}},"19":{"start":{"line":57,"column":4},"end":{"line":57,"column":29}},"20":{"start":{"line":61,"column":15},"end":{"line":61,"column":28}},"21":{"start":{"line":62,"column":34},"end":{"line":62,"column":62}},"22":{"start":{"line":64,"column":31},"end":{"line":66,"column":6}},"23":{"start":{"line":68,"column":4},"end":{"line":70,"column":7}},"24":{"start":{"line":72,"column":4},"end":{"line":72,"column":30}},"25":{"start":{"line":76,"column":15},"end":{"line":76,"column":28}},"26":{"start":{"line":77,"column":34},"end":{"line":77,"column":62}},"27":{"start":{"line":78,"column":23},"end":{"line":82,"column":16}},"28":{"start":{"line":84,"column":4},"end":{"line":84,"column":22}},"29":{"start":{"line":88,"column":0},"end":{"line":88,"column":34}}},"fnMap":{"0":{"name":"(anonymous_0)","decl":{"start":{"line":5,"column":2},"end":{"line":5,"column":3}},"loc":{"start":{"line":5,"column":46},"end":{"line":16,"column":3}},"line":5},"1":{"name":"(anonymous_1)","decl":{"start":{"line":18,"column":2},"end":{"line":18,"column":3}},"loc":{"start":{"line":18,"column":46},"end":{"line":27,"column":3}},"line":18},"2":{"name":"(anonymous_2)","decl":{"start":{"line":29,"column":2},"end":{"line":29,"column":3}},"loc":{"start":{"line":29,"column":37},"end":{"line":37,"column":3}},"line":29},"3":{"name":"(anonymous_3)","decl":{"start":{"line":39,"column":2},"end":{"line":39,"column":3}},"loc":{"start":{"line":39,"column":46},"end":{"line":58,"column":3}},"line":39},"4":{"name":"(anonymous_4)","decl":{"start":{"line":60,"column":2},"end":{"line":60,"column":3}},"loc":{"start":{"line":60,"column":40},"end":{"line":73,"column":3}},"line":60},"5":{"name":"(anonymous_5)","decl":{"start":{"line":75,"column":2},"end":{"line":75,"column":3}},"loc":{"start":{"line":75,"column":43},"end":{"line":85,"column":3}},"line":75}},"branchMap":{},"s":{"0":1,"1":1,"2":0,"3":0,"4":0,"5":0,"6":0,"7":0,"8":0,"9":0,"10":0,"11":0,"12":0,"13":0,"14":0,"15":0,"16":0,"17":0,"18":0,"19":0,"20":0,"21":0,"22":0,"23":0,"24":0,"25":0,"26":0,"27":0,"28":0,"29":1},"f":{"0":0,"1":0,"2":0,"3":0,"4":0,"5":0},"b":{},"_coverageSchema":"1a1c01bbd47fc00a2c39e90264f33305004495a9","hash":"fe3fb5ce5034bbeb78be5952142ee8ab540b852b"}
,"/home/darwin/Documents/Hacktiv8/Phase-3/APIMAN.io/server/models/histories-model.js": {"path":"/home/darwin/Documents/Hacktiv8/Phase-3/APIMAN.io/server/models/histories-model.js","statementMap":{"0":{"start":{"line":1,"column":16},"end":{"line":1,"column":34}},"1":{"start":{"line":2,"column":24},"end":{"line":2,"column":50}},"2":{"start":{"line":6,"column":15},"end":{"line":6,"column":28}},"3":{"start":{"line":7,"column":32},"end":{"line":7,"column":58}},"4":{"start":{"line":8,"column":22},"end":{"line":15,"column":16}},"5":{"start":{"line":17,"column":4},"end":{"line":17,"column":21}},"6":{"start":{"line":21,"column":15},"end":{"line":21,"column":28}},"7":{"start":{"line":22,"column":32},"end":{"line":22,"column":58}},"8":{"start":{"line":24,"column":22},"end":{"line":28,"column":16}},"9":{"start":{"line":30,"column":4},"end":{"line":30,"column":21}},"10":{"start":{"line":34,"column":15},"end":{"line":34,"column":28}},"11":{"start":{"line":35,"column":32},"end":{"line":35,"column":58}},"12":{"start":{"line":36,"column":4},"end":{"line":45,"column":7}},"13":{"start":{"line":47,"column":23},"end":{"line":51,"column":16}},"14":{"start":{"line":53,"column":4},"end":{"line":53,"column":22}},"15":{"start":{"line":57,"column":15},"end":{"line":57,"column":28}},"16":{"start":{"line":58,"column":32},"end":{"line":58,"column":58}},"17":{"start":{"line":59,"column":20},"end":{"line":61,"column":6}},"18":{"start":{"line":63,"column":4},"end":{"line":63,"column":19}},"19":{"start":{"line":67,"column":15},"end":{"line":67,"column":28}},"20":{"start":{"line":68,"column":32},"end":{"line":68,"column":58}},"21":{"start":{"line":70,"column":25},"end":{"line":72,"column":6}},"22":{"start":{"line":74,"column":4},"end":{"line":83,"column":6}},"23":{"start":{"line":85,"column":4},"end":{"line":85,"column":24}},"24":{"start":{"line":89,"column":15},"end":{"line":89,"column":28}},"25":{"start":{"line":90,"column":32},"end":{"line":90,"column":58}},"26":{"start":{"line":92,"column":28},"end":{"line":94,"column":6}},"27":{"start":{"line":96,"column":4},"end":{"line":98,"column":7}},"28":{"start":{"line":100,"column":4},"end":{"line":100,"column":27}},"29":{"start":{"line":105,"column":15},"end":{"line":105,"column":28}},"30":{"start":{"line":106,"column":32},"end":{"line":106,"column":58}},"31":{"start":{"line":108,"column":4},"end":{"line":120,"column":6}},"32":{"start":{"line":124,"column":0},"end":{"line":124,"column":32}}},"fnMap":{"0":{"name":"(anonymous_0)","decl":{"start":{"line":5,"column":2},"end":{"line":5,"column":3}},"loc":{"start":{"line":5,"column":47},"end":{"line":18,"column":3}},"line":5},"1":{"name":"(anonymous_1)","decl":{"start":{"line":20,"column":2},"end":{"line":20,"column":3}},"loc":{"start":{"line":20,"column":56},"end":{"line":31,"column":3}},"line":20},"2":{"name":"(anonymous_2)","decl":{"start":{"line":33,"column":2},"end":{"line":33,"column":3}},"loc":{"start":{"line":33,"column":75},"end":{"line":54,"column":3}},"line":33},"3":{"name":"(anonymous_3)","decl":{"start":{"line":56,"column":2},"end":{"line":56,"column":3}},"loc":{"start":{"line":56,"column":34},"end":{"line":64,"column":3}},"line":56},"4":{"name":"(anonymous_4)","decl":{"start":{"line":66,"column":2},"end":{"line":66,"column":3}},"loc":{"start":{"line":66,"column":63},"end":{"line":86,"column":3}},"line":66},"5":{"name":"(anonymous_5)","decl":{"start":{"line":88,"column":2},"end":{"line":88,"column":3}},"loc":{"start":{"line":88,"column":37},"end":{"line":101,"column":3}},"line":88},"6":{"name":"(anonymous_6)","decl":{"start":{"line":104,"column":2},"end":{"line":104,"column":3}},"loc":{"start":{"line":104,"column":48},"end":{"line":121,"column":3}},"line":104}},"branchMap":{},"s":{"0":1,"1":1,"2":1,"3":1,"4":1,"5":1,"6":2,"7":2,"8":2,"9":2,"10":0,"11":0,"12":0,"13":0,"14":0,"15":2,"16":2,"17":2,"18":2,"19":1,"20":1,"21":1,"22":1,"23":1,"24":2,"25":2,"26":2,"27":2,"28":2,"29":0,"30":0,"31":0,"32":1},"f":{"0":1,"1":2,"2":0,"3":2,"4":1,"5":2,"6":0},"b":{},"_coverageSchema":"1a1c01bbd47fc00a2c39e90264f33305004495a9","hash":"ba4977a9fab80323e6894d8b8f7f0a46849121a9"}
,"/home/darwin/Documents/Hacktiv8/Phase-3/APIMAN.io/server/models/requests-model.js": {"path":"/home/darwin/Documents/Hacktiv8/Phase-3/APIMAN.io/server/models/requests-model.js","statementMap":{"0":{"start":{"line":1,"column":16},"end":{"line":1,"column":34}},"1":{"start":{"line":2,"column":24},"end":{"line":2,"column":50}},"2":{"start":{"line":6,"column":15},"end":{"line":6,"column":28}},"3":{"start":{"line":7,"column":31},"end":{"line":7,"column":56}},"4":{"start":{"line":9,"column":4},"end":{"line":11,"column":7}},"5":{"start":{"line":10,"column":6},"end":{"line":10,"column":28}},"6":{"start":{"line":13,"column":4},"end":{"line":13,"column":49}},"7":{"start":{"line":15,"column":4},"end":{"line":15,"column":19}},"8":{"start":{"line":19,"column":15},"end":{"line":19,"column":28}},"9":{"start":{"line":20,"column":31},"end":{"line":20,"column":56}},"10":{"start":{"line":22,"column":21},"end":{"line":26,"column":16}},"11":{"start":{"line":28,"column":4},"end":{"line":28,"column":20}},"12":{"start":{"line":32,"column":15},"end":{"line":32,"column":28}},"13":{"start":{"line":33,"column":31},"end":{"line":33,"column":56}},"14":{"start":{"line":35,"column":20},"end":{"line":37,"column":6}},"15":{"start":{"line":39,"column":4},"end":{"line":39,"column":19}},"16":{"start":{"line":43,"column":15},"end":{"line":43,"column":28}},"17":{"start":{"line":44,"column":31},"end":{"line":44,"column":56}},"18":{"start":{"line":46,"column":27},"end":{"line":48,"column":6}},"19":{"start":{"line":50,"column":4},"end":{"line":52,"column":7}},"20":{"start":{"line":54,"column":4},"end":{"line":54,"column":26}},"21":{"start":{"line":58,"column":0},"end":{"line":58,"column":31}}},"fnMap":{"0":{"name":"(anonymous_0)","decl":{"start":{"line":5,"column":2},"end":{"line":5,"column":3}},"loc":{"start":{"line":5,"column":46},"end":{"line":16,"column":3}},"line":5},"1":{"name":"(anonymous_1)","decl":{"start":{"line":9,"column":20},"end":{"line":9,"column":21}},"loc":{"start":{"line":9,"column":28},"end":{"line":11,"column":5}},"line":9},"2":{"name":"(anonymous_2)","decl":{"start":{"line":18,"column":2},"end":{"line":18,"column":3}},"loc":{"start":{"line":18,"column":43},"end":{"line":29,"column":3}},"line":18},"3":{"name":"(anonymous_3)","decl":{"start":{"line":31,"column":2},"end":{"line":31,"column":3}},"loc":{"start":{"line":31,"column":34},"end":{"line":40,"column":3}},"line":31},"4":{"name":"(anonymous_4)","decl":{"start":{"line":42,"column":2},"end":{"line":42,"column":3}},"loc":{"start":{"line":42,"column":37},"end":{"line":55,"column":3}},"line":42}},"branchMap":{},"s":{"0":1,"1":1,"2":0,"3":0,"4":0,"5":0,"6":0,"7":0,"8":0,"9":0,"10":0,"11":0,"12":0,"13":0,"14":0,"15":0,"16":0,"17":0,"18":0,"19":0,"20":0,"21":1},"f":{"0":0,"1":0,"2":0,"3":0,"4":0},"b":{},"_coverageSchema":"1a1c01bbd47fc00a2c39e90264f33305004495a9","hash":"1496326e2af46d913b737da85b398eccfa90507e"}
,"/home/darwin/Documents/Hacktiv8/Phase-3/APIMAN.io/server/models/results-model.js": {"path":"/home/darwin/Documents/Hacktiv8/Phase-3/APIMAN.io/server/models/results-model.js","statementMap":{"0":{"start":{"line":1,"column":16},"end":{"line":1,"column":34}},"1":{"start":{"line":2,"column":24},"end":{"line":2,"column":50}},"2":{"start":{"line":6,"column":15},"end":{"line":6,"column":28}},"3":{"start":{"line":7,"column":30},"end":{"line":7,"column":54}},"4":{"start":{"line":8,"column":20},"end":{"line":8,"column":78}},"5":{"start":{"line":9,"column":4},"end":{"line":9,"column":19}},"6":{"start":{"line":20,"column":15},"end":{"line":20,"column":28}},"7":{"start":{"line":21,"column":30},"end":{"line":21,"column":54}},"8":{"start":{"line":22,"column":19},"end":{"line":29,"column":6}},"9":{"start":{"line":30,"column":4},"end":{"line":30,"column":18}},"10":{"start":{"line":34,"column":15},"end":{"line":34,"column":28}},"11":{"start":{"line":35,"column":30},"end":{"line":35,"column":54}},"12":{"start":{"line":36,"column":19},"end":{"line":38,"column":6}},"13":{"start":{"line":39,"column":4},"end":{"line":39,"column":18}},"14":{"start":{"line":43,"column":15},"end":{"line":43,"column":28}},"15":{"start":{"line":44,"column":30},"end":{"line":44,"column":54}},"16":{"start":{"line":45,"column":27},"end":{"line":47,"column":6}},"17":{"start":{"line":48,"column":4},"end":{"line":50,"column":7}},"18":{"start":{"line":51,"column":4},"end":{"line":51,"column":26}},"19":{"start":{"line":55,"column":15},"end":{"line":55,"column":28}},"20":{"start":{"line":56,"column":30},"end":{"line":56,"column":54}},"21":{"start":{"line":57,"column":19},"end":{"line":61,"column":16}},"22":{"start":{"line":63,"column":4},"end":{"line":63,"column":18}},"23":{"start":{"line":67,"column":0},"end":{"line":67,"column":30}}},"fnMap":{"0":{"name":"(anonymous_0)","decl":{"start":{"line":5,"column":2},"end":{"line":5,"column":3}},"loc":{"start":{"line":5,"column":42},"end":{"line":10,"column":3}},"line":5},"1":{"name":"(anonymous_1)","decl":{"start":{"line":12,"column":2},"end":{"line":12,"column":3}},"loc":{"start":{"line":19,"column":4},"end":{"line":31,"column":3}},"line":19},"2":{"name":"(anonymous_2)","decl":{"start":{"line":33,"column":2},"end":{"line":33,"column":3}},"loc":{"start":{"line":33,"column":34},"end":{"line":40,"column":3}},"line":33},"3":{"name":"(anonymous_3)","decl":{"start":{"line":42,"column":2},"end":{"line":42,"column":3}},"loc":{"start":{"line":42,"column":36},"end":{"line":52,"column":3}},"line":42},"4":{"name":"(anonymous_4)","decl":{"start":{"line":54,"column":2},"end":{"line":54,"column":3}},"loc":{"start":{"line":54,"column":39},"end":{"line":64,"column":3}},"line":54}},"branchMap":{},"s":{"0":1,"1":1,"2":0,"3":0,"4":0,"5":0,"6":0,"7":0,"8":0,"9":0,"10":0,"11":0,"12":0,"13":0,"14":0,"15":0,"16":0,"17":0,"18":0,"19":0,"20":0,"21":0,"22":0,"23":1},"f":{"0":0,"1":0,"2":0,"3":0,"4":0},"b":{},"_coverageSchema":"1a1c01bbd47fc00a2c39e90264f33305004495a9","hash":"0c59d5251e97378ac8882eab79e0b19b531dad07"}
,"/home/darwin/Documents/Hacktiv8/Phase-3/APIMAN.io/server/models/users-model.js": {"path":"/home/darwin/Documents/Hacktiv8/Phase-3/APIMAN.io/server/models/users-model.js","statementMap":{"0":{"start":{"line":1,"column":16},"end":{"line":1,"column":34}},"1":{"start":{"line":2,"column":24},"end":{"line":2,"column":50}},"2":{"start":{"line":4,"column":25},"end":{"line":4,"column":53}},"3":{"start":{"line":5,"column":15},"end":{"line":5,"column":32}},"4":{"start":{"line":9,"column":63},"end":{"line":9,"column":70}},"5":{"start":{"line":10,"column":15},"end":{"line":10,"column":28}},"6":{"start":{"line":11,"column":28},"end":{"line":11,"column":50}},"7":{"start":{"line":13,"column":17},"end":{"line":19,"column":6}},"8":{"start":{"line":21,"column":4},"end":{"line":21,"column":16}},"9":{"start":{"line":25,"column":32},"end":{"line":25,"column":39}},"10":{"start":{"line":26,"column":15},"end":{"line":26,"column":28}},"11":{"start":{"line":27,"column":28},"end":{"line":27,"column":50}},"12":{"start":{"line":31,"column":4},"end":{"line":39,"column":5}},"13":{"start":{"line":32,"column":6},"end":{"line":34,"column":8}},"14":{"start":{"line":36,"column":6},"end":{"line":38,"column":8}},"15":{"start":{"line":41,"column":21},"end":{"line":41,"column":65}},"16":{"start":{"line":43,"column":4},"end":{"line":43,"column":20}},"17":{"start":{"line":47,"column":15},"end":{"line":47,"column":28}},"18":{"start":{"line":48,"column":28},"end":{"line":48,"column":50}},"19":{"start":{"line":50,"column":22},"end":{"line":52,"column":6}},"20":{"start":{"line":54,"column":4},"end":{"line":54,"column":21}},"21":{"start":{"line":58,"column":15},"end":{"line":58,"column":28}},"22":{"start":{"line":59,"column":28},"end":{"line":59,"column":50}},"23":{"start":{"line":61,"column":21},"end":{"line":63,"column":6}},"24":{"start":{"line":65,"column":4},"end":{"line":65,"column":20}},"25":{"start":{"line":69,"column":15},"end":{"line":69,"column":28}},"26":{"start":{"line":70,"column":28},"end":{"line":70,"column":50}},"27":{"start":{"line":72,"column":21},"end":{"line":74,"column":6}},"28":{"start":{"line":76,"column":4},"end":{"line":76,"column":20}},"29":{"start":{"line":80,"column":15},"end":{"line":80,"column":28}},"30":{"start":{"line":81,"column":28},"end":{"line":81,"column":50}},"31":{"start":{"line":82,"column":17},"end":{"line":86,"column":16}},"32":{"start":{"line":88,"column":4},"end":{"line":88,"column":16}},"33":{"start":{"line":92,"column":4},"end":{"line":92,"column":41}},"34":{"start":{"line":93,"column":28},"end":{"line":93,"column":41}},"35":{"start":{"line":94,"column":27},"end":{"line":94,"column":39}},"36":{"start":{"line":95,"column":32},"end":{"line":95,"column":49}},"37":{"start":{"line":96,"column":31},"end":{"line":96,"column":47}},"38":{"start":{"line":97,"column":15},"end":{"line":97,"column":28}},"39":{"start":{"line":98,"column":28},"end":{"line":98,"column":50}},"40":{"start":{"line":100,"column":23},"end":{"line":108,"column":10}},"41":{"start":{"line":109,"column":4},"end":{"line":109,"column":24}},"42":{"start":{"line":113,"column":15},"end":{"line":113,"column":28}},"43":{"start":{"line":114,"column":28},"end":{"line":114,"column":50}},"44":{"start":{"line":116,"column":18},"end":{"line":124,"column":6}},"45":{"start":{"line":117,"column":6},"end":{"line":123,"column":9}},"46":{"start":{"line":118,"column":8},"end":{"line":120,"column":9}},"47":{"start":{"line":119,"column":10},"end":{"line":119,"column":43}},"48":{"start":{"line":122,"column":8},"end":{"line":122,"column":37}},"49":{"start":{"line":126,"column":4},"end":{"line":136,"column":6}},"50":{"start":{"line":138,"column":4},"end":{"line":138,"column":17}},"51":{"start":{"line":142,"column":15},"end":{"line":142,"column":28}},"52":{"start":{"line":143,"column":28},"end":{"line":143,"column":50}},"53":{"start":{"line":145,"column":17},"end":{"line":150,"column":6}},"54":{"start":{"line":152,"column":4},"end":{"line":152,"column":16}},"55":{"start":{"line":156,"column":15},"end":{"line":156,"column":28}},"56":{"start":{"line":157,"column":28},"end":{"line":157,"column":50}},"57":{"start":{"line":159,"column":4},"end":{"line":170,"column":6}},"58":{"start":{"line":172,"column":4},"end":{"line":172,"column":11}},"59":{"start":{"line":176,"column":0},"end":{"line":176,"column":28}}},"fnMap":{"0":{"name":"(anonymous_0)","decl":{"start":{"line":8,"column":2},"end":{"line":8,"column":3}},"loc":{"start":{"line":8,"column":33},"end":{"line":22,"column":3}},"line":8},"1":{"name":"(anonymous_1)","decl":{"start":{"line":24,"column":2},"end":{"line":24,"column":3}},"loc":{"start":{"line":24,"column":30},"end":{"line":44,"column":3}},"line":24},"2":{"name":"(anonymous_2)","decl":{"start":{"line":46,"column":2},"end":{"line":46,"column":3}},"loc":{"start":{"line":46,"column":35},"end":{"line":55,"column":3}},"line":46},"3":{"name":"(anonymous_3)","decl":{"start":{"line":57,"column":2},"end":{"line":57,"column":3}},"loc":{"start":{"line":57,"column":44},"end":{"line":66,"column":3}},"line":57},"4":{"name":"(anonymous_4)","decl":{"start":{"line":68,"column":2},"end":{"line":68,"column":3}},"loc":{"start":{"line":68,"column":38},"end":{"line":77,"column":3}},"line":68},"5":{"name":"(anonymous_5)","decl":{"start":{"line":79,"column":2},"end":{"line":79,"column":3}},"loc":{"start":{"line":79,"column":37},"end":{"line":89,"column":3}},"line":79},"6":{"name":"(anonymous_6)","decl":{"start":{"line":91,"column":2},"end":{"line":91,"column":3}},"loc":{"start":{"line":91,"column":36},"end":{"line":110,"column":3}},"line":91},"7":{"name":"(anonymous_7)","decl":{"start":{"line":112,"column":2},"end":{"line":112,"column":3}},"loc":{"start":{"line":112,"column":43},"end":{"line":139,"column":3}},"line":112},"8":{"name":"(anonymous_8)","decl":{"start":{"line":116,"column":36},"end":{"line":116,"column":37}},"loc":{"start":{"line":116,"column":57},"end":{"line":124,"column":5}},"line":116},"9":{"name":"(anonymous_9)","decl":{"start":{"line":117,"column":29},"end":{"line":117,"column":30}},"loc":{"start":{"line":117,"column":43},"end":{"line":123,"column":7}},"line":117},"10":{"name":"(anonymous_10)","decl":{"start":{"line":141,"column":2},"end":{"line":141,"column":3}},"loc":{"start":{"line":141,"column":38},"end":{"line":153,"column":3}},"line":141},"11":{"name":"(anonymous_11)","decl":{"start":{"line":155,"column":2},"end":{"line":155,"column":3}},"loc":{"start":{"line":155,"column":53},"end":{"line":173,"column":3}},"line":155}},"branchMap":{"0":{"loc":{"start":{"line":31,"column":4},"end":{"line":39,"column":5}},"type":"if","locations":[{"start":{"line":31,"column":4},"end":{"line":39,"column":5}},{"start":{"line":35,"column":11},"end":{"line":39,"column":5}}],"line":31},"1":{"loc":{"start":{"line":100,"column":23},"end":{"line":108,"column":10}},"type":"cond-expr","locations":[{"start":{"line":101,"column":8},"end":{"line":101,"column":59}},{"start":{"line":102,"column":8},"end":{"line":108,"column":10}}],"line":100},"2":{"loc":{"start":{"line":118,"column":8},"end":{"line":120,"column":9}},"type":"if","locations":[{"start":{"line":118,"column":8},"end":{"line":120,"column":9}},{"start":{},"end":{}}],"line":118}},"s":{"0":1,"1":1,"2":1,"3":1,"4":5,"5":5,"6":5,"7":5,"8":5,"9":5,"10":5,"11":5,"12":5,"13":5,"14":0,"15":5,"16":5,"17":12,"18":12,"19":12,"20":12,"21":5,"22":5,"23":5,"24":5,"25":5,"26":5,"27":5,"28":5,"29":5,"30":5,"31":5,"32":5,"33":0,"34":0,"35":0,"36":0,"37":0,"38":0,"39":0,"40":0,"41":0,"42":0,"43":0,"44":0,"45":0,"46":0,"47":0,"48":0,"49":0,"50":0,"51":0,"52":0,"53":0,"54":0,"55":0,"56":0,"57":0,"58":0,"59":1},"f":{"0":5,"1":5,"2":12,"3":5,"4":5,"5":5,"6":0,"7":0,"8":0,"9":0,"10":0,"11":0},"b":{"0":[5,0],"1":[0,0],"2":[0,0]},"_coverageSchema":"1a1c01bbd47fc00a2c39e90264f33305004495a9","hash":"f0819e2940d63d957a71404d6f973e16800290d8"}
,"/home/darwin/Documents/Hacktiv8/Phase-3/APIMAN.io/server/routes/collections-router.js": {"path":"/home/darwin/Documents/Hacktiv8/Phase-3/APIMAN.io/server/routes/collections-router.js","statementMap":{"0":{"start":{"line":1,"column":16},"end":{"line":1,"column":34}},"1":{"start":{"line":2,"column":30},"end":{"line":2,"column":78}},"2":{"start":{"line":3,"column":15},"end":{"line":3,"column":31}},"3":{"start":{"line":5,"column":0},"end":{"line":5,"column":57}},"4":{"start":{"line":7,"column":0},"end":{"line":7,"column":57}},"5":{"start":{"line":9,"column":0},"end":{"line":9,"column":62}},"6":{"start":{"line":11,"column":0},"end":{"line":11,"column":63}},"7":{"start":{"line":13,"column":0},"end":{"line":13,"column":60}},"8":{"start":{"line":15,"column":0},"end":{"line":15,"column":24}}},"fnMap":{},"branchMap":{},"s":{"0":1,"1":1,"2":1,"3":1,"4":1,"5":1,"6":1,"7":1,"8":1},"f":{},"b":{},"_coverageSchema":"1a1c01bbd47fc00a2c39e90264f33305004495a9","hash":"2785d25b25f535e48ff4788dfbe42d6d4b3f8f63"}
,"/home/darwin/Documents/Hacktiv8/Phase-3/APIMAN.io/server/routes/histories-router.js": {"path":"/home/darwin/Documents/Hacktiv8/Phase-3/APIMAN.io/server/routes/histories-router.js","statementMap":{"0":{"start":{"line":1,"column":16},"end":{"line":1,"column":34}},"1":{"start":{"line":2,"column":28},"end":{"line":2,"column":74}},"2":{"start":{"line":3,"column":15},"end":{"line":3,"column":31}},"3":{"start":{"line":5,"column":0},"end":{"line":5,"column":55}},"4":{"start":{"line":7,"column":0},"end":{"line":7,"column":61}},"5":{"start":{"line":9,"column":0},"end":{"line":12,"column":2}},"6":{"start":{"line":14,"column":0},"end":{"line":14,"column":71}},"7":{"start":{"line":16,"column":0},"end":{"line":16,"column":61}},"8":{"start":{"line":18,"column":0},"end":{"line":18,"column":24}}},"fnMap":{},"branchMap":{},"s":{"0":1,"1":1,"2":1,"3":1,"4":1,"5":1,"6":1,"7":1,"8":1},"f":{},"b":{},"_coverageSchema":"1a1c01bbd47fc00a2c39e90264f33305004495a9","hash":"dee40e835144910f0312cc008d72b1330649cb13"}
,"/home/darwin/Documents/Hacktiv8/Phase-3/APIMAN.io/server/routes/index.js": {"path":"/home/darwin/Documents/Hacktiv8/Phase-3/APIMAN.io/server/routes/index.js","statementMap":{"0":{"start":{"line":1,"column":16},"end":{"line":1,"column":34}},"1":{"start":{"line":2,"column":15},"end":{"line":2,"column":31}},"2":{"start":{"line":4,"column":21},"end":{"line":4,"column":60}},"3":{"start":{"line":5,"column":23},"end":{"line":5,"column":63}},"4":{"start":{"line":7,"column":17},"end":{"line":7,"column":45}},"5":{"start":{"line":8,"column":14},"end":{"line":8,"column":39}},"6":{"start":{"line":9,"column":20},"end":{"line":9,"column":51}},"7":{"start":{"line":10,"column":18},"end":{"line":10,"column":47}},"8":{"start":{"line":11,"column":16},"end":{"line":11,"column":43}},"9":{"start":{"line":12,"column":24},"end":{"line":12,"column":66}},"10":{"start":{"line":14,"column":0},"end":{"line":14,"column":51}},"11":{"start":{"line":15,"column":0},"end":{"line":15,"column":45}},"12":{"start":{"line":16,"column":0},"end":{"line":16,"column":64}},"13":{"start":{"line":17,"column":0},"end":{"line":17,"column":60}},"14":{"start":{"line":19,"column":0},"end":{"line":19,"column":27}},"15":{"start":{"line":21,"column":0},"end":{"line":21,"column":34}},"16":{"start":{"line":22,"column":0},"end":{"line":22,"column":28}},"17":{"start":{"line":23,"column":0},"end":{"line":23,"column":40}},"18":{"start":{"line":24,"column":0},"end":{"line":24,"column":36}},"19":{"start":{"line":25,"column":0},"end":{"line":25,"column":32}},"20":{"start":{"line":27,"column":0},"end":{"line":27,"column":25}},"21":{"start":{"line":29,"column":0},"end":{"line":29,"column":24}}},"fnMap":{},"branchMap":{},"s":{"0":1,"1":1,"2":1,"3":1,"4":1,"5":1,"6":1,"7":1,"8":1,"9":1,"10":1,"11":1,"12":1,"13":1,"14":1,"15":1,"16":1,"17":1,"18":1,"19":1,"20":1,"21":1},"f":{},"b":{},"_coverageSchema":"1a1c01bbd47fc00a2c39e90264f33305004495a9","hash":"e35ca96c5f91ddad2d91e19c7c1275a538106364"}
,"/home/darwin/Documents/Hacktiv8/Phase-3/APIMAN.io/server/routes/requests-router.js": {"path":"/home/darwin/Documents/Hacktiv8/Phase-3/APIMAN.io/server/routes/requests-router.js","statementMap":{"0":{"start":{"line":1,"column":16},"end":{"line":1,"column":34}},"1":{"start":{"line":2,"column":27},"end":{"line":2,"column":72}},"2":{"start":{"line":3,"column":19},"end":{"line":3,"column":51}},"3":{"start":{"line":4,"column":30},"end":{"line":4,"column":79}},"4":{"start":{"line":5,"column":15},"end":{"line":5,"column":31}},"5":{"start":{"line":7,"column":0},"end":{"line":7,"column":54}},"6":{"start":{"line":9,"column":0},"end":{"line":9,"column":60}},"7":{"start":{"line":11,"column":0},"end":{"line":11,"column":56}},"8":{"start":{"line":13,"column":0},"end":{"line":13,"column":48}},"9":{"start":{"line":15,"column":0},"end":{"line":20,"column":2}},"10":{"start":{"line":22,"column":0},"end":{"line":22,"column":24}}},"fnMap":{},"branchMap":{},"s":{"0":1,"1":1,"2":1,"3":1,"4":1,"5":1,"6":1,"7":1,"8":1,"9":1,"10":1},"f":{},"b":{},"_coverageSchema":"1a1c01bbd47fc00a2c39e90264f33305004495a9","hash":"b9e45fd675a4135585b61c2e001df3799c5213b0"}
,"/home/darwin/Documents/Hacktiv8/Phase-3/APIMAN.io/server/routes/results-router.js": {"path":"/home/darwin/Documents/Hacktiv8/Phase-3/APIMAN.io/server/routes/results-router.js","statementMap":{"0":{"start":{"line":1,"column":16},"end":{"line":1,"column":34}},"1":{"start":{"line":2,"column":26},"end":{"line":2,"column":70}},"2":{"start":{"line":3,"column":15},"end":{"line":3,"column":31}},"3":{"start":{"line":5,"column":0},"end":{"line":5,"column":48}},"4":{"start":{"line":6,"column":0},"end":{"line":6,"column":48}},"5":{"start":{"line":7,"column":0},"end":{"line":7,"column":51}},"6":{"start":{"line":8,"column":0},"end":{"line":8,"column":57}},"7":{"start":{"line":10,"column":0},"end":{"line":10,"column":23}}},"fnMap":{},"branchMap":{},"s":{"0":1,"1":1,"2":1,"3":1,"4":1,"5":1,"6":1,"7":1},"f":{},"b":{},"_coverageSchema":"1a1c01bbd47fc00a2c39e90264f33305004495a9","hash":"6050be73bc091a2703079e701566f9b20b710e14"}
,"/home/darwin/Documents/Hacktiv8/Phase-3/APIMAN.io/server/routes/users-router.js": {"path":"/home/darwin/Documents/Hacktiv8/Phase-3/APIMAN.io/server/routes/users-router.js","statementMap":{"0":{"start":{"line":1,"column":16},"end":{"line":1,"column":34}},"1":{"start":{"line":2,"column":24},"end":{"line":2,"column":66}},"2":{"start":{"line":3,"column":15},"end":{"line":3,"column":31}},"3":{"start":{"line":5,"column":0},"end":{"line":5,"column":59}},"4":{"start":{"line":7,"column":0},"end":{"line":7,"column":24}}},"fnMap":{},"branchMap":{},"s":{"0":1,"1":1,"2":1,"3":1,"4":1},"f":{},"b":{},"_coverageSchema":"1a1c01bbd47fc00a2c39e90264f33305004495a9","hash":"8b8908d3c1a76e4843f9dc4d8ac5b663c8eb84f8"}
}
