TN:
SF:app.js
FNF:0
FNH:0
DA:1,5
DA:2,5
DA:5,5
DA:6,5
DA:7,5
DA:8,5
DA:9,5
DA:11,5
DA:13,5
DA:14,5
DA:15,5
DA:17,5
DA:19,5
LF:13
LH:13
BRDA:1,0,0,5
BRDA:1,0,1,0
BRDA:7,1,0,5
BRDA:7,1,1,5
BRF:4
BRH:3
end_of_record
TN:
SF:config\mongo.js
FN:10,connect
FN:18,getDatabase
FNF:2
FNH:2
FNDA:44,connect
FNDA:291,getDatabase
DA:1,5
DA:3,5
DA:5,5
DA:7,5
DA:8,5
DA:11,44
DA:12,44
DA:13,44
DA:15,44
DA:19,291
DA:22,5
LF:11
LH:11
BRF:0
BRH:0
end_of_record
TN:
SF:config\redis.js
FNF:0
FNH:0
DA:1,5
DA:3,5
DA:5,5
LF:3
LH:3
BRF:0
BRH:0
end_of_record
TN:
SF:controllers\collections-controller.js
FN:6,(anonymous_0)
FN:30,(anonymous_1)
FN:52,(anonymous_2)
FN:75,(anonymous_3)
FN:93,(anonymous_4)
FNF:5
FNH:5
FNDA:2,(anonymous_0)
FNDA:2,(anonymous_1)
FNDA:3,(anonymous_2)
FNDA:4,(anonymous_3)
FNDA:1,(anonymous_4)
DA:1,5
DA:2,5
DA:3,5
DA:7,2
DA:10,2
DA:11,2
DA:13,2
DA:14,1
DA:16,1
DA:20,1
DA:21,1
DA:24,2
DA:26,0
DA:31,2
DA:32,2
DA:34,2
DA:35,1
DA:38,1
DA:40,1
DA:42,1
DA:43,1
DA:45,1
DA:47,1
DA:48,1
DA:53,3
DA:54,3
DA:57,3
DA:58,3
DA:60,3
DA:61,1
DA:63,2
DA:65,1
DA:66,1
DA:69,2
DA:71,1
DA:76,4
DA:77,4
DA:79,4
DA:84,1
DA:85,1
DA:87,1
DA:89,3
DA:94,1
DA:95,1
DA:97,1
DA:100,1
DA:102,1
DA:103,1
DA:105,1
DA:107,0
DA:112,5
LF:51
LH:49
BRDA:13,0,0,1
BRDA:13,0,1,1
BRDA:13,1,0,2
BRDA:13,1,1,1
BRDA:34,2,0,1
BRDA:34,2,1,1
BRDA:60,3,0,1
BRDA:60,3,1,2
BRDA:60,4,0,3
BRDA:60,4,1,3
BRF:10
BRH:10
end_of_record
TN:
SF:controllers\histories-controller.js
FN:5,(anonymous_0)
FN:26,(anonymous_1)
FN:60,(anonymous_2)
FN:87,(anonymous_3)
FN:109,(anonymous_4)
FNF:5
FNH:5
FNDA:2,(anonymous_0)
FNDA:3,(anonymous_1)
FNDA:3,(anonymous_2)
FNDA:2,(anonymous_3)
FNDA:2,(anonymous_4)
DA:1,5
DA:2,5
DA:6,2
DA:8,2
DA:9,2
DA:11,2
DA:12,1
DA:14,1
DA:16,1
DA:17,1
DA:20,2
DA:22,0
DA:27,3
DA:28,3
DA:31,3
DA:32,3
DA:36,3
DA:40,1
DA:42,2
DA:46,2
DA:47,1
DA:50,1
DA:51,1
DA:54,2
DA:56,1
DA:61,3
DA:62,3
DA:65,3
DA:66,3
DA:68,3
DA:69,1
DA:71,2
DA:73,2
DA:74,1
DA:77,1
DA:78,1
DA:81,2
DA:83,1
DA:88,2
DA:89,2
DA:90,2
DA:92,2
DA:93,1
DA:96,1
DA:101,1
DA:103,1
DA:105,1
DA:110,2
DA:111,2
DA:112,2
DA:114,2
DA:116,2
DA:117,1
DA:120,1
DA:122,1
DA:124,1
DA:129,5
LF:57
LH:56
BRDA:11,0,0,1
BRDA:11,0,1,1
BRDA:11,1,0,2
BRDA:11,1,1,1
BRDA:36,2,0,1
BRDA:36,2,1,2
BRDA:37,3,0,3
BRDA:37,3,1,3
BRDA:46,4,0,1
BRDA:46,4,1,1
BRDA:68,5,0,1
BRDA:68,5,1,2
BRDA:68,6,0,3
BRDA:68,6,1,3
BRDA:73,7,0,1
BRDA:73,7,1,1
BRDA:92,8,0,1
BRDA:92,8,1,1
BRDA:92,9,0,2
BRDA:92,9,1,1
BRDA:116,10,0,1
BRDA:116,10,1,1
BRF:22
BRH:22
end_of_record
TN:
SF:controllers\requests-controller.js
FN:7,(anonymous_0)
FN:35,(anonymous_1)
FN:41,(anonymous_2)
FN:64,(anonymous_3)
FN:77,(anonymous_4)
FN:87,(anonymous_5)
FN:103,(anonymous_6)
FNF:7
FNH:7
FNDA:4,(anonymous_0)
FNDA:10,(anonymous_1)
FNDA:6,(anonymous_2)
FNDA:1,(anonymous_3)
FNDA:1,(anonymous_4)
FNDA:2,(anonymous_5)
FNDA:2,(anonymous_6)
DA:1,5
DA:2,5
DA:3,5
DA:4,5
DA:8,4
DA:9,4
DA:11,4
DA:12,1
DA:15,4
DA:16,2
DA:19,4
DA:20,1
DA:21,0
DA:27,4
DA:35,4
DA:36,10
DA:37,10
DA:38,10
DA:41,4
DA:42,6
DA:45,4
DA:47,3
DA:49,3
DA:56,1
DA:65,1
DA:66,1
DA:67,1
DA:69,1
DA:71,1
DA:73,0
DA:78,1
DA:79,1
DA:81,1
DA:83,0
DA:88,2
DA:89,2
DA:91,2
DA:93,2
DA:94,1
DA:97,1
DA:99,1
DA:104,2
DA:105,2
DA:107,2
DA:109,2
DA:110,1
DA:113,1
DA:115,1
DA:120,5
LF:49
LH:46
BRDA:11,0,0,1
BRDA:11,0,1,3
BRDA:15,1,0,2
BRDA:15,1,1,2
BRDA:19,2,0,1
BRDA:19,2,1,3
BRDA:20,3,0,0
BRDA:20,3,1,1
BRDA:36,4,0,10
BRDA:36,4,1,4
BRDA:93,5,0,1
BRDA:93,5,1,1
BRDA:109,6,0,1
BRDA:109,6,1,1
BRF:14
BRH:13
end_of_record
TN:
SF:controllers\results-controller.js
FN:4,(anonymous_0)
FN:15,(anonymous_1)
FN:31,(anonymous_2)
FN:48,(anonymous_3)
FNF:4
FNH:4
FNDA:1,(anonymous_0)
FNDA:2,(anonymous_1)
FNDA:2,(anonymous_2)
FNDA:2,(anonymous_3)
DA:1,5
DA:5,1
DA:6,1
DA:8,1
DA:10,0
DA:11,0
DA:16,2
DA:17,2
DA:19,2
DA:20,1
DA:22,1
DA:23,1
DA:24,1
DA:26,1
DA:27,1
DA:32,2
DA:33,2
DA:35,2
DA:37,2
DA:38,1
DA:41,1
DA:43,1
DA:44,1
DA:49,2
DA:50,2
DA:51,2
DA:53,2
DA:54,1
DA:56,1
DA:58,1
DA:59,1
DA:64,5
LF:32
LH:30
BRDA:19,0,0,1
BRDA:19,0,1,1
BRDA:19,1,0,2
BRDA:19,1,1,1
BRDA:19,1,2,1
BRDA:19,1,3,1
BRDA:19,1,4,1
BRDA:37,2,0,1
BRDA:37,2,1,1
BRDA:53,3,0,1
BRDA:53,3,1,1
BRF:11
BRH:11
end_of_record
TN:
SF:controllers\users-controller.js
FN:8,(anonymous_0)
FN:43,(anonymous_1)
FN:82,(anonymous_2)
FN:98,(anonymous_3)
FN:126,(anonymous_4)
FN:161,(anonymous_5)
FN:177,(anonymous_6)
FNF:7
FNH:6
FNDA:22,(anonymous_0)
FNDA:21,(anonymous_1)
FNDA:1,(anonymous_2)
FNDA:0,(anonymous_3)
FNDA:2,(anonymous_4)
FNDA:1,(anonymous_5)
FNDA:2,(anonymous_6)
DA:1,5
DA:2,5
DA:3,5
DA:4,5
DA:5,5
DA:9,22
DA:10,22
DA:12,22
DA:13,1
DA:16,21
DA:18,21
DA:19,1
DA:22,20
DA:24,20
DA:25,1
DA:28,19
DA:30,19
DA:32,19
DA:38,3
DA:39,3
DA:44,21
DA:45,21
DA:47,21
DA:48,0
DA:51,21
DA:53,21
DA:54,1
DA:57,20
DA:58,1
DA:61,19
DA:62,0
DA:65,19
DA:71,19
DA:73,19
DA:77,2
DA:78,2
DA:83,1
DA:84,1
DA:86,1
DA:93,0
DA:94,0
DA:99,0
DA:100,0
DA:102,0
DA:103,0
DA:108,0
DA:110,0
DA:112,0
DA:118,0
DA:119,0
DA:121,0
DA:122,0
DA:127,2
DA:128,2
DA:130,2
DA:132,2
DA:133,1
DA:136,1
DA:138,1
DA:146,1
DA:161,1
DA:162,1
DA:163,1
DA:164,1
DA:167,0
DA:172,1
DA:173,1
DA:178,2
DA:179,2
DA:181,2
DA:182,2
DA:185,0
DA:187,0
DA:191,2
DA:196,5
LF:75
LH:57
BRDA:12,0,0,1
BRDA:12,0,1,21
BRDA:12,1,0,22
BRDA:12,1,1,22
BRDA:12,1,2,21
BRDA:12,1,3,21
BRDA:12,1,4,21
BRDA:18,2,0,1
BRDA:18,2,1,20
BRDA:24,3,0,1
BRDA:24,3,1,19
BRDA:47,4,0,0
BRDA:47,4,1,21
BRDA:47,5,0,21
BRDA:47,5,1,21
BRDA:53,6,0,1
BRDA:53,6,1,20
BRDA:57,7,0,1
BRDA:57,7,1,19
BRDA:61,8,0,0
BRDA:61,8,1,19
BRDA:132,9,0,1
BRDA:132,9,1,1
BRDA:162,10,0,1
BRDA:162,10,1,0
BRDA:181,11,0,2
BRDA:181,11,1,0
BRF:27
BRH:23
end_of_record
TN:
SF:helpers\bcrypt.js
FN:3,(anonymous_0)
FN:7,(anonymous_1)
FNF:2
FNH:2
FNDA:28,(anonymous_0)
FNDA:39,(anonymous_1)
DA:1,5
DA:3,5
DA:4,28
DA:7,5
DA:8,39
DA:11,5
LF:6
LH:6
BRF:0
BRH:0
end_of_record
TN:
SF:helpers\jwt.js
FN:4,(anonymous_0)
FN:8,(anonymous_1)
FNF:2
FNH:2
FNDA:19,(anonymous_0)
FNDA:57,(anonymous_1)
DA:1,5
DA:2,5
DA:4,5
DA:5,19
DA:8,5
DA:9,57
DA:12,5
LF:7
LH:7
BRF:0
BRH:0
end_of_record
TN:
SF:helpers\process-request.js
FN:1,(anonymous_0)
FN:4,(anonymous_1)
FNF:2
FNH:2
FNDA:3,(anonymous_0)
FNDA:3,(anonymous_1)
DA:1,5
DA:2,3
DA:4,3
DA:5,3
DA:8,3
DA:17,5
LF:6
LH:6
BRF:0
BRH:0
end_of_record
TN:
SF:middlewares\authentication.js
FN:4,(anonymous_0)
FNF:1
FNH:1
FNDA:57,(anonymous_0)
DA:1,5
DA:2,5
DA:4,5
DA:5,57
DA:6,57
DA:8,57
DA:9,0
DA:12,57
DA:14,44
DA:16,44
DA:17,0
DA:20,44
DA:26,44
DA:28,13
DA:32,5
LF:15
LH:13
BRDA:8,0,0,0
BRDA:8,0,1,57
BRDA:16,1,0,0
BRDA:16,1,1,44
BRF:4
BRH:2
end_of_record
TN:
SF:middlewares\error-handler.js
FN:1,(anonymous_0)
FNF:1
FNH:1
FNDA:37,(anonymous_0)
DA:1,5
DA:5,37
DA:7,1
DA:8,1
DA:9,1
DA:12,1
DA:13,1
DA:14,1
DA:17,1
DA:18,1
DA:19,1
DA:22,2
DA:23,2
DA:24,2
DA:28,13
DA:29,13
DA:30,13
DA:33,0
DA:34,0
DA:35,0
DA:38,1
DA:39,1
DA:40,1
DA:43,0
DA:44,0
DA:45,0
DA:48,1
DA:49,1
DA:50,1
DA:53,1
DA:54,1
DA:55,1
DA:58,1
DA:59,1
DA:60,1
DA:63,1
DA:64,1
DA:65,1
DA:68,0
DA:69,0
DA:70,0
DA:73,2
DA:74,2
DA:75,2
DA:78,12
DA:79,12
DA:80,12
DA:83,37
DA:88,5
LF:49
LH:40
BRDA:5,0,0,1
BRDA:5,0,1,1
BRDA:5,0,2,1
BRDA:5,0,3,2
BRDA:5,0,4,13
BRDA:5,0,5,13
BRDA:5,0,6,0
BRDA:5,0,7,1
BRDA:5,0,8,0
BRDA:5,0,9,1
BRDA:5,0,10,1
BRDA:5,0,11,1
BRDA:5,0,12,1
BRDA:5,0,13,0
BRDA:5,0,14,2
BRDA:5,0,15,12
BRF:16
BRH:13
end_of_record
TN:
SF:middlewares\multer.js
FNF:0
FNH:0
DA:1,5
DA:2,5
DA:4,5
DA:6,5
LF:4
LH:4
BRF:0
BRH:0
end_of_record
TN:
SF:middlewares\read-request-validation.js
FN:1,(anonymous_0)
FNF:1
FNH:1
FNDA:3,(anonymous_0)
DA:1,5
DA:2,3
DA:3,3
DA:4,1
DA:7,2
DA:8,1
DA:11,1
DA:13,2
DA:17,5
LF:9
LH:9
BRDA:3,0,0,1
BRDA:3,0,1,2
BRDA:7,1,0,1
BRDA:7,1,1,1
BRF:4
BRH:4
end_of_record
TN:
SF:models\collections-model.js
FN:5,(anonymous_0)
FN:18,(anonymous_1)
FN:29,(anonymous_2)
FN:39,(anonymous_3)
FN:60,(anonymous_4)
FN:75,(anonymous_5)
FNF:6
FNH:6
FNDA:1,(anonymous_0)
FNDA:1,(anonymous_1)
FNDA:2,(anonymous_2)
FNDA:4,(anonymous_3)
FNDA:1,(anonymous_4)
FNDA:1,(anonymous_5)
DA:1,5
DA:2,5
DA:6,1
DA:7,1
DA:8,1
DA:9,1
DA:15,1
DA:19,1
DA:20,1
DA:21,1
DA:26,1
DA:30,2
DA:31,2
DA:32,2
DA:36,1
DA:40,4
DA:41,4
DA:42,4
DA:53,1
DA:57,1
DA:61,1
DA:62,1
DA:64,1
DA:68,1
DA:72,1
DA:76,1
DA:77,1
DA:78,1
DA:84,1
DA:88,5
LF:30
LH:30
BRF:0
BRH:0
end_of_record
TN:
SF:models\histories-model.js
FN:5,(anonymous_0)
FN:20,(anonymous_1)
FN:33,(anonymous_2)
FN:56,(anonymous_3)
FN:66,(anonymous_4)
FN:88,(anonymous_5)
FN:104,(anonymous_6)
FNF:7
FNH:7
FNDA:1,(anonymous_0)
FNDA:2,(anonymous_1)
FNDA:3,(anonymous_2)
FNDA:2,(anonymous_3)
FNDA:1,(anonymous_4)
FNDA:2,(anonymous_5)
FNDA:1,(anonymous_6)
DA:1,5
DA:2,5
DA:6,1
DA:7,1
DA:8,1
DA:17,1
DA:21,2
DA:22,2
DA:24,2
DA:30,2
DA:34,3
DA:35,3
DA:36,3
DA:47,3
DA:53,3
DA:57,2
DA:58,2
DA:59,2
DA:63,2
DA:67,1
DA:68,1
DA:70,1
DA:74,1
DA:85,1
DA:89,2
DA:90,2
DA:92,2
DA:96,2
DA:100,2
DA:105,1
DA:106,1
DA:108,1
DA:124,5
LF:33
LH:33
BRF:0
BRH:0
end_of_record
TN:
SF:models\requests-model.js
FN:5,(anonymous_0)
FN:9,(anonymous_1)
FN:18,(anonymous_2)
FN:31,(anonymous_3)
FN:42,(anonymous_4)
FNF:5
FNH:5
FNDA:1,(anonymous_0)
FNDA:2,(anonymous_1)
FNDA:1,(anonymous_2)
FNDA:2,(anonymous_3)
FNDA:2,(anonymous_4)
DA:1,5
DA:2,5
DA:6,1
DA:7,1
DA:9,1
DA:10,2
DA:13,1
DA:15,1
DA:19,1
DA:20,1
DA:22,1
DA:28,1
DA:32,2
DA:33,2
DA:35,2
DA:39,2
DA:43,2
DA:44,2
DA:46,2
DA:50,2
DA:54,2
DA:58,5
LF:22
LH:22
BRF:0
BRH:0
end_of_record
TN:
SF:models\results-model.js
FN:5,(anonymous_0)
FN:12,(anonymous_1)
FN:33,(anonymous_2)
FN:42,(anonymous_3)
FN:54,(anonymous_4)
FNF:5
FNH:5
FNDA:1,(anonymous_0)
FNDA:1,(anonymous_1)
FNDA:2,(anonymous_2)
FNDA:2,(anonymous_3)
FNDA:1,(anonymous_4)
DA:1,5
DA:2,5
DA:6,1
DA:7,1
DA:8,1
DA:9,1
DA:20,1
DA:21,1
DA:22,1
DA:30,1
DA:34,2
DA:35,2
DA:36,2
DA:39,2
DA:43,2
DA:44,2
DA:45,2
DA:48,2
DA:51,2
DA:55,1
DA:56,1
DA:57,1
DA:63,1
DA:67,5
LF:24
LH:24
BRF:0
BRH:0
end_of_record
TN:
SF:models\users-model.js
FN:8,(anonymous_0)
FN:24,(anonymous_1)
FN:37,(anonymous_2)
FN:48,(anonymous_3)
FN:59,(anonymous_4)
FN:70,(anonymous_5)
FN:82,(anonymous_6)
FN:103,(anonymous_7)
FN:107,(anonymous_8)
FN:108,(anonymous_9)
FN:132,(anonymous_10)
FN:146,(anonymous_11)
FNF:12
FNH:10
FNDA:19,(anonymous_0)
FNDA:21,(anonymous_1)
FNDA:45,(anonymous_2)
FNDA:21,(anonymous_3)
FNDA:22,(anonymous_4)
FNDA:19,(anonymous_5)
FNDA:0,(anonymous_6)
FNDA:1,(anonymous_7)
FNDA:1,(anonymous_8)
FNDA:1,(anonymous_9)
FNDA:2,(anonymous_10)
FNDA:0,(anonymous_11)
DA:1,5
DA:2,5
DA:4,5
DA:5,5
DA:9,19
DA:10,19
DA:11,19
DA:13,19
DA:21,19
DA:25,21
DA:26,21
DA:27,21
DA:28,21
DA:30,21
DA:34,21
DA:38,45
DA:39,45
DA:41,45
DA:45,45
DA:49,21
DA:50,21
DA:52,21
DA:56,21
DA:60,22
DA:61,22
DA:63,22
DA:67,22
DA:71,19
DA:72,19
DA:73,19
DA:79,19
DA:83,0
DA:84,0
DA:85,0
DA:86,0
DA:87,0
DA:88,0
DA:89,0
DA:91,0
DA:100,0
DA:104,1
DA:105,1
DA:107,1
DA:108,1
DA:109,1
DA:110,0
DA:113,1
DA:117,1
DA:129,1
DA:133,2
DA:134,2
DA:136,2
DA:143,2
DA:147,0
DA:148,0
DA:150,0
DA:163,0
DA:167,5
LF:58
LH:44
BRDA:91,0,0,0
BRDA:91,0,1,0
BRDA:109,1,0,0
BRDA:109,1,1,1
BRF:4
BRH:1
end_of_record
TN:
SF:routes\collections-router.js
FNF:0
FNH:0
DA:1,5
DA:2,5
DA:3,5
DA:5,5
DA:7,5
DA:9,5
DA:11,5
DA:13,5
DA:15,5
LF:9
LH:9
BRF:0
BRH:0
end_of_record
TN:
SF:routes\histories-router.js
FNF:0
FNH:0
DA:1,5
DA:2,5
DA:3,5
DA:5,5
DA:7,5
DA:9,5
DA:14,5
DA:16,5
DA:18,5
LF:9
LH:9
BRF:0
BRH:0
end_of_record
TN:
SF:routes\index.js
FNF:0
FNH:0
DA:1,5
DA:2,5
DA:4,5
DA:5,5
DA:7,5
DA:8,5
DA:9,5
DA:10,5
DA:11,5
DA:12,5
DA:14,5
DA:15,5
DA:16,5
DA:17,5
DA:19,5
DA:21,5
DA:22,5
DA:23,5
DA:24,5
DA:25,5
DA:27,5
DA:29,5
LF:22
LH:22
BRF:0
BRH:0
end_of_record
TN:
SF:routes\requests-router.js
FNF:0
FNH:0
DA:1,5
DA:2,5
DA:3,5
DA:4,5
DA:5,5
DA:7,5
DA:9,5
DA:11,5
DA:13,5
DA:15,5
DA:22,5
LF:11
LH:11
BRF:0
BRH:0
end_of_record
TN:
SF:routes\results-router.js
FNF:0
FNH:0
DA:1,5
DA:2,5
DA:3,5
DA:5,5
DA:6,5
DA:7,5
DA:8,5
DA:10,5
LF:8
LH:8
BRF:0
BRH:0
end_of_record
TN:
SF:routes\users-router.js
FNF:0
FNH:0
DA:1,5
DA:2,5
DA:3,5
DA:5,5
DA:7,5
LF:5
LH:5
BRF:0
BRH:0
end_of_record
